0 info it worked if it ends with ok
1 verbose cli [ '/usr/bin/node', '/usr/bin/npm', 'install', '-g', 'web3-eth' ]
2 info using npm@3.5.2
3 info using node@v8.10.0
4 silly loadCurrentTree Starting
5 silly install loadCurrentTree
6 silly install readGlobalPackageData
7 silly fetchPackageMetaData web3-eth
8 silly fetchNamedPackageData web3-eth
9 silly mapToRegistry name web3-eth
10 silly mapToRegistry using default registry
11 silly mapToRegistry registry https://registry.npmjs.org/
12 silly mapToRegistry uri https://registry.npmjs.org/web3-eth
13 verbose get https://registry.npmjs.org/web3-eth not expired, no request
14 silly install normalizeTree
15 silly loadCurrentTree Finishing
16 silly loadIdealTree Starting
17 silly install loadIdealTree
18 silly cloneCurrentTree Starting
19 silly install cloneCurrentTreeToIdealTree
20 silly cloneCurrentTree Finishing
21 silly loadShrinkwrap Starting
22 silly install loadShrinkwrap
23 silly loadShrinkwrap Finishing
24 silly loadAllDepsIntoIdealTree Starting
25 silly install loadAllDepsIntoIdealTree
26 silly resolveWithNewModule web3-eth@1.0.0 checking installable status
27 silly cache add args [ 'web3-eth', null ]
28 verbose cache add spec web3-eth
29 silly cache add parsed spec Result {
29 silly cache add   raw: 'web3-eth',
29 silly cache add   scope: null,
29 silly cache add   name: 'web3-eth',
29 silly cache add   rawSpec: '',
29 silly cache add   spec: 'latest',
29 silly cache add   type: 'tag' }
30 silly addNamed web3-eth@latest
31 verbose addNamed "latest" is being treated as a dist-tag for web3-eth
32 info addNameTag [ 'web3-eth', 'latest' ]
33 silly mapToRegistry name web3-eth
34 silly mapToRegistry using default registry
35 silly mapToRegistry registry https://registry.npmjs.org/
36 silly mapToRegistry uri https://registry.npmjs.org/web3-eth
37 verbose addNameTag registry:https://registry.npmjs.org/web3-eth not in flight; fetching
38 verbose get https://registry.npmjs.org/web3-eth not expired, no request
39 silly addNameTag next cb for web3-eth with tag latest
40 silly addNamed web3-eth@1.0.0
41 verbose addNamed "1.0.0" is a plain semver version for web3-eth
42 silly cache afterAdd web3-eth@1.0.0
43 verbose afterAdd /home/ubuntu/.npm/web3-eth/1.0.0/package/package.json not in flight; writing
44 verbose afterAdd /home/ubuntu/.npm/web3-eth/1.0.0/package/package.json written
45 silly fetchNamedPackageData underscore
46 silly mapToRegistry name underscore
47 silly mapToRegistry using default registry
48 silly mapToRegistry registry https://registry.npmjs.org/
49 silly mapToRegistry uri https://registry.npmjs.org/underscore
50 silly fetchNamedPackageData web3-core
51 silly mapToRegistry name web3-core
52 silly mapToRegistry using default registry
53 silly mapToRegistry registry https://registry.npmjs.org/
54 silly mapToRegistry uri https://registry.npmjs.org/web3-core
55 silly fetchNamedPackageData web3-core-helpers
56 silly mapToRegistry name web3-core-helpers
57 silly mapToRegistry using default registry
58 silly mapToRegistry registry https://registry.npmjs.org/
59 silly mapToRegistry uri https://registry.npmjs.org/web3-core-helpers
60 silly fetchNamedPackageData web3-core-method
61 silly mapToRegistry name web3-core-method
62 silly mapToRegistry using default registry
63 silly mapToRegistry registry https://registry.npmjs.org/
64 silly mapToRegistry uri https://registry.npmjs.org/web3-core-method
65 silly fetchNamedPackageData web3-core-subscriptions
66 silly mapToRegistry name web3-core-subscriptions
67 silly mapToRegistry using default registry
68 silly mapToRegistry registry https://registry.npmjs.org/
69 silly mapToRegistry uri https://registry.npmjs.org/web3-core-subscriptions
70 silly fetchNamedPackageData web3-eth-abi
71 silly mapToRegistry name web3-eth-abi
72 silly mapToRegistry using default registry
73 silly mapToRegistry registry https://registry.npmjs.org/
74 silly mapToRegistry uri https://registry.npmjs.org/web3-eth-abi
75 silly fetchNamedPackageData web3-eth-accounts
76 silly mapToRegistry name web3-eth-accounts
77 silly mapToRegistry using default registry
78 silly mapToRegistry registry https://registry.npmjs.org/
79 silly mapToRegistry uri https://registry.npmjs.org/web3-eth-accounts
80 silly fetchNamedPackageData web3-eth-contract
81 silly mapToRegistry name web3-eth-contract
82 silly mapToRegistry using default registry
83 silly mapToRegistry registry https://registry.npmjs.org/
84 silly mapToRegistry uri https://registry.npmjs.org/web3-eth-contract
85 silly fetchNamedPackageData web3-eth-ens
86 silly mapToRegistry name web3-eth-ens
87 silly mapToRegistry using default registry
88 silly mapToRegistry registry https://registry.npmjs.org/
89 silly mapToRegistry uri https://registry.npmjs.org/web3-eth-ens
90 silly fetchNamedPackageData web3-eth-iban
91 silly mapToRegistry name web3-eth-iban
92 silly mapToRegistry using default registry
93 silly mapToRegistry registry https://registry.npmjs.org/
94 silly mapToRegistry uri https://registry.npmjs.org/web3-eth-iban
95 silly fetchNamedPackageData web3-eth-personal
96 silly mapToRegistry name web3-eth-personal
97 silly mapToRegistry using default registry
98 silly mapToRegistry registry https://registry.npmjs.org/
99 silly mapToRegistry uri https://registry.npmjs.org/web3-eth-personal
100 silly fetchNamedPackageData web3-net
101 silly mapToRegistry name web3-net
102 silly mapToRegistry using default registry
103 silly mapToRegistry registry https://registry.npmjs.org/
104 silly mapToRegistry uri https://registry.npmjs.org/web3-net
105 silly fetchNamedPackageData web3-utils
106 silly mapToRegistry name web3-utils
107 silly mapToRegistry using default registry
108 silly mapToRegistry registry https://registry.npmjs.org/
109 silly mapToRegistry uri https://registry.npmjs.org/web3-utils
110 verbose get https://registry.npmjs.org/underscore not expired, no request
111 silly resolveWithNewModule underscore@1.9.1 checking installable status
112 silly cache add args [ 'underscore@1.9.1', null ]
113 verbose cache add spec underscore@1.9.1
114 silly cache add parsed spec Result {
114 silly cache add   raw: 'underscore@1.9.1',
114 silly cache add   scope: null,
114 silly cache add   name: 'underscore',
114 silly cache add   rawSpec: '1.9.1',
114 silly cache add   spec: '1.9.1',
114 silly cache add   type: 'version' }
115 silly addNamed underscore@1.9.1
116 verbose addNamed "1.9.1" is a plain semver version for underscore
117 silly mapToRegistry name underscore
118 silly mapToRegistry using default registry
119 silly mapToRegistry registry https://registry.npmjs.org/
120 silly mapToRegistry uri https://registry.npmjs.org/underscore
121 verbose addNameVersion registry:https://registry.npmjs.org/underscore not in flight; fetching
122 verbose get https://registry.npmjs.org/web3-core not expired, no request
123 silly fetchPackageMetaData Error: No compatible version found: web3-core@1.0.0
123 silly fetchPackageMetaData Valid install targets:
123 silly fetchPackageMetaData 2.0.0-alpha, 1.1.0, 1.0.9, 1.0.0-beta.55, 1.0.0-beta.54, 1.0.0-beta.53, 1.0.0-beta.52, 1.0.0-beta.51, 1.0.0-beta.50, 1.0.0-beta.49, 1.0.0-beta.48, 1.0.0-beta.47, 1.0.0-beta.46, 1.0.0-beta.45, 1.0.0-beta.44, 1.0.0-beta.43, 1.0.0-beta.42, 1.0.0-beta.41, 1.0.0-beta.40, 1.0.0-beta.39, 1.0.0-beta.38, 1.0.0-beta.37, 1.0.0-beta.36, 1.0.0-beta.35, 1.0.0-beta.34, 1.0.0-beta.33, 1.0.0-beta.32, 1.0.0-beta.31, 1.0.0-beta.30, 1.0.0-beta.29, 1.0.0-beta.28, 1.0.0-beta.27, 1.0.0-beta.26, 1.0.0-beta.25, 1.0.0-beta.24, 1.0.0-beta.23, 1.0.0-beta.22, 1.0.0-beta.21, 1.0.0-beta.20, 1.0.0-beta.19, 1.0.0-beta.18, 1.0.0-beta.17, 1.0.0-beta.16, 1.0.0-beta.15, 1.0.0-beta.14, 1.0.0-beta.13, 1.0.0-beta.12, 1.0.0-beta.11, 1.0.0-beta.10, 1.0.0-beta.9, 1.0.0-beta.8
123 silly fetchPackageMetaData
123 silly fetchPackageMetaData     at pickVersionFromRegistryDocument (/usr/share/npm/lib/fetch-package-metadata.js:156:16)
123 silly fetchPackageMetaData     at /usr/share/npm/node_modules/iferr/index.js:13:50
123 silly fetchPackageMetaData     at /usr/share/npm/lib/utils/pulse-till-done.js:19:8
123 silly fetchPackageMetaData     at CachingRegistryClient.get_ (/usr/share/npm/lib/cache/caching-client.js:120:16)
123 silly fetchPackageMetaData     at /usr/share/npm/lib/cache/caching-client.js:87:14
123 silly fetchPackageMetaData     at /usr/share/npm/node_modules/graceful-fs/graceful-fs.js:76:16
123 silly fetchPackageMetaData     at FSReqWrap.readFileAfterClose [as oncomplete] (fs.js:511:3)
123 silly fetchPackageMetaData  error for web3-core@1.0.0 Error: No compatible version found: web3-core@1.0.0
123 silly fetchPackageMetaData Valid install targets:
123 silly fetchPackageMetaData 2.0.0-alpha, 1.1.0, 1.0.9, 1.0.0-beta.55, 1.0.0-beta.54, 1.0.0-beta.53, 1.0.0-beta.52, 1.0.0-beta.51, 1.0.0-beta.50, 1.0.0-beta.49, 1.0.0-beta.48, 1.0.0-beta.47, 1.0.0-beta.46, 1.0.0-beta.45, 1.0.0-beta.44, 1.0.0-beta.43, 1.0.0-beta.42, 1.0.0-beta.41, 1.0.0-beta.40, 1.0.0-beta.39, 1.0.0-beta.38, 1.0.0-beta.37, 1.0.0-beta.36, 1.0.0-beta.35, 1.0.0-beta.34, 1.0.0-beta.33, 1.0.0-beta.32, 1.0.0-beta.31, 1.0.0-beta.30, 1.0.0-beta.29, 1.0.0-beta.28, 1.0.0-beta.27, 1.0.0-beta.26, 1.0.0-beta.25, 1.0.0-beta.24, 1.0.0-beta.23, 1.0.0-beta.22, 1.0.0-beta.21, 1.0.0-beta.20, 1.0.0-beta.19, 1.0.0-beta.18, 1.0.0-beta.17, 1.0.0-beta.16, 1.0.0-beta.15, 1.0.0-beta.14, 1.0.0-beta.13, 1.0.0-beta.12, 1.0.0-beta.11, 1.0.0-beta.10, 1.0.0-beta.9, 1.0.0-beta.8
123 silly fetchPackageMetaData
123 silly fetchPackageMetaData     at pickVersionFromRegistryDocument (/usr/share/npm/lib/fetch-package-metadata.js:156:16)
123 silly fetchPackageMetaData     at /usr/share/npm/node_modules/iferr/index.js:13:50
123 silly fetchPackageMetaData     at /usr/share/npm/lib/utils/pulse-till-done.js:19:8
123 silly fetchPackageMetaData     at CachingRegistryClient.get_ (/usr/share/npm/lib/cache/caching-client.js:120:16)
123 silly fetchPackageMetaData     at /usr/share/npm/lib/cache/caching-client.js:87:14
123 silly fetchPackageMetaData     at /usr/share/npm/node_modules/graceful-fs/graceful-fs.js:76:16
123 silly fetchPackageMetaData     at FSReqWrap.readFileAfterClose [as oncomplete] (fs.js:511:3)
124 verbose get https://registry.npmjs.org/web3-core-method not expired, no request
125 silly resolveWithNewModule web3-core-method@1.0.0 checking installable status
126 silly cache add args [ 'web3-core-method@1.0.0', null ]
127 verbose cache add spec web3-core-method@1.0.0
128 silly cache add parsed spec Result {
128 silly cache add   raw: 'web3-core-method@1.0.0',
128 silly cache add   scope: null,
128 silly cache add   name: 'web3-core-method',
128 silly cache add   rawSpec: '1.0.0',
128 silly cache add   spec: '1.0.0',
128 silly cache add   type: 'version' }
129 silly addNamed web3-core-method@1.0.0
130 verbose addNamed "1.0.0" is a plain semver version for web3-core-method
131 silly mapToRegistry name web3-core-method
132 silly mapToRegistry using default registry
133 silly mapToRegistry registry https://registry.npmjs.org/
134 silly mapToRegistry uri https://registry.npmjs.org/web3-core-method
135 verbose addNameVersion registry:https://registry.npmjs.org/web3-core-method not in flight; fetching
136 verbose get https://registry.npmjs.org/web3-eth-abi not expired, no request
137 silly resolveWithNewModule web3-eth-abi@1.0.0 checking installable status
138 silly cache add args [ 'web3-eth-abi@1.0.0', null ]
139 verbose cache add spec web3-eth-abi@1.0.0
140 silly cache add parsed spec Result {
140 silly cache add   raw: 'web3-eth-abi@1.0.0',
140 silly cache add   scope: null,
140 silly cache add   name: 'web3-eth-abi',
140 silly cache add   rawSpec: '1.0.0',
140 silly cache add   spec: '1.0.0',
140 silly cache add   type: 'version' }
141 silly addNamed web3-eth-abi@1.0.0
142 verbose addNamed "1.0.0" is a plain semver version for web3-eth-abi
143 silly mapToRegistry name web3-eth-abi
144 silly mapToRegistry using default registry
145 silly mapToRegistry registry https://registry.npmjs.org/
146 silly mapToRegistry uri https://registry.npmjs.org/web3-eth-abi
147 verbose addNameVersion registry:https://registry.npmjs.org/web3-eth-abi not in flight; fetching
148 verbose get https://registry.npmjs.org/web3-core-helpers not expired, no request
149 silly resolveWithNewModule web3-core-helpers@1.0.0 checking installable status
150 silly cache add args [ 'web3-core-helpers@1.0.0', null ]
151 verbose cache add spec web3-core-helpers@1.0.0
152 silly cache add parsed spec Result {
152 silly cache add   raw: 'web3-core-helpers@1.0.0',
152 silly cache add   scope: null,
152 silly cache add   name: 'web3-core-helpers',
152 silly cache add   rawSpec: '1.0.0',
152 silly cache add   spec: '1.0.0',
152 silly cache add   type: 'version' }
153 silly addNamed web3-core-helpers@1.0.0
154 verbose addNamed "1.0.0" is a plain semver version for web3-core-helpers
155 silly mapToRegistry name web3-core-helpers
156 silly mapToRegistry using default registry
157 silly mapToRegistry registry https://registry.npmjs.org/
158 silly mapToRegistry uri https://registry.npmjs.org/web3-core-helpers
159 verbose addNameVersion registry:https://registry.npmjs.org/web3-core-helpers not in flight; fetching
160 verbose get https://registry.npmjs.org/web3-core-subscriptions not expired, no request
161 silly resolveWithNewModule web3-core-subscriptions@1.0.0 checking installable status
162 silly cache add args [ 'web3-core-subscriptions@1.0.0', null ]
163 verbose cache add spec web3-core-subscriptions@1.0.0
164 silly cache add parsed spec Result {
164 silly cache add   raw: 'web3-core-subscriptions@1.0.0',
164 silly cache add   scope: null,
164 silly cache add   name: 'web3-core-subscriptions',
164 silly cache add   rawSpec: '1.0.0',
164 silly cache add   spec: '1.0.0',
164 silly cache add   type: 'version' }
165 silly addNamed web3-core-subscriptions@1.0.0
166 verbose addNamed "1.0.0" is a plain semver version for web3-core-subscriptions
167 silly mapToRegistry name web3-core-subscriptions
168 silly mapToRegistry using default registry
169 silly mapToRegistry registry https://registry.npmjs.org/
170 silly mapToRegistry uri https://registry.npmjs.org/web3-core-subscriptions
171 verbose addNameVersion registry:https://registry.npmjs.org/web3-core-subscriptions not in flight; fetching
172 verbose get https://registry.npmjs.org/web3-eth-ens not expired, no request
173 silly resolveWithNewModule web3-eth-ens@1.0.0 checking installable status
174 silly cache add args [ 'web3-eth-ens@1.0.0', null ]
175 verbose cache add spec web3-eth-ens@1.0.0
176 silly cache add parsed spec Result {
176 silly cache add   raw: 'web3-eth-ens@1.0.0',
176 silly cache add   scope: null,
176 silly cache add   name: 'web3-eth-ens',
176 silly cache add   rawSpec: '1.0.0',
176 silly cache add   spec: '1.0.0',
176 silly cache add   type: 'version' }
177 silly addNamed web3-eth-ens@1.0.0
178 verbose addNamed "1.0.0" is a plain semver version for web3-eth-ens
179 silly mapToRegistry name web3-eth-ens
180 silly mapToRegistry using default registry
181 silly mapToRegistry registry https://registry.npmjs.org/
182 silly mapToRegistry uri https://registry.npmjs.org/web3-eth-ens
183 verbose addNameVersion registry:https://registry.npmjs.org/web3-eth-ens not in flight; fetching
184 verbose get https://registry.npmjs.org/web3-eth-contract not expired, no request
185 silly resolveWithNewModule web3-eth-contract@1.0.0 checking installable status
186 silly cache add args [ 'web3-eth-contract@1.0.0', null ]
187 verbose cache add spec web3-eth-contract@1.0.0
188 silly cache add parsed spec Result {
188 silly cache add   raw: 'web3-eth-contract@1.0.0',
188 silly cache add   scope: null,
188 silly cache add   name: 'web3-eth-contract',
188 silly cache add   rawSpec: '1.0.0',
188 silly cache add   spec: '1.0.0',
188 silly cache add   type: 'version' }
189 silly addNamed web3-eth-contract@1.0.0
190 verbose addNamed "1.0.0" is a plain semver version for web3-eth-contract
191 silly mapToRegistry name web3-eth-contract
192 silly mapToRegistry using default registry
193 silly mapToRegistry registry https://registry.npmjs.org/
194 silly mapToRegistry uri https://registry.npmjs.org/web3-eth-contract
195 verbose addNameVersion registry:https://registry.npmjs.org/web3-eth-contract not in flight; fetching
196 verbose get https://registry.npmjs.org/web3-eth-iban not expired, no request
197 silly resolveWithNewModule web3-eth-iban@1.0.0 checking installable status
198 silly cache add args [ 'web3-eth-iban@1.0.0', null ]
199 verbose cache add spec web3-eth-iban@1.0.0
200 silly cache add parsed spec Result {
200 silly cache add   raw: 'web3-eth-iban@1.0.0',
200 silly cache add   scope: null,
200 silly cache add   name: 'web3-eth-iban',
200 silly cache add   rawSpec: '1.0.0',
200 silly cache add   spec: '1.0.0',
200 silly cache add   type: 'version' }
201 silly addNamed web3-eth-iban@1.0.0
202 verbose addNamed "1.0.0" is a plain semver version for web3-eth-iban
203 silly mapToRegistry name web3-eth-iban
204 silly mapToRegistry using default registry
205 silly mapToRegistry registry https://registry.npmjs.org/
206 silly mapToRegistry uri https://registry.npmjs.org/web3-eth-iban
207 verbose addNameVersion registry:https://registry.npmjs.org/web3-eth-iban not in flight; fetching
208 verbose get https://registry.npmjs.org/web3-net not expired, no request
209 silly resolveWithNewModule web3-net@1.0.0 checking installable status
210 silly cache add args [ 'web3-net@1.0.0', null ]
211 verbose cache add spec web3-net@1.0.0
212 silly cache add parsed spec Result {
212 silly cache add   raw: 'web3-net@1.0.0',
212 silly cache add   scope: null,
212 silly cache add   name: 'web3-net',
212 silly cache add   rawSpec: '1.0.0',
212 silly cache add   spec: '1.0.0',
212 silly cache add   type: 'version' }
213 silly addNamed web3-net@1.0.0
214 verbose addNamed "1.0.0" is a plain semver version for web3-net
215 silly mapToRegistry name web3-net
216 silly mapToRegistry using default registry
217 silly mapToRegistry registry https://registry.npmjs.org/
218 silly mapToRegistry uri https://registry.npmjs.org/web3-net
219 verbose addNameVersion registry:https://registry.npmjs.org/web3-net not in flight; fetching
220 verbose get https://registry.npmjs.org/web3-utils not expired, no request
221 silly resolveWithNewModule web3-utils@1.0.0 checking installable status
222 silly cache add args [ 'web3-utils@1.0.0', null ]
223 verbose cache add spec web3-utils@1.0.0
224 silly cache add parsed spec Result {
224 silly cache add   raw: 'web3-utils@1.0.0',
224 silly cache add   scope: null,
224 silly cache add   name: 'web3-utils',
224 silly cache add   rawSpec: '1.0.0',
224 silly cache add   spec: '1.0.0',
224 silly cache add   type: 'version' }
225 silly addNamed web3-utils@1.0.0
226 verbose addNamed "1.0.0" is a plain semver version for web3-utils
227 silly mapToRegistry name web3-utils
228 silly mapToRegistry using default registry
229 silly mapToRegistry registry https://registry.npmjs.org/
230 silly mapToRegistry uri https://registry.npmjs.org/web3-utils
231 verbose addNameVersion registry:https://registry.npmjs.org/web3-utils not in flight; fetching
232 verbose get https://registry.npmjs.org/web3-eth-personal not expired, no request
233 silly resolveWithNewModule web3-eth-personal@1.0.0 checking installable status
234 silly cache add args [ 'web3-eth-personal@1.0.0', null ]
235 verbose cache add spec web3-eth-personal@1.0.0
236 silly cache add parsed spec Result {
236 silly cache add   raw: 'web3-eth-personal@1.0.0',
236 silly cache add   scope: null,
236 silly cache add   name: 'web3-eth-personal',
236 silly cache add   rawSpec: '1.0.0',
236 silly cache add   spec: '1.0.0',
236 silly cache add   type: 'version' }
237 silly addNamed web3-eth-personal@1.0.0
238 verbose addNamed "1.0.0" is a plain semver version for web3-eth-personal
239 silly mapToRegistry name web3-eth-personal
240 silly mapToRegistry using default registry
241 silly mapToRegistry registry https://registry.npmjs.org/
242 silly mapToRegistry uri https://registry.npmjs.org/web3-eth-personal
243 verbose addNameVersion registry:https://registry.npmjs.org/web3-eth-personal not in flight; fetching
244 verbose get https://registry.npmjs.org/web3-eth-accounts not expired, no request
245 silly resolveWithNewModule web3-eth-accounts@1.0.0 checking installable status
246 silly cache add args [ 'web3-eth-accounts@1.0.0', null ]
247 verbose cache add spec web3-eth-accounts@1.0.0
248 silly cache add parsed spec Result {
248 silly cache add   raw: 'web3-eth-accounts@1.0.0',
248 silly cache add   scope: null,
248 silly cache add   name: 'web3-eth-accounts',
248 silly cache add   rawSpec: '1.0.0',
248 silly cache add   spec: '1.0.0',
248 silly cache add   type: 'version' }
249 silly addNamed web3-eth-accounts@1.0.0
250 verbose addNamed "1.0.0" is a plain semver version for web3-eth-accounts
251 silly mapToRegistry name web3-eth-accounts
252 silly mapToRegistry using default registry
253 silly mapToRegistry registry https://registry.npmjs.org/
254 silly mapToRegistry uri https://registry.npmjs.org/web3-eth-accounts
255 verbose addNameVersion registry:https://registry.npmjs.org/web3-eth-accounts not in flight; fetching
256 verbose get https://registry.npmjs.org/underscore not expired, no request
257 verbose get https://registry.npmjs.org/web3-core-method not expired, no request
258 verbose get https://registry.npmjs.org/web3-eth-abi not expired, no request
259 verbose get https://registry.npmjs.org/web3-core-helpers not expired, no request
260 verbose get https://registry.npmjs.org/web3-core-subscriptions not expired, no request
261 verbose get https://registry.npmjs.org/web3-eth-ens not expired, no request
262 verbose get https://registry.npmjs.org/web3-net not expired, no request
263 verbose get https://registry.npmjs.org/web3-eth-contract not expired, no request
264 silly mapToRegistry name web3-core-method
265 silly mapToRegistry using default registry
266 silly mapToRegistry registry https://registry.npmjs.org/
267 silly mapToRegistry uri https://registry.npmjs.org/web3-core-method
268 verbose addRemoteTarball https://registry.npmjs.org/web3-core-method/-/web3-core-method-1.0.0.tgz not in flight; adding
269 verbose addRemoteTarball [ 'https://registry.npmjs.org/web3-core-method/-/web3-core-method-1.0.0.tgz',
269 verbose addRemoteTarball   '502137eaf4be4a84fb224a3052b13823a8741d7f' ]
270 verbose get https://registry.npmjs.org/web3-eth-iban not expired, no request
271 silly mapToRegistry name web3-core-helpers
272 silly mapToRegistry using default registry
273 silly mapToRegistry registry https://registry.npmjs.org/
274 silly mapToRegistry uri https://registry.npmjs.org/web3-core-helpers
275 verbose addRemoteTarball https://registry.npmjs.org/web3-core-helpers/-/web3-core-helpers-1.0.0.tgz not in flight; adding
276 verbose addRemoteTarball [ 'https://registry.npmjs.org/web3-core-helpers/-/web3-core-helpers-1.0.0.tgz',
276 verbose addRemoteTarball   '18a0c0f7541791bc47c3b7908ecbc040f6af3982' ]
277 silly mapToRegistry name web3-core-subscriptions
278 silly mapToRegistry using default registry
279 silly mapToRegistry registry https://registry.npmjs.org/
280 silly mapToRegistry uri https://registry.npmjs.org/web3-core-subscriptions
281 verbose addRemoteTarball https://registry.npmjs.org/web3-core-subscriptions/-/web3-core-subscriptions-1.0.0.tgz not in flight; adding
282 verbose addRemoteTarball [ 'https://registry.npmjs.org/web3-core-subscriptions/-/web3-core-subscriptions-1.0.0.tgz',
282 verbose addRemoteTarball   '72e816ea69a582fe7a0e8e8ff9279cf5b16b275c' ]
283 silly mapToRegistry name web3-eth-ens
284 silly mapToRegistry using default registry
285 silly mapToRegistry registry https://registry.npmjs.org/
286 silly mapToRegistry uri https://registry.npmjs.org/web3-eth-ens
287 verbose addRemoteTarball https://registry.npmjs.org/web3-eth-ens/-/web3-eth-ens-1.0.0.tgz not in flight; adding
288 verbose addRemoteTarball [ 'https://registry.npmjs.org/web3-eth-ens/-/web3-eth-ens-1.0.0.tgz',
288 verbose addRemoteTarball   'f17bd58705613601f095a3a19374c1c9108e9177' ]
289 silly mapToRegistry name web3-net
290 silly mapToRegistry using default registry
291 silly mapToRegistry registry https://registry.npmjs.org/
292 silly mapToRegistry uri https://registry.npmjs.org/web3-net
293 verbose addRemoteTarball https://registry.npmjs.org/web3-net/-/web3-net-1.0.0.tgz not in flight; adding
294 verbose addRemoteTarball [ 'https://registry.npmjs.org/web3-net/-/web3-net-1.0.0.tgz',
294 verbose addRemoteTarball   '3f76c3ae4f33024625e9e9e0d7983c3fc66a9704' ]
295 silly mapToRegistry name web3-eth-contract
296 silly mapToRegistry using default registry
297 silly mapToRegistry registry https://registry.npmjs.org/
298 silly mapToRegistry uri https://registry.npmjs.org/web3-eth-contract
299 verbose addRemoteTarball https://registry.npmjs.org/web3-eth-contract/-/web3-eth-contract-1.0.0.tgz not in flight; adding
300 verbose addRemoteTarball [ 'https://registry.npmjs.org/web3-eth-contract/-/web3-eth-contract-1.0.0.tgz',
300 verbose addRemoteTarball   'bcaff343a741ffd8f8e70b1182bb1a626ef5233b' ]
301 verbose get https://registry.npmjs.org/web3-utils not expired, no request
302 verbose get https://registry.npmjs.org/web3-eth-personal not expired, no request
303 verbose get https://registry.npmjs.org/web3-eth-accounts not expired, no request
304 silly mapToRegistry name web3-eth-iban
305 silly mapToRegistry using default registry
306 silly mapToRegistry registry https://registry.npmjs.org/
307 silly mapToRegistry uri https://registry.npmjs.org/web3-eth-iban
308 verbose addRemoteTarball https://registry.npmjs.org/web3-eth-iban/-/web3-eth-iban-1.0.0.tgz not in flight; adding
309 verbose addRemoteTarball [ 'https://registry.npmjs.org/web3-eth-iban/-/web3-eth-iban-1.0.0.tgz',
309 verbose addRemoteTarball   '2fb7da4c25302f977964228d147a3c440f0a6a8f' ]
310 silly mapToRegistry name web3-utils
311 silly mapToRegistry using default registry
312 silly mapToRegistry registry https://registry.npmjs.org/
313 silly mapToRegistry uri https://registry.npmjs.org/web3-utils
314 verbose addRemoteTarball https://registry.npmjs.org/web3-utils/-/web3-utils-1.0.0.tgz not in flight; adding
315 verbose addRemoteTarball [ 'https://registry.npmjs.org/web3-utils/-/web3-utils-1.0.0.tgz',
315 verbose addRemoteTarball   'b45b92ad3daff03f6b991e752e0d38a98595c636' ]
316 silly mapToRegistry name web3-eth-personal
317 silly mapToRegistry using default registry
318 silly mapToRegistry registry https://registry.npmjs.org/
319 silly mapToRegistry uri https://registry.npmjs.org/web3-eth-personal
320 verbose addRemoteTarball https://registry.npmjs.org/web3-eth-personal/-/web3-eth-personal-1.0.0.tgz not in flight; adding
321 verbose addRemoteTarball [ 'https://registry.npmjs.org/web3-eth-personal/-/web3-eth-personal-1.0.0.tgz',
321 verbose addRemoteTarball   'db9e4aa1304086c461fa5b46e0b608f5ed40319b' ]
322 silly mapToRegistry name web3-eth-accounts
323 silly mapToRegistry using default registry
324 silly mapToRegistry registry https://registry.npmjs.org/
325 silly mapToRegistry uri https://registry.npmjs.org/web3-eth-accounts
326 verbose addRemoteTarball https://registry.npmjs.org/web3-eth-accounts/-/web3-eth-accounts-1.0.0.tgz not in flight; adding
327 verbose addRemoteTarball [ 'https://registry.npmjs.org/web3-eth-accounts/-/web3-eth-accounts-1.0.0.tgz',
327 verbose addRemoteTarball   'cb9a0b7306f6bdec6ab2eab3442fb53d2f0f2bcd' ]
328 silly cache afterAdd underscore@1.9.1
329 verbose afterAdd /home/ubuntu/.npm/underscore/1.9.1/package/package.json not in flight; writing
330 silly cache afterAdd web3-eth-abi@1.0.0
331 verbose afterAdd /home/ubuntu/.npm/web3-eth-abi/1.0.0/package/package.json not in flight; writing
332 info retry fetch attempt 1 at 2:21:34 PM
333 info attempt registry request try #1 at 2:21:34 PM
334 http fetch GET https://registry.npmjs.org/web3-eth-iban/-/web3-eth-iban-1.0.0.tgz
335 verbose request id 913b2516cc820be5
336 info retry fetch attempt 1 at 2:21:34 PM
337 info attempt registry request try #1 at 2:21:34 PM
338 http fetch GET https://registry.npmjs.org/web3-utils/-/web3-utils-1.0.0.tgz
339 info retry fetch attempt 1 at 2:21:34 PM
340 info attempt registry request try #1 at 2:21:34 PM
341 http fetch GET https://registry.npmjs.org/web3-eth-personal/-/web3-eth-personal-1.0.0.tgz
342 info retry fetch attempt 1 at 2:21:34 PM
343 info attempt registry request try #1 at 2:21:34 PM
344 http fetch GET https://registry.npmjs.org/web3-eth-accounts/-/web3-eth-accounts-1.0.0.tgz
345 info retry fetch attempt 1 at 2:21:34 PM
346 info attempt registry request try #1 at 2:21:34 PM
347 http fetch GET https://registry.npmjs.org/web3-core-method/-/web3-core-method-1.0.0.tgz
348 info retry fetch attempt 1 at 2:21:34 PM
349 info attempt registry request try #1 at 2:21:34 PM
350 http fetch GET https://registry.npmjs.org/web3-core-subscriptions/-/web3-core-subscriptions-1.0.0.tgz
351 info retry fetch attempt 1 at 2:21:34 PM
352 info attempt registry request try #1 at 2:21:34 PM
353 http fetch GET https://registry.npmjs.org/web3-core-helpers/-/web3-core-helpers-1.0.0.tgz
354 info retry fetch attempt 1 at 2:21:34 PM
355 info attempt registry request try #1 at 2:21:34 PM
356 http fetch GET https://registry.npmjs.org/web3-eth-ens/-/web3-eth-ens-1.0.0.tgz
357 info retry fetch attempt 1 at 2:21:34 PM
358 info attempt registry request try #1 at 2:21:34 PM
359 http fetch GET https://registry.npmjs.org/web3-net/-/web3-net-1.0.0.tgz
360 info retry fetch attempt 1 at 2:21:34 PM
361 info attempt registry request try #1 at 2:21:34 PM
362 http fetch GET https://registry.npmjs.org/web3-eth-contract/-/web3-eth-contract-1.0.0.tgz
363 verbose afterAdd /home/ubuntu/.npm/underscore/1.9.1/package/package.json written
364 verbose afterAdd /home/ubuntu/.npm/web3-eth-abi/1.0.0/package/package.json written
365 http fetch 200 https://registry.npmjs.org/web3-eth-contract/-/web3-eth-contract-1.0.0.tgz
366 silly fetchAndShaCheck shasum bcaff343a741ffd8f8e70b1182bb1a626ef5233b
367 verbose addTmpTarball /tmp/npm-15965-af3f5629/registry.npmjs.org/web3-eth-contract/-/web3-eth-contract-1.0.0.tgz not in flight; adding
368 verbose addTmpTarball already have metadata; skipping unpack for web3-eth-contract@1.0.0
369 silly cache afterAdd web3-eth-contract@1.0.0
370 verbose afterAdd /home/ubuntu/.npm/web3-eth-contract/1.0.0/package/package.json not in flight; writing
371 verbose afterAdd /home/ubuntu/.npm/web3-eth-contract/1.0.0/package/package.json written
372 http fetch 200 https://registry.npmjs.org/web3-utils/-/web3-utils-1.0.0.tgz
373 silly fetchAndShaCheck shasum b45b92ad3daff03f6b991e752e0d38a98595c636
374 verbose addTmpTarball /tmp/npm-15965-af3f5629/registry.npmjs.org/web3-utils/-/web3-utils-1.0.0.tgz not in flight; adding
375 verbose addTmpTarball already have metadata; skipping unpack for web3-utils@1.0.0
376 silly cache afterAdd web3-utils@1.0.0
377 verbose afterAdd /home/ubuntu/.npm/web3-utils/1.0.0/package/package.json not in flight; writing
378 verbose afterAdd /home/ubuntu/.npm/web3-utils/1.0.0/package/package.json written
379 http fetch 200 https://registry.npmjs.org/web3-core-helpers/-/web3-core-helpers-1.0.0.tgz
380 silly fetchAndShaCheck shasum 18a0c0f7541791bc47c3b7908ecbc040f6af3982
381 verbose addTmpTarball /tmp/npm-15965-af3f5629/registry.npmjs.org/web3-core-helpers/-/web3-core-helpers-1.0.0.tgz not in flight; adding
382 verbose addTmpTarball already have metadata; skipping unpack for web3-core-helpers@1.0.0
383 silly cache afterAdd web3-core-helpers@1.0.0
384 verbose afterAdd /home/ubuntu/.npm/web3-core-helpers/1.0.0/package/package.json not in flight; writing
385 verbose afterAdd /home/ubuntu/.npm/web3-core-helpers/1.0.0/package/package.json written
386 http fetch 200 https://registry.npmjs.org/web3-core-subscriptions/-/web3-core-subscriptions-1.0.0.tgz
387 silly fetchAndShaCheck shasum 72e816ea69a582fe7a0e8e8ff9279cf5b16b275c
388 verbose addTmpTarball /tmp/npm-15965-af3f5629/registry.npmjs.org/web3-core-subscriptions/-/web3-core-subscriptions-1.0.0.tgz not in flight; adding
389 verbose addTmpTarball already have metadata; skipping unpack for web3-core-subscriptions@1.0.0
390 silly cache afterAdd web3-core-subscriptions@1.0.0
391 verbose afterAdd /home/ubuntu/.npm/web3-core-subscriptions/1.0.0/package/package.json not in flight; writing
392 verbose afterAdd /home/ubuntu/.npm/web3-core-subscriptions/1.0.0/package/package.json written
393 http fetch 200 https://registry.npmjs.org/web3-net/-/web3-net-1.0.0.tgz
394 silly fetchAndShaCheck shasum 3f76c3ae4f33024625e9e9e0d7983c3fc66a9704
395 http fetch 200 https://registry.npmjs.org/web3-core-method/-/web3-core-method-1.0.0.tgz
396 verbose addTmpTarball /tmp/npm-15965-af3f5629/registry.npmjs.org/web3-net/-/web3-net-1.0.0.tgz not in flight; adding
397 verbose addTmpTarball already have metadata; skipping unpack for web3-net@1.0.0
398 silly fetchAndShaCheck shasum 502137eaf4be4a84fb224a3052b13823a8741d7f
399 verbose addTmpTarball /tmp/npm-15965-af3f5629/registry.npmjs.org/web3-core-method/-/web3-core-method-1.0.0.tgz not in flight; adding
400 verbose addTmpTarball already have metadata; skipping unpack for web3-core-method@1.0.0
401 http fetch 200 https://registry.npmjs.org/web3-eth-personal/-/web3-eth-personal-1.0.0.tgz
402 silly fetchAndShaCheck shasum db9e4aa1304086c461fa5b46e0b608f5ed40319b
403 verbose addTmpTarball /tmp/npm-15965-af3f5629/registry.npmjs.org/web3-eth-personal/-/web3-eth-personal-1.0.0.tgz not in flight; adding
404 verbose addTmpTarball already have metadata; skipping unpack for web3-eth-personal@1.0.0
405 http fetch 200 https://registry.npmjs.org/web3-eth-ens/-/web3-eth-ens-1.0.0.tgz
406 silly fetchAndShaCheck shasum f17bd58705613601f095a3a19374c1c9108e9177
407 silly cache afterAdd web3-net@1.0.0
408 verbose afterAdd /home/ubuntu/.npm/web3-net/1.0.0/package/package.json not in flight; writing
409 verbose addTmpTarball /tmp/npm-15965-af3f5629/registry.npmjs.org/web3-eth-ens/-/web3-eth-ens-1.0.0.tgz not in flight; adding
410 verbose addTmpTarball already have metadata; skipping unpack for web3-eth-ens@1.0.0
411 verbose afterAdd /home/ubuntu/.npm/web3-net/1.0.0/package/package.json written
412 silly cache afterAdd web3-core-method@1.0.0
413 verbose afterAdd /home/ubuntu/.npm/web3-core-method/1.0.0/package/package.json not in flight; writing
414 verbose afterAdd /home/ubuntu/.npm/web3-core-method/1.0.0/package/package.json written
415 silly cache afterAdd web3-eth-personal@1.0.0
416 verbose afterAdd /home/ubuntu/.npm/web3-eth-personal/1.0.0/package/package.json not in flight; writing
417 verbose afterAdd /home/ubuntu/.npm/web3-eth-personal/1.0.0/package/package.json written
418 silly cache afterAdd web3-eth-ens@1.0.0
419 verbose afterAdd /home/ubuntu/.npm/web3-eth-ens/1.0.0/package/package.json not in flight; writing
420 verbose afterAdd /home/ubuntu/.npm/web3-eth-ens/1.0.0/package/package.json written
421 http fetch 200 https://registry.npmjs.org/web3-eth-accounts/-/web3-eth-accounts-1.0.0.tgz
422 silly fetchAndShaCheck shasum cb9a0b7306f6bdec6ab2eab3442fb53d2f0f2bcd
423 verbose addTmpTarball /tmp/npm-15965-af3f5629/registry.npmjs.org/web3-eth-accounts/-/web3-eth-accounts-1.0.0.tgz not in flight; adding
424 verbose addTmpTarball already have metadata; skipping unpack for web3-eth-accounts@1.0.0
425 silly cache afterAdd web3-eth-accounts@1.0.0
426 verbose afterAdd /home/ubuntu/.npm/web3-eth-accounts/1.0.0/package/package.json not in flight; writing
427 verbose afterAdd /home/ubuntu/.npm/web3-eth-accounts/1.0.0/package/package.json written
428 http fetch 200 https://registry.npmjs.org/web3-eth-iban/-/web3-eth-iban-1.0.0.tgz
429 silly fetchAndShaCheck shasum 2fb7da4c25302f977964228d147a3c440f0a6a8f
430 verbose addTmpTarball /tmp/npm-15965-af3f5629/registry.npmjs.org/web3-eth-iban/-/web3-eth-iban-1.0.0.tgz not in flight; adding
431 verbose addTmpTarball already have metadata; skipping unpack for web3-eth-iban@1.0.0
432 silly cache afterAdd web3-eth-iban@1.0.0
433 verbose afterAdd /home/ubuntu/.npm/web3-eth-iban/1.0.0/package/package.json not in flight; writing
434 verbose afterAdd /home/ubuntu/.npm/web3-eth-iban/1.0.0/package/package.json written
435 silly rollbackFailedOptional Starting
436 silly rollbackFailedOptional Finishing
437 silly runTopLevelLifecycles Starting
438 silly runTopLevelLifecycles Finishing
439 silly install printInstalled
440 verbose stack Error: No compatible version found: web3-core@1.0.0
440 verbose stack Valid install targets:
440 verbose stack 2.0.0-alpha, 1.1.0, 1.0.9, 1.0.0-beta.55, 1.0.0-beta.54, 1.0.0-beta.53, 1.0.0-beta.52, 1.0.0-beta.51, 1.0.0-beta.50, 1.0.0-beta.49, 1.0.0-beta.48, 1.0.0-beta.47, 1.0.0-beta.46, 1.0.0-beta.45, 1.0.0-beta.44, 1.0.0-beta.43, 1.0.0-beta.42, 1.0.0-beta.41, 1.0.0-beta.40, 1.0.0-beta.39, 1.0.0-beta.38, 1.0.0-beta.37, 1.0.0-beta.36, 1.0.0-beta.35, 1.0.0-beta.34, 1.0.0-beta.33, 1.0.0-beta.32, 1.0.0-beta.31, 1.0.0-beta.30, 1.0.0-beta.29, 1.0.0-beta.28, 1.0.0-beta.27, 1.0.0-beta.26, 1.0.0-beta.25, 1.0.0-beta.24, 1.0.0-beta.23, 1.0.0-beta.22, 1.0.0-beta.21, 1.0.0-beta.20, 1.0.0-beta.19, 1.0.0-beta.18, 1.0.0-beta.17, 1.0.0-beta.16, 1.0.0-beta.15, 1.0.0-beta.14, 1.0.0-beta.13, 1.0.0-beta.12, 1.0.0-beta.11, 1.0.0-beta.10, 1.0.0-beta.9, 1.0.0-beta.8
440 verbose stack
440 verbose stack     at pickVersionFromRegistryDocument (/usr/share/npm/lib/fetch-package-metadata.js:156:16)
440 verbose stack     at /usr/share/npm/node_modules/iferr/index.js:13:50
440 verbose stack     at /usr/share/npm/lib/utils/pulse-till-done.js:19:8
440 verbose stack     at CachingRegistryClient.get_ (/usr/share/npm/lib/cache/caching-client.js:120:16)
440 verbose stack     at /usr/share/npm/lib/cache/caching-client.js:87:14
440 verbose stack     at /usr/share/npm/node_modules/graceful-fs/graceful-fs.js:76:16
440 verbose stack     at FSReqWrap.readFileAfterClose [as oncomplete] (fs.js:511:3)
441 verbose cwd /home/ubuntu/DynaSOL
442 error Linux 4.15.0-50-generic
443 error argv "/usr/bin/node" "/usr/bin/npm" "install" "-g" "web3-eth"
444 error node v8.10.0
445 error npm  v3.5.2
446 error No compatible version found: web3-core@1.0.0
446 error Valid install targets:
446 error 2.0.0-alpha, 1.1.0, 1.0.9, 1.0.0-beta.55, 1.0.0-beta.54, 1.0.0-beta.53, 1.0.0-beta.52, 1.0.0-beta.51, 1.0.0-beta.50, 1.0.0-beta.49, 1.0.0-beta.48, 1.0.0-beta.47, 1.0.0-beta.46, 1.0.0-beta.45, 1.0.0-beta.44, 1.0.0-beta.43, 1.0.0-beta.42, 1.0.0-beta.41, 1.0.0-beta.40, 1.0.0-beta.39, 1.0.0-beta.38, 1.0.0-beta.37, 1.0.0-beta.36, 1.0.0-beta.35, 1.0.0-beta.34, 1.0.0-beta.33, 1.0.0-beta.32, 1.0.0-beta.31, 1.0.0-beta.30, 1.0.0-beta.29, 1.0.0-beta.28, 1.0.0-beta.27, 1.0.0-beta.26, 1.0.0-beta.25, 1.0.0-beta.24, 1.0.0-beta.23, 1.0.0-beta.22, 1.0.0-beta.21, 1.0.0-beta.20, 1.0.0-beta.19, 1.0.0-beta.18, 1.0.0-beta.17, 1.0.0-beta.16, 1.0.0-beta.15, 1.0.0-beta.14, 1.0.0-beta.13, 1.0.0-beta.12, 1.0.0-beta.11, 1.0.0-beta.10, 1.0.0-beta.9, 1.0.0-beta.8
447 error If you need help, you may report this error at:
447 error     <https://github.com/npm/npm/issues>
448 verbose exit [ 1, true ]
