INFO:root:Smart Contract Under investigation: /Users/stefan/Documents/PhD/SolMOSA/SmallContracts/eq631/build/contracts/TestContract.json
INFO:root:Deploying and calling smart contracts for the first time...
INFO:root:Updating test distances...
INFO:root:Entering main loop iteration 2/100 at 2019-11-19:16:00:35.773068
INFO:root:6 out of 9 branches have been covered
INFO:root:The following test cases are currently in the Archive:
INFO:root:	(1) constructor([], from: 0x2aB209D5793dd40683683c50A2ceD2632DF8b9a3, value: 0
)	(2) TestThree([37], from: 0x18922963c1A358058aC1Ec07e91BcA2A7a098053, value: 0
)	(3) TestOne([222], from: 0x2aB209D5793dd40683683c50A2ceD2632DF8b9a3, value: 0
)	(4) TestThree([157], from: 0x2De5685fAA78E31603a51a6F3ee935a1D31d02eF, value: 0
)
INFO:root:
INFO:root:	(1) constructor([], from: 0x2aB209D5793dd40683683c50A2ceD2632DF8b9a3, value: 0
)	(2) TestThree([42], from: 0x5d908Ff4C9A0db233ED593FD348f0Ab145302B09, value: 0
)	(3) TestOne([137], from: 0x5d908Ff4C9A0db233ED593FD348f0Ab145302B09, value: 0
)	(4) TestTwo([21], from: 0x2De5685fAA78E31603a51a6F3ee935a1D31d02eF, value: 0
)	(5) TestThree([88], from: 0x2F6F18Fc9E7fAA514Fe6bfd4A43D6d040DeB510f, value: 0
)	(6) TestTwo([25], from: 0x2aB209D5793dd40683683c50A2ceD2632DF8b9a3, value: 0
)	(7) TestThree([194], from: 0x2aB209D5793dd40683683c50A2ceD2632DF8b9a3, value: 0
)	(8) TestThree([158], from: 0x857aeAC8C720A275d1f52919AFc3F0b69376E958, value: 0
)	(9) TestTwo([248], from: 0x857aeAC8C720A275d1f52919AFc3F0b69376E958, value: 0
)	(10) TestTwo([208], from: 0x7aaACB20e6BCbDDd0836Ad6d112bd203820680af, value: 0
)	(11) TestThree([16], from: 0x2F6F18Fc9E7fAA514Fe6bfd4A43D6d040DeB510f, value: 0
)	(12) TestThree([128], from: 0x2aB209D5793dd40683683c50A2ceD2632DF8b9a3, value: 0
)	(13) TestThree([122], from: 0x2aB209D5793dd40683683c50A2ceD2632DF8b9a3, value: 0
)	(14) TestThree([32], from: 0x18922963c1A358058aC1Ec07e91BcA2A7a098053, value: 0
)	(15) TestThree([47], from: 0x7eE8a67c7fA826307C035afFA4C87440E35067fa, value: 0
)	(16) TestTwo([204], from: 0x295cBFeE5706490b1efA978Eb851D39358B9b9a5, value: 0
)	(17) TestTwo([152], from: 0x857aeAC8C720A275d1f52919AFc3F0b69376E958, value: 0
)	(18) TestThree([24], from: 0x5d908Ff4C9A0db233ED593FD348f0Ab145302B09, value: 0
)
INFO:root:
INFO:root:	(1) constructor([], from: 0x7eE8a67c7fA826307C035afFA4C87440E35067fa, value: 0
)	(2) TestOne([230], from: 0x2F6F18Fc9E7fAA514Fe6bfd4A43D6d040DeB510f, value: 0
)
INFO:root:
INFO:root:	(1) constructor([], from: 0x295cBFeE5706490b1efA978Eb851D39358B9b9a5, value: 0
)	(2) TestOne([170], from: 0x7eE8a67c7fA826307C035afFA4C87440E35067fa, value: 0
)	(3) TestOne([219], from: 0x7aaACB20e6BCbDDd0836Ad6d112bd203820680af, value: 0
)	(4) TestThree([181], from: 0xFB6Ad167145cb02C49F406C5cDEB413f6c35172D, value: 0
)	(5) TestThree([240], from: 0x2F6F18Fc9E7fAA514Fe6bfd4A43D6d040DeB510f, value: 0
)	(6) TestOne([204], from: 0x7eE8a67c7fA826307C035afFA4C87440E35067fa, value: 0
)	(7) TestTwo([0], from: 0x5d908Ff4C9A0db233ED593FD348f0Ab145302B09, value: 0
)	(8) TestTwo([156], from: 0x18922963c1A358058aC1Ec07e91BcA2A7a098053, value: 0
)	(9) TestOne([128], from: 0x857aeAC8C720A275d1f52919AFc3F0b69376E958, value: 0
)	(10) TestOne([2], from: 0x2aB209D5793dd40683683c50A2ceD2632DF8b9a3, value: 0
)
INFO:root:
INFO:root:	(1) constructor([], from: 0xFB6Ad167145cb02C49F406C5cDEB413f6c35172D, value: 0
)	(2) TestOne([109], from: 0x7aaACB20e6BCbDDd0836Ad6d112bd203820680af, value: 0
)	(3) TestTwo([217], from: 0x7eE8a67c7fA826307C035afFA4C87440E35067fa, value: 0
)
INFO:root:
INFO:root:	(1) constructor([], from: 0x7aaACB20e6BCbDDd0836Ad6d112bd203820680af, value: 0
)	(2) TestTwo([44], from: 0x857aeAC8C720A275d1f52919AFc3F0b69376E958, value: 0
)	(3) TestOne([59], from: 0x2aB209D5793dd40683683c50A2ceD2632DF8b9a3, value: 0
)	(4) TestTwo([99], from: 0xFB6Ad167145cb02C49F406C5cDEB413f6c35172D, value: 0
)	(5) TestThree([245], from: 0x857aeAC8C720A275d1f52919AFc3F0b69376E958, value: 0
)	(6) TestTwo([128], from: 0x5d908Ff4C9A0db233ED593FD348f0Ab145302B09, value: 0
)	(7) TestTwo([99], from: 0x857aeAC8C720A275d1f52919AFc3F0b69376E958, value: 0
)	(8) TestOne([162], from: 0x2F6F18Fc9E7fAA514Fe6bfd4A43D6d040DeB510f, value: 0
)	(9) TestOne([136], from: 0x5d908Ff4C9A0db233ED593FD348f0Ab145302B09, value: 0
)	(10) TestThree([59], from: 0x18922963c1A358058aC1Ec07e91BcA2A7a098053, value: 0
)	(11) TestOne([246], from: 0x7eE8a67c7fA826307C035afFA4C87440E35067fa, value: 0
)	(12) TestOne([2], from: 0x7aaACB20e6BCbDDd0836Ad6d112bd203820680af, value: 0
)	(13) TestTwo([130], from: 0x7aaACB20e6BCbDDd0836Ad6d112bd203820680af, value: 0
)	(14) TestThree([12], from: 0x2aB209D5793dd40683683c50A2ceD2632DF8b9a3, value: 0
)	(15) TestTwo([192], from: 0x2De5685fAA78E31603a51a6F3ee935a1D31d02eF, value: 0
)	(16) TestOne([25], from: 0x7aaACB20e6BCbDDd0836Ad6d112bd203820680af, value: 0
)
INFO:root:
INFO:root:	Generating Offspring...
INFO:root:	Deploying and testing...
INFO:root:	Updating test distances...
INFO:root:Entering main loop iteration 3/100 at 2019-11-19:16:03:37.688937
INFO:root:6 out of 9 branches have been covered
INFO:root:The following test cases are currently in the Archive:
INFO:root:	(1) constructor([], from: 0x2aB209D5793dd40683683c50A2ceD2632DF8b9a3, value: 0
)	(2) TestThree([37], from: 0x18922963c1A358058aC1Ec07e91BcA2A7a098053, value: 0
)	(3) TestOne([222], from: 0x2aB209D5793dd40683683c50A2ceD2632DF8b9a3, value: 0
)	(4) TestThree([157], from: 0x2De5685fAA78E31603a51a6F3ee935a1D31d02eF, value: 0
)
INFO:root:
INFO:root:	(1) constructor([], from: 0x2aB209D5793dd40683683c50A2ceD2632DF8b9a3, value: 0
)	(2) TestThree([42], from: 0x5d908Ff4C9A0db233ED593FD348f0Ab145302B09, value: 0
)	(3) TestOne([137], from: 0x5d908Ff4C9A0db233ED593FD348f0Ab145302B09, value: 0
)	(4) TestTwo([21], from: 0x2De5685fAA78E31603a51a6F3ee935a1D31d02eF, value: 0
)	(5) TestThree([88], from: 0x2F6F18Fc9E7fAA514Fe6bfd4A43D6d040DeB510f, value: 0
)	(6) TestTwo([25], from: 0x2aB209D5793dd40683683c50A2ceD2632DF8b9a3, value: 0
)	(7) TestThree([194], from: 0x2aB209D5793dd40683683c50A2ceD2632DF8b9a3, value: 0
)	(8) TestThree([158], from: 0x857aeAC8C720A275d1f52919AFc3F0b69376E958, value: 0
)	(9) TestTwo([248], from: 0x857aeAC8C720A275d1f52919AFc3F0b69376E958, value: 0
)	(10) TestTwo([208], from: 0x7aaACB20e6BCbDDd0836Ad6d112bd203820680af, value: 0
)	(11) TestThree([16], from: 0x2F6F18Fc9E7fAA514Fe6bfd4A43D6d040DeB510f, value: 0
)	(12) TestThree([128], from: 0x2aB209D5793dd40683683c50A2ceD2632DF8b9a3, value: 0
)	(13) TestThree([122], from: 0x2aB209D5793dd40683683c50A2ceD2632DF8b9a3, value: 0
)	(14) TestThree([32], from: 0x18922963c1A358058aC1Ec07e91BcA2A7a098053, value: 0
)	(15) TestThree([47], from: 0x7eE8a67c7fA826307C035afFA4C87440E35067fa, value: 0
)	(16) TestTwo([204], from: 0x295cBFeE5706490b1efA978Eb851D39358B9b9a5, value: 0
)	(17) TestTwo([152], from: 0x857aeAC8C720A275d1f52919AFc3F0b69376E958, value: 0
)	(18) TestThree([24], from: 0x5d908Ff4C9A0db233ED593FD348f0Ab145302B09, value: 0
)
INFO:root:
INFO:root:	(1) constructor([], from: 0x7eE8a67c7fA826307C035afFA4C87440E35067fa, value: 0
)	(2) TestOne([230], from: 0x2F6F18Fc9E7fAA514Fe6bfd4A43D6d040DeB510f, value: 0
)
INFO:root:
INFO:root:	(1) constructor([], from: 0x295cBFeE5706490b1efA978Eb851D39358B9b9a5, value: 0
)	(2) TestOne([170], from: 0x7eE8a67c7fA826307C035afFA4C87440E35067fa, value: 0
)	(3) TestOne([219], from: 0x7aaACB20e6BCbDDd0836Ad6d112bd203820680af, value: 0
)	(4) TestThree([181], from: 0xFB6Ad167145cb02C49F406C5cDEB413f6c35172D, value: 0
)	(5) TestThree([240], from: 0x2F6F18Fc9E7fAA514Fe6bfd4A43D6d040DeB510f, value: 0
)	(6) TestOne([204], from: 0x7eE8a67c7fA826307C035afFA4C87440E35067fa, value: 0
)	(7) TestTwo([0], from: 0x5d908Ff4C9A0db233ED593FD348f0Ab145302B09, value: 0
)	(8) TestTwo([156], from: 0x18922963c1A358058aC1Ec07e91BcA2A7a098053, value: 0
)	(9) TestOne([128], from: 0x857aeAC8C720A275d1f52919AFc3F0b69376E958, value: 0
)	(10) TestOne([2], from: 0x2aB209D5793dd40683683c50A2ceD2632DF8b9a3, value: 0
)
INFO:root:
INFO:root:	(1) constructor([], from: 0xFB6Ad167145cb02C49F406C5cDEB413f6c35172D, value: 0
)	(2) TestOne([109], from: 0x7aaACB20e6BCbDDd0836Ad6d112bd203820680af, value: 0
)	(3) TestTwo([217], from: 0x7eE8a67c7fA826307C035afFA4C87440E35067fa, value: 0
)
INFO:root:
INFO:root:	(1) constructor([], from: 0x7aaACB20e6BCbDDd0836Ad6d112bd203820680af, value: 0
)	(2) TestTwo([44], from: 0x857aeAC8C720A275d1f52919AFc3F0b69376E958, value: 0
)	(3) TestOne([59], from: 0x2aB209D5793dd40683683c50A2ceD2632DF8b9a3, value: 0
)	(4) TestTwo([99], from: 0xFB6Ad167145cb02C49F406C5cDEB413f6c35172D, value: 0
)	(5) TestThree([245], from: 0x857aeAC8C720A275d1f52919AFc3F0b69376E958, value: 0
)	(6) TestTwo([128], from: 0x5d908Ff4C9A0db233ED593FD348f0Ab145302B09, value: 0
)	(7) TestTwo([99], from: 0x857aeAC8C720A275d1f52919AFc3F0b69376E958, value: 0
)	(8) TestOne([162], from: 0x2F6F18Fc9E7fAA514Fe6bfd4A43D6d040DeB510f, value: 0
)	(9) TestOne([136], from: 0x5d908Ff4C9A0db233ED593FD348f0Ab145302B09, value: 0
)	(10) TestThree([59], from: 0x18922963c1A358058aC1Ec07e91BcA2A7a098053, value: 0
)	(11) TestOne([246], from: 0x7eE8a67c7fA826307C035afFA4C87440E35067fa, value: 0
)	(12) TestOne([2], from: 0x7aaACB20e6BCbDDd0836Ad6d112bd203820680af, value: 0
)	(13) TestTwo([130], from: 0x7aaACB20e6BCbDDd0836Ad6d112bd203820680af, value: 0
)	(14) TestThree([12], from: 0x2aB209D5793dd40683683c50A2ceD2632DF8b9a3, value: 0
)	(15) TestTwo([192], from: 0x2De5685fAA78E31603a51a6F3ee935a1D31d02eF, value: 0
)	(16) TestOne([25], from: 0x7aaACB20e6BCbDDd0836Ad6d112bd203820680af, value: 0
)
INFO:root:
INFO:root:	Generating Offspring...
INFO:root:	Deploying and testing...
INFO:root:	Updating test distances...
INFO:root:Entering main loop iteration 4/100 at 2019-11-19:16:06:59.355597
INFO:root:6 out of 9 branches have been covered
INFO:root:The following test cases are currently in the Archive:
INFO:root:	(1) constructor([], from: 0x2aB209D5793dd40683683c50A2ceD2632DF8b9a3, value: 0
)	(2) TestThree([37], from: 0x18922963c1A358058aC1Ec07e91BcA2A7a098053, value: 0
)	(3) TestOne([222], from: 0x2aB209D5793dd40683683c50A2ceD2632DF8b9a3, value: 0
)	(4) TestThree([157], from: 0x2De5685fAA78E31603a51a6F3ee935a1D31d02eF, value: 0
)
INFO:root:
INFO:root:	(1) constructor([], from: 0x2aB209D5793dd40683683c50A2ceD2632DF8b9a3, value: 0
)	(2) TestThree([42], from: 0x5d908Ff4C9A0db233ED593FD348f0Ab145302B09, value: 0
)	(3) TestOne([137], from: 0x5d908Ff4C9A0db233ED593FD348f0Ab145302B09, value: 0
)	(4) TestTwo([21], from: 0x2De5685fAA78E31603a51a6F3ee935a1D31d02eF, value: 0
)	(5) TestThree([88], from: 0x2F6F18Fc9E7fAA514Fe6bfd4A43D6d040DeB510f, value: 0
)	(6) TestTwo([25], from: 0x2aB209D5793dd40683683c50A2ceD2632DF8b9a3, value: 0
)	(7) TestThree([194], from: 0x2aB209D5793dd40683683c50A2ceD2632DF8b9a3, value: 0
)	(8) TestThree([158], from: 0x857aeAC8C720A275d1f52919AFc3F0b69376E958, value: 0
)	(9) TestTwo([248], from: 0x857aeAC8C720A275d1f52919AFc3F0b69376E958, value: 0
)	(10) TestTwo([208], from: 0x7aaACB20e6BCbDDd0836Ad6d112bd203820680af, value: 0
)	(11) TestThree([16], from: 0x2F6F18Fc9E7fAA514Fe6bfd4A43D6d040DeB510f, value: 0
)	(12) TestThree([128], from: 0x2aB209D5793dd40683683c50A2ceD2632DF8b9a3, value: 0
)	(13) TestThree([122], from: 0x2aB209D5793dd40683683c50A2ceD2632DF8b9a3, value: 0
)	(14) TestThree([32], from: 0x18922963c1A358058aC1Ec07e91BcA2A7a098053, value: 0
)	(15) TestThree([47], from: 0x7eE8a67c7fA826307C035afFA4C87440E35067fa, value: 0
)	(16) TestTwo([204], from: 0x295cBFeE5706490b1efA978Eb851D39358B9b9a5, value: 0
)	(17) TestTwo([152], from: 0x857aeAC8C720A275d1f52919AFc3F0b69376E958, value: 0
)	(18) TestThree([24], from: 0x5d908Ff4C9A0db233ED593FD348f0Ab145302B09, value: 0
)
INFO:root:
INFO:root:	(1) constructor([], from: 0x7eE8a67c7fA826307C035afFA4C87440E35067fa, value: 0
)	(2) TestOne([230], from: 0x2F6F18Fc9E7fAA514Fe6bfd4A43D6d040DeB510f, value: 0
)
INFO:root:
INFO:root:	(1) constructor([], from: 0x295cBFeE5706490b1efA978Eb851D39358B9b9a5, value: 0
)	(2) TestOne([170], from: 0x7eE8a67c7fA826307C035afFA4C87440E35067fa, value: 0
)	(3) TestOne([219], from: 0x7aaACB20e6BCbDDd0836Ad6d112bd203820680af, value: 0
)	(4) TestThree([181], from: 0xFB6Ad167145cb02C49F406C5cDEB413f6c35172D, value: 0
)	(5) TestThree([240], from: 0x2F6F18Fc9E7fAA514Fe6bfd4A43D6d040DeB510f, value: 0
)	(6) TestOne([204], from: 0x7eE8a67c7fA826307C035afFA4C87440E35067fa, value: 0
)	(7) TestTwo([0], from: 0x5d908Ff4C9A0db233ED593FD348f0Ab145302B09, value: 0
)	(8) TestTwo([156], from: 0x18922963c1A358058aC1Ec07e91BcA2A7a098053, value: 0
)	(9) TestOne([128], from: 0x857aeAC8C720A275d1f52919AFc3F0b69376E958, value: 0
)	(10) TestOne([2], from: 0x2aB209D5793dd40683683c50A2ceD2632DF8b9a3, value: 0
)
INFO:root:
INFO:root:	(1) constructor([], from: 0xFB6Ad167145cb02C49F406C5cDEB413f6c35172D, value: 0
)	(2) TestOne([109], from: 0x7aaACB20e6BCbDDd0836Ad6d112bd203820680af, value: 0
)	(3) TestTwo([217], from: 0x7eE8a67c7fA826307C035afFA4C87440E35067fa, value: 0
)
INFO:root:
INFO:root:	(1) constructor([], from: 0x7aaACB20e6BCbDDd0836Ad6d112bd203820680af, value: 0
)	(2) TestTwo([44], from: 0x857aeAC8C720A275d1f52919AFc3F0b69376E958, value: 0
)	(3) TestOne([59], from: 0x2aB209D5793dd40683683c50A2ceD2632DF8b9a3, value: 0
)	(4) TestTwo([99], from: 0xFB6Ad167145cb02C49F406C5cDEB413f6c35172D, value: 0
)	(5) TestThree([245], from: 0x857aeAC8C720A275d1f52919AFc3F0b69376E958, value: 0
)	(6) TestTwo([128], from: 0x5d908Ff4C9A0db233ED593FD348f0Ab145302B09, value: 0
)	(7) TestTwo([99], from: 0x857aeAC8C720A275d1f52919AFc3F0b69376E958, value: 0
)	(8) TestOne([162], from: 0x2F6F18Fc9E7fAA514Fe6bfd4A43D6d040DeB510f, value: 0
)	(9) TestOne([136], from: 0x5d908Ff4C9A0db233ED593FD348f0Ab145302B09, value: 0
)	(10) TestThree([59], from: 0x18922963c1A358058aC1Ec07e91BcA2A7a098053, value: 0
)	(11) TestOne([246], from: 0x7eE8a67c7fA826307C035afFA4C87440E35067fa, value: 0
)	(12) TestOne([2], from: 0x7aaACB20e6BCbDDd0836Ad6d112bd203820680af, value: 0
)	(13) TestTwo([130], from: 0x7aaACB20e6BCbDDd0836Ad6d112bd203820680af, value: 0
)	(14) TestThree([12], from: 0x2aB209D5793dd40683683c50A2ceD2632DF8b9a3, value: 0
)	(15) TestTwo([192], from: 0x2De5685fAA78E31603a51a6F3ee935a1D31d02eF, value: 0
)	(16) TestOne([25], from: 0x7aaACB20e6BCbDDd0836Ad6d112bd203820680af, value: 0
)
INFO:root:
INFO:root:	Generating Offspring...
INFO:root:	Deploying and testing...
INFO:root:	Updating test distances...
INFO:root:Entering main loop iteration 5/100 at 2019-11-19:16:11:05.254327
INFO:root:6 out of 9 branches have been covered
INFO:root:The following test cases are currently in the Archive:
INFO:root:	(1) constructor([], from: 0x2aB209D5793dd40683683c50A2ceD2632DF8b9a3, value: 0
)	(2) TestThree([37], from: 0x18922963c1A358058aC1Ec07e91BcA2A7a098053, value: 0
)	(3) TestOne([222], from: 0x2aB209D5793dd40683683c50A2ceD2632DF8b9a3, value: 0
)	(4) TestThree([157], from: 0x2De5685fAA78E31603a51a6F3ee935a1D31d02eF, value: 0
)
INFO:root:
INFO:root:	(1) constructor([], from: 0x2aB209D5793dd40683683c50A2ceD2632DF8b9a3, value: 0
)	(2) TestThree([42], from: 0x5d908Ff4C9A0db233ED593FD348f0Ab145302B09, value: 0
)	(3) TestOne([137], from: 0x5d908Ff4C9A0db233ED593FD348f0Ab145302B09, value: 0
)	(4) TestTwo([21], from: 0x2De5685fAA78E31603a51a6F3ee935a1D31d02eF, value: 0
)	(5) TestThree([88], from: 0x2F6F18Fc9E7fAA514Fe6bfd4A43D6d040DeB510f, value: 0
)	(6) TestTwo([25], from: 0x2aB209D5793dd40683683c50A2ceD2632DF8b9a3, value: 0
)	(7) TestThree([194], from: 0x2aB209D5793dd40683683c50A2ceD2632DF8b9a3, value: 0
)	(8) TestThree([158], from: 0x857aeAC8C720A275d1f52919AFc3F0b69376E958, value: 0
)	(9) TestTwo([248], from: 0x857aeAC8C720A275d1f52919AFc3F0b69376E958, value: 0
)	(10) TestTwo([208], from: 0x7aaACB20e6BCbDDd0836Ad6d112bd203820680af, value: 0
)	(11) TestThree([16], from: 0x2F6F18Fc9E7fAA514Fe6bfd4A43D6d040DeB510f, value: 0
)	(12) TestThree([128], from: 0x2aB209D5793dd40683683c50A2ceD2632DF8b9a3, value: 0
)	(13) TestThree([122], from: 0x2aB209D5793dd40683683c50A2ceD2632DF8b9a3, value: 0
)	(14) TestThree([32], from: 0x18922963c1A358058aC1Ec07e91BcA2A7a098053, value: 0
)	(15) TestThree([47], from: 0x7eE8a67c7fA826307C035afFA4C87440E35067fa, value: 0
)	(16) TestTwo([204], from: 0x295cBFeE5706490b1efA978Eb851D39358B9b9a5, value: 0
)	(17) TestTwo([152], from: 0x857aeAC8C720A275d1f52919AFc3F0b69376E958, value: 0
)	(18) TestThree([24], from: 0x5d908Ff4C9A0db233ED593FD348f0Ab145302B09, value: 0
)
INFO:root:
INFO:root:	(1) constructor([], from: 0x7eE8a67c7fA826307C035afFA4C87440E35067fa, value: 0
)	(2) TestOne([230], from: 0x2F6F18Fc9E7fAA514Fe6bfd4A43D6d040DeB510f, value: 0
)
INFO:root:
INFO:root:	(1) constructor([], from: 0x295cBFeE5706490b1efA978Eb851D39358B9b9a5, value: 0
)	(2) TestOne([170], from: 0x7eE8a67c7fA826307C035afFA4C87440E35067fa, value: 0
)	(3) TestOne([219], from: 0x7aaACB20e6BCbDDd0836Ad6d112bd203820680af, value: 0
)	(4) TestThree([181], from: 0xFB6Ad167145cb02C49F406C5cDEB413f6c35172D, value: 0
)	(5) TestThree([240], from: 0x2F6F18Fc9E7fAA514Fe6bfd4A43D6d040DeB510f, value: 0
)	(6) TestOne([204], from: 0x7eE8a67c7fA826307C035afFA4C87440E35067fa, value: 0
)	(7) TestTwo([0], from: 0x5d908Ff4C9A0db233ED593FD348f0Ab145302B09, value: 0
)	(8) TestTwo([156], from: 0x18922963c1A358058aC1Ec07e91BcA2A7a098053, value: 0
)	(9) TestOne([128], from: 0x857aeAC8C720A275d1f52919AFc3F0b69376E958, value: 0
)	(10) TestOne([2], from: 0x2aB209D5793dd40683683c50A2ceD2632DF8b9a3, value: 0
)
INFO:root:
INFO:root:	(1) constructor([], from: 0xFB6Ad167145cb02C49F406C5cDEB413f6c35172D, value: 0
)	(2) TestOne([109], from: 0x7aaACB20e6BCbDDd0836Ad6d112bd203820680af, value: 0
)	(3) TestTwo([217], from: 0x7eE8a67c7fA826307C035afFA4C87440E35067fa, value: 0
)
INFO:root:
INFO:root:	(1) constructor([], from: 0x7aaACB20e6BCbDDd0836Ad6d112bd203820680af, value: 0
)	(2) TestTwo([44], from: 0x857aeAC8C720A275d1f52919AFc3F0b69376E958, value: 0
)	(3) TestOne([59], from: 0x2aB209D5793dd40683683c50A2ceD2632DF8b9a3, value: 0
)	(4) TestTwo([99], from: 0xFB6Ad167145cb02C49F406C5cDEB413f6c35172D, value: 0
)	(5) TestThree([245], from: 0x857aeAC8C720A275d1f52919AFc3F0b69376E958, value: 0
)	(6) TestTwo([128], from: 0x5d908Ff4C9A0db233ED593FD348f0Ab145302B09, value: 0
)	(7) TestTwo([99], from: 0x857aeAC8C720A275d1f52919AFc3F0b69376E958, value: 0
)	(8) TestOne([162], from: 0x2F6F18Fc9E7fAA514Fe6bfd4A43D6d040DeB510f, value: 0
)	(9) TestOne([136], from: 0x5d908Ff4C9A0db233ED593FD348f0Ab145302B09, value: 0
)	(10) TestThree([59], from: 0x18922963c1A358058aC1Ec07e91BcA2A7a098053, value: 0
)	(11) TestOne([246], from: 0x7eE8a67c7fA826307C035afFA4C87440E35067fa, value: 0
)	(12) TestOne([2], from: 0x7aaACB20e6BCbDDd0836Ad6d112bd203820680af, value: 0
)	(13) TestTwo([130], from: 0x7aaACB20e6BCbDDd0836Ad6d112bd203820680af, value: 0
)	(14) TestThree([12], from: 0x2aB209D5793dd40683683c50A2ceD2632DF8b9a3, value: 0
)	(15) TestTwo([192], from: 0x2De5685fAA78E31603a51a6F3ee935a1D31d02eF, value: 0
)	(16) TestOne([25], from: 0x7aaACB20e6BCbDDd0836Ad6d112bd203820680af, value: 0
)
INFO:root:
INFO:root:	Generating Offspring...
INFO:root:	Deploying and testing...
INFO:root:	Updating test distances...
INFO:root:Entering main loop iteration 6/100 at 2019-11-19:16:14:44.248856
INFO:root:6 out of 9 branches have been covered
INFO:root:The following test cases are currently in the Archive:
INFO:root:	(1) constructor([], from: 0x2aB209D5793dd40683683c50A2ceD2632DF8b9a3, value: 0
)	(2) TestThree([37], from: 0x18922963c1A358058aC1Ec07e91BcA2A7a098053, value: 0
)	(3) TestOne([222], from: 0x2aB209D5793dd40683683c50A2ceD2632DF8b9a3, value: 0
)	(4) TestThree([157], from: 0x2De5685fAA78E31603a51a6F3ee935a1D31d02eF, value: 0
)
INFO:root:
INFO:root:	(1) constructor([], from: 0x2aB209D5793dd40683683c50A2ceD2632DF8b9a3, value: 0
)	(2) TestThree([42], from: 0x5d908Ff4C9A0db233ED593FD348f0Ab145302B09, value: 0
)	(3) TestOne([137], from: 0x5d908Ff4C9A0db233ED593FD348f0Ab145302B09, value: 0
)	(4) TestTwo([21], from: 0x2De5685fAA78E31603a51a6F3ee935a1D31d02eF, value: 0
)	(5) TestThree([88], from: 0x2F6F18Fc9E7fAA514Fe6bfd4A43D6d040DeB510f, value: 0
)	(6) TestTwo([25], from: 0x2aB209D5793dd40683683c50A2ceD2632DF8b9a3, value: 0
)	(7) TestThree([194], from: 0x2aB209D5793dd40683683c50A2ceD2632DF8b9a3, value: 0
)	(8) TestThree([158], from: 0x857aeAC8C720A275d1f52919AFc3F0b69376E958, value: 0
)	(9) TestTwo([248], from: 0x857aeAC8C720A275d1f52919AFc3F0b69376E958, value: 0
)	(10) TestTwo([208], from: 0x7aaACB20e6BCbDDd0836Ad6d112bd203820680af, value: 0
)	(11) TestThree([16], from: 0x2F6F18Fc9E7fAA514Fe6bfd4A43D6d040DeB510f, value: 0
)	(12) TestThree([128], from: 0x2aB209D5793dd40683683c50A2ceD2632DF8b9a3, value: 0
)	(13) TestThree([122], from: 0x2aB209D5793dd40683683c50A2ceD2632DF8b9a3, value: 0
)	(14) TestThree([32], from: 0x18922963c1A358058aC1Ec07e91BcA2A7a098053, value: 0
)	(15) TestThree([47], from: 0x7eE8a67c7fA826307C035afFA4C87440E35067fa, value: 0
)	(16) TestTwo([204], from: 0x295cBFeE5706490b1efA978Eb851D39358B9b9a5, value: 0
)	(17) TestTwo([152], from: 0x857aeAC8C720A275d1f52919AFc3F0b69376E958, value: 0
)	(18) TestThree([24], from: 0x5d908Ff4C9A0db233ED593FD348f0Ab145302B09, value: 0
)
INFO:root:
INFO:root:	(1) constructor([], from: 0x7eE8a67c7fA826307C035afFA4C87440E35067fa, value: 0
)	(2) TestOne([230], from: 0x2F6F18Fc9E7fAA514Fe6bfd4A43D6d040DeB510f, value: 0
)
INFO:root:
INFO:root:	(1) constructor([], from: 0x295cBFeE5706490b1efA978Eb851D39358B9b9a5, value: 0
)	(2) TestOne([170], from: 0x7eE8a67c7fA826307C035afFA4C87440E35067fa, value: 0
)	(3) TestOne([219], from: 0x7aaACB20e6BCbDDd0836Ad6d112bd203820680af, value: 0
)	(4) TestThree([181], from: 0xFB6Ad167145cb02C49F406C5cDEB413f6c35172D, value: 0
)	(5) TestThree([240], from: 0x2F6F18Fc9E7fAA514Fe6bfd4A43D6d040DeB510f, value: 0
)	(6) TestOne([204], from: 0x7eE8a67c7fA826307C035afFA4C87440E35067fa, value: 0
)	(7) TestTwo([0], from: 0x5d908Ff4C9A0db233ED593FD348f0Ab145302B09, value: 0
)	(8) TestTwo([156], from: 0x18922963c1A358058aC1Ec07e91BcA2A7a098053, value: 0
)	(9) TestOne([128], from: 0x857aeAC8C720A275d1f52919AFc3F0b69376E958, value: 0
)	(10) TestOne([2], from: 0x2aB209D5793dd40683683c50A2ceD2632DF8b9a3, value: 0
)
INFO:root:
INFO:root:	(1) constructor([], from: 0xFB6Ad167145cb02C49F406C5cDEB413f6c35172D, value: 0
)	(2) TestOne([109], from: 0x7aaACB20e6BCbDDd0836Ad6d112bd203820680af, value: 0
)	(3) TestTwo([217], from: 0x7eE8a67c7fA826307C035afFA4C87440E35067fa, value: 0
)
INFO:root:
INFO:root:	(1) constructor([], from: 0x7aaACB20e6BCbDDd0836Ad6d112bd203820680af, value: 0
)	(2) TestTwo([44], from: 0x857aeAC8C720A275d1f52919AFc3F0b69376E958, value: 0
)	(3) TestOne([59], from: 0x2aB209D5793dd40683683c50A2ceD2632DF8b9a3, value: 0
)	(4) TestTwo([99], from: 0xFB6Ad167145cb02C49F406C5cDEB413f6c35172D, value: 0
)	(5) TestThree([245], from: 0x857aeAC8C720A275d1f52919AFc3F0b69376E958, value: 0
)	(6) TestTwo([128], from: 0x5d908Ff4C9A0db233ED593FD348f0Ab145302B09, value: 0
)	(7) TestTwo([99], from: 0x857aeAC8C720A275d1f52919AFc3F0b69376E958, value: 0
)	(8) TestOne([162], from: 0x2F6F18Fc9E7fAA514Fe6bfd4A43D6d040DeB510f, value: 0
)	(9) TestOne([136], from: 0x5d908Ff4C9A0db233ED593FD348f0Ab145302B09, value: 0
)	(10) TestThree([59], from: 0x18922963c1A358058aC1Ec07e91BcA2A7a098053, value: 0
)	(11) TestOne([246], from: 0x7eE8a67c7fA826307C035afFA4C87440E35067fa, value: 0
)	(12) TestOne([2], from: 0x7aaACB20e6BCbDDd0836Ad6d112bd203820680af, value: 0
)	(13) TestTwo([130], from: 0x7aaACB20e6BCbDDd0836Ad6d112bd203820680af, value: 0
)	(14) TestThree([12], from: 0x2aB209D5793dd40683683c50A2ceD2632DF8b9a3, value: 0
)	(15) TestTwo([192], from: 0x2De5685fAA78E31603a51a6F3ee935a1D31d02eF, value: 0
)	(16) TestOne([25], from: 0x7aaACB20e6BCbDDd0836Ad6d112bd203820680af, value: 0
)
INFO:root:
INFO:root:	Generating Offspring...
INFO:root:	Deploying and testing...
INFO:root:	Updating test distances...
INFO:root:Entering main loop iteration 7/100 at 2019-11-19:16:17:33.019127
INFO:root:6 out of 9 branches have been covered
INFO:root:The following test cases are currently in the Archive:
INFO:root:	(1) constructor([], from: 0x2aB209D5793dd40683683c50A2ceD2632DF8b9a3, value: 0
)	(2) TestThree([37], from: 0x18922963c1A358058aC1Ec07e91BcA2A7a098053, value: 0
)	(3) TestOne([222], from: 0x2aB209D5793dd40683683c50A2ceD2632DF8b9a3, value: 0
)	(4) TestThree([157], from: 0x2De5685fAA78E31603a51a6F3ee935a1D31d02eF, value: 0
)
INFO:root:
INFO:root:	(1) constructor([], from: 0x2aB209D5793dd40683683c50A2ceD2632DF8b9a3, value: 0
)	(2) TestThree([42], from: 0x5d908Ff4C9A0db233ED593FD348f0Ab145302B09, value: 0
)	(3) TestOne([137], from: 0x5d908Ff4C9A0db233ED593FD348f0Ab145302B09, value: 0
)	(4) TestTwo([21], from: 0x2De5685fAA78E31603a51a6F3ee935a1D31d02eF, value: 0
)	(5) TestThree([88], from: 0x2F6F18Fc9E7fAA514Fe6bfd4A43D6d040DeB510f, value: 0
)	(6) TestTwo([25], from: 0x2aB209D5793dd40683683c50A2ceD2632DF8b9a3, value: 0
)	(7) TestThree([194], from: 0x2aB209D5793dd40683683c50A2ceD2632DF8b9a3, value: 0
)	(8) TestThree([158], from: 0x857aeAC8C720A275d1f52919AFc3F0b69376E958, value: 0
)	(9) TestTwo([248], from: 0x857aeAC8C720A275d1f52919AFc3F0b69376E958, value: 0
)	(10) TestTwo([208], from: 0x7aaACB20e6BCbDDd0836Ad6d112bd203820680af, value: 0
)	(11) TestThree([16], from: 0x2F6F18Fc9E7fAA514Fe6bfd4A43D6d040DeB510f, value: 0
)	(12) TestThree([128], from: 0x2aB209D5793dd40683683c50A2ceD2632DF8b9a3, value: 0
)	(13) TestThree([122], from: 0x2aB209D5793dd40683683c50A2ceD2632DF8b9a3, value: 0
)	(14) TestThree([32], from: 0x18922963c1A358058aC1Ec07e91BcA2A7a098053, value: 0
)	(15) TestThree([47], from: 0x7eE8a67c7fA826307C035afFA4C87440E35067fa, value: 0
)	(16) TestTwo([204], from: 0x295cBFeE5706490b1efA978Eb851D39358B9b9a5, value: 0
)	(17) TestTwo([152], from: 0x857aeAC8C720A275d1f52919AFc3F0b69376E958, value: 0
)	(18) TestThree([24], from: 0x5d908Ff4C9A0db233ED593FD348f0Ab145302B09, value: 0
)
INFO:root:
INFO:root:	(1) constructor([], from: 0x7eE8a67c7fA826307C035afFA4C87440E35067fa, value: 0
)	(2) TestOne([230], from: 0x2F6F18Fc9E7fAA514Fe6bfd4A43D6d040DeB510f, value: 0
)
INFO:root:
INFO:root:	(1) constructor([], from: 0x295cBFeE5706490b1efA978Eb851D39358B9b9a5, value: 0
)	(2) TestOne([170], from: 0x7eE8a67c7fA826307C035afFA4C87440E35067fa, value: 0
)	(3) TestOne([219], from: 0x7aaACB20e6BCbDDd0836Ad6d112bd203820680af, value: 0
)	(4) TestThree([181], from: 0xFB6Ad167145cb02C49F406C5cDEB413f6c35172D, value: 0
)	(5) TestThree([240], from: 0x2F6F18Fc9E7fAA514Fe6bfd4A43D6d040DeB510f, value: 0
)	(6) TestOne([204], from: 0x7eE8a67c7fA826307C035afFA4C87440E35067fa, value: 0
)	(7) TestTwo([0], from: 0x5d908Ff4C9A0db233ED593FD348f0Ab145302B09, value: 0
)	(8) TestTwo([156], from: 0x18922963c1A358058aC1Ec07e91BcA2A7a098053, value: 0
)	(9) TestOne([128], from: 0x857aeAC8C720A275d1f52919AFc3F0b69376E958, value: 0
)	(10) TestOne([2], from: 0x2aB209D5793dd40683683c50A2ceD2632DF8b9a3, value: 0
)
INFO:root:
INFO:root:	(1) constructor([], from: 0xFB6Ad167145cb02C49F406C5cDEB413f6c35172D, value: 0
)	(2) TestOne([109], from: 0x7aaACB20e6BCbDDd0836Ad6d112bd203820680af, value: 0
)	(3) TestTwo([217], from: 0x7eE8a67c7fA826307C035afFA4C87440E35067fa, value: 0
)
INFO:root:
INFO:root:	(1) constructor([], from: 0x7aaACB20e6BCbDDd0836Ad6d112bd203820680af, value: 0
)	(2) TestTwo([44], from: 0x857aeAC8C720A275d1f52919AFc3F0b69376E958, value: 0
)	(3) TestOne([59], from: 0x2aB209D5793dd40683683c50A2ceD2632DF8b9a3, value: 0
)	(4) TestTwo([99], from: 0xFB6Ad167145cb02C49F406C5cDEB413f6c35172D, value: 0
)	(5) TestThree([245], from: 0x857aeAC8C720A275d1f52919AFc3F0b69376E958, value: 0
)	(6) TestTwo([128], from: 0x5d908Ff4C9A0db233ED593FD348f0Ab145302B09, value: 0
)	(7) TestTwo([99], from: 0x857aeAC8C720A275d1f52919AFc3F0b69376E958, value: 0
)	(8) TestOne([162], from: 0x2F6F18Fc9E7fAA514Fe6bfd4A43D6d040DeB510f, value: 0
)	(9) TestOne([136], from: 0x5d908Ff4C9A0db233ED593FD348f0Ab145302B09, value: 0
)	(10) TestThree([59], from: 0x18922963c1A358058aC1Ec07e91BcA2A7a098053, value: 0
)	(11) TestOne([246], from: 0x7eE8a67c7fA826307C035afFA4C87440E35067fa, value: 0
)	(12) TestOne([2], from: 0x7aaACB20e6BCbDDd0836Ad6d112bd203820680af, value: 0
)	(13) TestTwo([130], from: 0x7aaACB20e6BCbDDd0836Ad6d112bd203820680af, value: 0
)	(14) TestThree([12], from: 0x2aB209D5793dd40683683c50A2ceD2632DF8b9a3, value: 0
)	(15) TestTwo([192], from: 0x2De5685fAA78E31603a51a6F3ee935a1D31d02eF, value: 0
)	(16) TestOne([25], from: 0x7aaACB20e6BCbDDd0836Ad6d112bd203820680af, value: 0
)
INFO:root:
INFO:root:	Generating Offspring...
INFO:root:	Deploying and testing...
INFO:root:	Updating test distances...
INFO:root:Entering main loop iteration 8/100 at 2019-11-19:16:20:49.172035
INFO:root:6 out of 9 branches have been covered
INFO:root:The following test cases are currently in the Archive:
INFO:root:	(1) constructor([], from: 0x2aB209D5793dd40683683c50A2ceD2632DF8b9a3, value: 0
)	(2) TestThree([37], from: 0x18922963c1A358058aC1Ec07e91BcA2A7a098053, value: 0
)	(3) TestOne([222], from: 0x2aB209D5793dd40683683c50A2ceD2632DF8b9a3, value: 0
)	(4) TestThree([157], from: 0x2De5685fAA78E31603a51a6F3ee935a1D31d02eF, value: 0
)
INFO:root:
INFO:root:	(1) constructor([], from: 0x2aB209D5793dd40683683c50A2ceD2632DF8b9a3, value: 0
)	(2) TestThree([42], from: 0x5d908Ff4C9A0db233ED593FD348f0Ab145302B09, value: 0
)	(3) TestOne([137], from: 0x5d908Ff4C9A0db233ED593FD348f0Ab145302B09, value: 0
)	(4) TestTwo([21], from: 0x2De5685fAA78E31603a51a6F3ee935a1D31d02eF, value: 0
)	(5) TestThree([88], from: 0x2F6F18Fc9E7fAA514Fe6bfd4A43D6d040DeB510f, value: 0
)	(6) TestTwo([25], from: 0x2aB209D5793dd40683683c50A2ceD2632DF8b9a3, value: 0
)	(7) TestThree([194], from: 0x2aB209D5793dd40683683c50A2ceD2632DF8b9a3, value: 0
)	(8) TestThree([158], from: 0x857aeAC8C720A275d1f52919AFc3F0b69376E958, value: 0
)	(9) TestTwo([248], from: 0x857aeAC8C720A275d1f52919AFc3F0b69376E958, value: 0
)	(10) TestTwo([208], from: 0x7aaACB20e6BCbDDd0836Ad6d112bd203820680af, value: 0
)	(11) TestThree([16], from: 0x2F6F18Fc9E7fAA514Fe6bfd4A43D6d040DeB510f, value: 0
)	(12) TestThree([128], from: 0x2aB209D5793dd40683683c50A2ceD2632DF8b9a3, value: 0
)	(13) TestThree([122], from: 0x2aB209D5793dd40683683c50A2ceD2632DF8b9a3, value: 0
)	(14) TestThree([32], from: 0x18922963c1A358058aC1Ec07e91BcA2A7a098053, value: 0
)	(15) TestThree([47], from: 0x7eE8a67c7fA826307C035afFA4C87440E35067fa, value: 0
)	(16) TestTwo([204], from: 0x295cBFeE5706490b1efA978Eb851D39358B9b9a5, value: 0
)	(17) TestTwo([152], from: 0x857aeAC8C720A275d1f52919AFc3F0b69376E958, value: 0
)	(18) TestThree([24], from: 0x5d908Ff4C9A0db233ED593FD348f0Ab145302B09, value: 0
)
INFO:root:
INFO:root:	(1) constructor([], from: 0x7eE8a67c7fA826307C035afFA4C87440E35067fa, value: 0
)	(2) TestOne([230], from: 0x2F6F18Fc9E7fAA514Fe6bfd4A43D6d040DeB510f, value: 0
)
INFO:root:
INFO:root:	(1) constructor([], from: 0x295cBFeE5706490b1efA978Eb851D39358B9b9a5, value: 0
)	(2) TestOne([170], from: 0x7eE8a67c7fA826307C035afFA4C87440E35067fa, value: 0
)	(3) TestOne([219], from: 0x7aaACB20e6BCbDDd0836Ad6d112bd203820680af, value: 0
)	(4) TestThree([181], from: 0xFB6Ad167145cb02C49F406C5cDEB413f6c35172D, value: 0
)	(5) TestThree([240], from: 0x2F6F18Fc9E7fAA514Fe6bfd4A43D6d040DeB510f, value: 0
)	(6) TestOne([204], from: 0x7eE8a67c7fA826307C035afFA4C87440E35067fa, value: 0
)	(7) TestTwo([0], from: 0x5d908Ff4C9A0db233ED593FD348f0Ab145302B09, value: 0
)	(8) TestTwo([156], from: 0x18922963c1A358058aC1Ec07e91BcA2A7a098053, value: 0
)	(9) TestOne([128], from: 0x857aeAC8C720A275d1f52919AFc3F0b69376E958, value: 0
)	(10) TestOne([2], from: 0x2aB209D5793dd40683683c50A2ceD2632DF8b9a3, value: 0
)
INFO:root:
INFO:root:	(1) constructor([], from: 0xFB6Ad167145cb02C49F406C5cDEB413f6c35172D, value: 0
)	(2) TestOne([109], from: 0x7aaACB20e6BCbDDd0836Ad6d112bd203820680af, value: 0
)	(3) TestTwo([217], from: 0x7eE8a67c7fA826307C035afFA4C87440E35067fa, value: 0
)
INFO:root:
INFO:root:	(1) constructor([], from: 0x7aaACB20e6BCbDDd0836Ad6d112bd203820680af, value: 0
)	(2) TestTwo([44], from: 0x857aeAC8C720A275d1f52919AFc3F0b69376E958, value: 0
)	(3) TestOne([59], from: 0x2aB209D5793dd40683683c50A2ceD2632DF8b9a3, value: 0
)	(4) TestTwo([99], from: 0xFB6Ad167145cb02C49F406C5cDEB413f6c35172D, value: 0
)	(5) TestThree([245], from: 0x857aeAC8C720A275d1f52919AFc3F0b69376E958, value: 0
)	(6) TestTwo([128], from: 0x5d908Ff4C9A0db233ED593FD348f0Ab145302B09, value: 0
)	(7) TestTwo([99], from: 0x857aeAC8C720A275d1f52919AFc3F0b69376E958, value: 0
)	(8) TestOne([162], from: 0x2F6F18Fc9E7fAA514Fe6bfd4A43D6d040DeB510f, value: 0
)	(9) TestOne([136], from: 0x5d908Ff4C9A0db233ED593FD348f0Ab145302B09, value: 0
)	(10) TestThree([59], from: 0x18922963c1A358058aC1Ec07e91BcA2A7a098053, value: 0
)	(11) TestOne([246], from: 0x7eE8a67c7fA826307C035afFA4C87440E35067fa, value: 0
)	(12) TestOne([2], from: 0x7aaACB20e6BCbDDd0836Ad6d112bd203820680af, value: 0
)	(13) TestTwo([130], from: 0x7aaACB20e6BCbDDd0836Ad6d112bd203820680af, value: 0
)	(14) TestThree([12], from: 0x2aB209D5793dd40683683c50A2ceD2632DF8b9a3, value: 0
)	(15) TestTwo([192], from: 0x2De5685fAA78E31603a51a6F3ee935a1D31d02eF, value: 0
)	(16) TestOne([25], from: 0x7aaACB20e6BCbDDd0836Ad6d112bd203820680af, value: 0
)
INFO:root:
INFO:root:	Generating Offspring...
INFO:root:	Deploying and testing...
INFO:root:	Updating test distances...
INFO:root:Entering main loop iteration 9/100 at 2019-11-19:16:23:59.301472
INFO:root:6 out of 9 branches have been covered
INFO:root:The following test cases are currently in the Archive:
INFO:root:	(1) constructor([], from: 0x2aB209D5793dd40683683c50A2ceD2632DF8b9a3, value: 0
)	(2) TestThree([37], from: 0x18922963c1A358058aC1Ec07e91BcA2A7a098053, value: 0
)	(3) TestOne([222], from: 0x2aB209D5793dd40683683c50A2ceD2632DF8b9a3, value: 0
)	(4) TestThree([157], from: 0x2De5685fAA78E31603a51a6F3ee935a1D31d02eF, value: 0
)
INFO:root:
INFO:root:	(1) constructor([], from: 0x2aB209D5793dd40683683c50A2ceD2632DF8b9a3, value: 0
)	(2) TestThree([42], from: 0x5d908Ff4C9A0db233ED593FD348f0Ab145302B09, value: 0
)	(3) TestOne([137], from: 0x5d908Ff4C9A0db233ED593FD348f0Ab145302B09, value: 0
)	(4) TestTwo([21], from: 0x2De5685fAA78E31603a51a6F3ee935a1D31d02eF, value: 0
)	(5) TestThree([88], from: 0x2F6F18Fc9E7fAA514Fe6bfd4A43D6d040DeB510f, value: 0
)	(6) TestTwo([25], from: 0x2aB209D5793dd40683683c50A2ceD2632DF8b9a3, value: 0
)	(7) TestThree([194], from: 0x2aB209D5793dd40683683c50A2ceD2632DF8b9a3, value: 0
)	(8) TestThree([158], from: 0x857aeAC8C720A275d1f52919AFc3F0b69376E958, value: 0
)	(9) TestTwo([248], from: 0x857aeAC8C720A275d1f52919AFc3F0b69376E958, value: 0
)	(10) TestTwo([208], from: 0x7aaACB20e6BCbDDd0836Ad6d112bd203820680af, value: 0
)	(11) TestThree([16], from: 0x2F6F18Fc9E7fAA514Fe6bfd4A43D6d040DeB510f, value: 0
)	(12) TestThree([128], from: 0x2aB209D5793dd40683683c50A2ceD2632DF8b9a3, value: 0
)	(13) TestThree([122], from: 0x2aB209D5793dd40683683c50A2ceD2632DF8b9a3, value: 0
)	(14) TestThree([32], from: 0x18922963c1A358058aC1Ec07e91BcA2A7a098053, value: 0
)	(15) TestThree([47], from: 0x7eE8a67c7fA826307C035afFA4C87440E35067fa, value: 0
)	(16) TestTwo([204], from: 0x295cBFeE5706490b1efA978Eb851D39358B9b9a5, value: 0
)	(17) TestTwo([152], from: 0x857aeAC8C720A275d1f52919AFc3F0b69376E958, value: 0
)	(18) TestThree([24], from: 0x5d908Ff4C9A0db233ED593FD348f0Ab145302B09, value: 0
)
INFO:root:
INFO:root:	(1) constructor([], from: 0x7eE8a67c7fA826307C035afFA4C87440E35067fa, value: 0
)	(2) TestOne([230], from: 0x2F6F18Fc9E7fAA514Fe6bfd4A43D6d040DeB510f, value: 0
)
INFO:root:
INFO:root:	(1) constructor([], from: 0x295cBFeE5706490b1efA978Eb851D39358B9b9a5, value: 0
)	(2) TestOne([170], from: 0x7eE8a67c7fA826307C035afFA4C87440E35067fa, value: 0
)	(3) TestOne([219], from: 0x7aaACB20e6BCbDDd0836Ad6d112bd203820680af, value: 0
)	(4) TestThree([181], from: 0xFB6Ad167145cb02C49F406C5cDEB413f6c35172D, value: 0
)	(5) TestThree([240], from: 0x2F6F18Fc9E7fAA514Fe6bfd4A43D6d040DeB510f, value: 0
)	(6) TestOne([204], from: 0x7eE8a67c7fA826307C035afFA4C87440E35067fa, value: 0
)	(7) TestTwo([0], from: 0x5d908Ff4C9A0db233ED593FD348f0Ab145302B09, value: 0
)	(8) TestTwo([156], from: 0x18922963c1A358058aC1Ec07e91BcA2A7a098053, value: 0
)	(9) TestOne([128], from: 0x857aeAC8C720A275d1f52919AFc3F0b69376E958, value: 0
)	(10) TestOne([2], from: 0x2aB209D5793dd40683683c50A2ceD2632DF8b9a3, value: 0
)
INFO:root:
INFO:root:	(1) constructor([], from: 0xFB6Ad167145cb02C49F406C5cDEB413f6c35172D, value: 0
)	(2) TestOne([109], from: 0x7aaACB20e6BCbDDd0836Ad6d112bd203820680af, value: 0
)	(3) TestTwo([217], from: 0x7eE8a67c7fA826307C035afFA4C87440E35067fa, value: 0
)
INFO:root:
INFO:root:	(1) constructor([], from: 0x7aaACB20e6BCbDDd0836Ad6d112bd203820680af, value: 0
)	(2) TestTwo([44], from: 0x857aeAC8C720A275d1f52919AFc3F0b69376E958, value: 0
)	(3) TestOne([59], from: 0x2aB209D5793dd40683683c50A2ceD2632DF8b9a3, value: 0
)	(4) TestTwo([99], from: 0xFB6Ad167145cb02C49F406C5cDEB413f6c35172D, value: 0
)	(5) TestThree([245], from: 0x857aeAC8C720A275d1f52919AFc3F0b69376E958, value: 0
)	(6) TestTwo([128], from: 0x5d908Ff4C9A0db233ED593FD348f0Ab145302B09, value: 0
)	(7) TestTwo([99], from: 0x857aeAC8C720A275d1f52919AFc3F0b69376E958, value: 0
)	(8) TestOne([162], from: 0x2F6F18Fc9E7fAA514Fe6bfd4A43D6d040DeB510f, value: 0
)	(9) TestOne([136], from: 0x5d908Ff4C9A0db233ED593FD348f0Ab145302B09, value: 0
)	(10) TestThree([59], from: 0x18922963c1A358058aC1Ec07e91BcA2A7a098053, value: 0
)	(11) TestOne([246], from: 0x7eE8a67c7fA826307C035afFA4C87440E35067fa, value: 0
)	(12) TestOne([2], from: 0x7aaACB20e6BCbDDd0836Ad6d112bd203820680af, value: 0
)	(13) TestTwo([130], from: 0x7aaACB20e6BCbDDd0836Ad6d112bd203820680af, value: 0
)	(14) TestThree([12], from: 0x2aB209D5793dd40683683c50A2ceD2632DF8b9a3, value: 0
)	(15) TestTwo([192], from: 0x2De5685fAA78E31603a51a6F3ee935a1D31d02eF, value: 0
)	(16) TestOne([25], from: 0x7aaACB20e6BCbDDd0836Ad6d112bd203820680af, value: 0
)
INFO:root:
INFO:root:	Generating Offspring...
INFO:root:	Deploying and testing...
INFO:root:	Updating test distances...
INFO:root:Entering main loop iteration 10/100 at 2019-11-19:16:27:05.041236
INFO:root:6 out of 9 branches have been covered
INFO:root:The following test cases are currently in the Archive:
INFO:root:	(1) constructor([], from: 0x2aB209D5793dd40683683c50A2ceD2632DF8b9a3, value: 0
)	(2) TestThree([37], from: 0x18922963c1A358058aC1Ec07e91BcA2A7a098053, value: 0
)	(3) TestOne([222], from: 0x2aB209D5793dd40683683c50A2ceD2632DF8b9a3, value: 0
)	(4) TestThree([157], from: 0x2De5685fAA78E31603a51a6F3ee935a1D31d02eF, value: 0
)
INFO:root:
INFO:root:	(1) constructor([], from: 0x2aB209D5793dd40683683c50A2ceD2632DF8b9a3, value: 0
)	(2) TestThree([42], from: 0x5d908Ff4C9A0db233ED593FD348f0Ab145302B09, value: 0
)	(3) TestOne([137], from: 0x5d908Ff4C9A0db233ED593FD348f0Ab145302B09, value: 0
)	(4) TestTwo([21], from: 0x2De5685fAA78E31603a51a6F3ee935a1D31d02eF, value: 0
)	(5) TestThree([88], from: 0x2F6F18Fc9E7fAA514Fe6bfd4A43D6d040DeB510f, value: 0
)	(6) TestTwo([25], from: 0x2aB209D5793dd40683683c50A2ceD2632DF8b9a3, value: 0
)	(7) TestThree([194], from: 0x2aB209D5793dd40683683c50A2ceD2632DF8b9a3, value: 0
)	(8) TestThree([158], from: 0x857aeAC8C720A275d1f52919AFc3F0b69376E958, value: 0
)	(9) TestTwo([248], from: 0x857aeAC8C720A275d1f52919AFc3F0b69376E958, value: 0
)	(10) TestTwo([208], from: 0x7aaACB20e6BCbDDd0836Ad6d112bd203820680af, value: 0
)	(11) TestThree([16], from: 0x2F6F18Fc9E7fAA514Fe6bfd4A43D6d040DeB510f, value: 0
)	(12) TestThree([128], from: 0x2aB209D5793dd40683683c50A2ceD2632DF8b9a3, value: 0
)	(13) TestThree([122], from: 0x2aB209D5793dd40683683c50A2ceD2632DF8b9a3, value: 0
)	(14) TestThree([32], from: 0x18922963c1A358058aC1Ec07e91BcA2A7a098053, value: 0
)	(15) TestThree([47], from: 0x7eE8a67c7fA826307C035afFA4C87440E35067fa, value: 0
)	(16) TestTwo([204], from: 0x295cBFeE5706490b1efA978Eb851D39358B9b9a5, value: 0
)	(17) TestTwo([152], from: 0x857aeAC8C720A275d1f52919AFc3F0b69376E958, value: 0
)	(18) TestThree([24], from: 0x5d908Ff4C9A0db233ED593FD348f0Ab145302B09, value: 0
)
INFO:root:
INFO:root:	(1) constructor([], from: 0x7eE8a67c7fA826307C035afFA4C87440E35067fa, value: 0
)	(2) TestOne([230], from: 0x2F6F18Fc9E7fAA514Fe6bfd4A43D6d040DeB510f, value: 0
)
INFO:root:
INFO:root:	(1) constructor([], from: 0x295cBFeE5706490b1efA978Eb851D39358B9b9a5, value: 0
)	(2) TestOne([170], from: 0x7eE8a67c7fA826307C035afFA4C87440E35067fa, value: 0
)	(3) TestOne([219], from: 0x7aaACB20e6BCbDDd0836Ad6d112bd203820680af, value: 0
)	(4) TestThree([181], from: 0xFB6Ad167145cb02C49F406C5cDEB413f6c35172D, value: 0
)	(5) TestThree([240], from: 0x2F6F18Fc9E7fAA514Fe6bfd4A43D6d040DeB510f, value: 0
)	(6) TestOne([204], from: 0x7eE8a67c7fA826307C035afFA4C87440E35067fa, value: 0
)	(7) TestTwo([0], from: 0x5d908Ff4C9A0db233ED593FD348f0Ab145302B09, value: 0
)	(8) TestTwo([156], from: 0x18922963c1A358058aC1Ec07e91BcA2A7a098053, value: 0
)	(9) TestOne([128], from: 0x857aeAC8C720A275d1f52919AFc3F0b69376E958, value: 0
)	(10) TestOne([2], from: 0x2aB209D5793dd40683683c50A2ceD2632DF8b9a3, value: 0
)
INFO:root:
INFO:root:	(1) constructor([], from: 0xFB6Ad167145cb02C49F406C5cDEB413f6c35172D, value: 0
)	(2) TestOne([109], from: 0x7aaACB20e6BCbDDd0836Ad6d112bd203820680af, value: 0
)	(3) TestTwo([217], from: 0x7eE8a67c7fA826307C035afFA4C87440E35067fa, value: 0
)
INFO:root:
INFO:root:	(1) constructor([], from: 0x7aaACB20e6BCbDDd0836Ad6d112bd203820680af, value: 0
)	(2) TestTwo([44], from: 0x857aeAC8C720A275d1f52919AFc3F0b69376E958, value: 0
)	(3) TestOne([59], from: 0x2aB209D5793dd40683683c50A2ceD2632DF8b9a3, value: 0
)	(4) TestTwo([99], from: 0xFB6Ad167145cb02C49F406C5cDEB413f6c35172D, value: 0
)	(5) TestThree([245], from: 0x857aeAC8C720A275d1f52919AFc3F0b69376E958, value: 0
)	(6) TestTwo([128], from: 0x5d908Ff4C9A0db233ED593FD348f0Ab145302B09, value: 0
)	(7) TestTwo([99], from: 0x857aeAC8C720A275d1f52919AFc3F0b69376E958, value: 0
)	(8) TestOne([162], from: 0x2F6F18Fc9E7fAA514Fe6bfd4A43D6d040DeB510f, value: 0
)	(9) TestOne([136], from: 0x5d908Ff4C9A0db233ED593FD348f0Ab145302B09, value: 0
)	(10) TestThree([59], from: 0x18922963c1A358058aC1Ec07e91BcA2A7a098053, value: 0
)	(11) TestOne([246], from: 0x7eE8a67c7fA826307C035afFA4C87440E35067fa, value: 0
)	(12) TestOne([2], from: 0x7aaACB20e6BCbDDd0836Ad6d112bd203820680af, value: 0
)	(13) TestTwo([130], from: 0x7aaACB20e6BCbDDd0836Ad6d112bd203820680af, value: 0
)	(14) TestThree([12], from: 0x2aB209D5793dd40683683c50A2ceD2632DF8b9a3, value: 0
)	(15) TestTwo([192], from: 0x2De5685fAA78E31603a51a6F3ee935a1D31d02eF, value: 0
)	(16) TestOne([25], from: 0x7aaACB20e6BCbDDd0836Ad6d112bd203820680af, value: 0
)
INFO:root:
INFO:root:	Generating Offspring...
INFO:root:	Deploying and testing...
INFO:root:	Updating test distances...
INFO:root:Entering main loop iteration 11/100 at 2019-11-19:16:29:54.471102
INFO:root:6 out of 9 branches have been covered
INFO:root:The following test cases are currently in the Archive:
INFO:root:	(1) constructor([], from: 0x2aB209D5793dd40683683c50A2ceD2632DF8b9a3, value: 0
)	(2) TestThree([37], from: 0x18922963c1A358058aC1Ec07e91BcA2A7a098053, value: 0
)	(3) TestOne([222], from: 0x2aB209D5793dd40683683c50A2ceD2632DF8b9a3, value: 0
)	(4) TestThree([157], from: 0x2De5685fAA78E31603a51a6F3ee935a1D31d02eF, value: 0
)
INFO:root:
INFO:root:	(1) constructor([], from: 0x2aB209D5793dd40683683c50A2ceD2632DF8b9a3, value: 0
)	(2) TestThree([42], from: 0x5d908Ff4C9A0db233ED593FD348f0Ab145302B09, value: 0
)	(3) TestOne([137], from: 0x5d908Ff4C9A0db233ED593FD348f0Ab145302B09, value: 0
)	(4) TestTwo([21], from: 0x2De5685fAA78E31603a51a6F3ee935a1D31d02eF, value: 0
)	(5) TestThree([88], from: 0x2F6F18Fc9E7fAA514Fe6bfd4A43D6d040DeB510f, value: 0
)	(6) TestTwo([25], from: 0x2aB209D5793dd40683683c50A2ceD2632DF8b9a3, value: 0
)	(7) TestThree([194], from: 0x2aB209D5793dd40683683c50A2ceD2632DF8b9a3, value: 0
)	(8) TestThree([158], from: 0x857aeAC8C720A275d1f52919AFc3F0b69376E958, value: 0
)	(9) TestTwo([248], from: 0x857aeAC8C720A275d1f52919AFc3F0b69376E958, value: 0
)	(10) TestTwo([208], from: 0x7aaACB20e6BCbDDd0836Ad6d112bd203820680af, value: 0
)	(11) TestThree([16], from: 0x2F6F18Fc9E7fAA514Fe6bfd4A43D6d040DeB510f, value: 0
)	(12) TestThree([128], from: 0x2aB209D5793dd40683683c50A2ceD2632DF8b9a3, value: 0
)	(13) TestThree([122], from: 0x2aB209D5793dd40683683c50A2ceD2632DF8b9a3, value: 0
)	(14) TestThree([32], from: 0x18922963c1A358058aC1Ec07e91BcA2A7a098053, value: 0
)	(15) TestThree([47], from: 0x7eE8a67c7fA826307C035afFA4C87440E35067fa, value: 0
)	(16) TestTwo([204], from: 0x295cBFeE5706490b1efA978Eb851D39358B9b9a5, value: 0
)	(17) TestTwo([152], from: 0x857aeAC8C720A275d1f52919AFc3F0b69376E958, value: 0
)	(18) TestThree([24], from: 0x5d908Ff4C9A0db233ED593FD348f0Ab145302B09, value: 0
)
INFO:root:
INFO:root:	(1) constructor([], from: 0x7eE8a67c7fA826307C035afFA4C87440E35067fa, value: 0
)	(2) TestOne([230], from: 0x2F6F18Fc9E7fAA514Fe6bfd4A43D6d040DeB510f, value: 0
)
INFO:root:
INFO:root:	(1) constructor([], from: 0x295cBFeE5706490b1efA978Eb851D39358B9b9a5, value: 0
)	(2) TestOne([170], from: 0x7eE8a67c7fA826307C035afFA4C87440E35067fa, value: 0
)	(3) TestOne([219], from: 0x7aaACB20e6BCbDDd0836Ad6d112bd203820680af, value: 0
)	(4) TestThree([181], from: 0xFB6Ad167145cb02C49F406C5cDEB413f6c35172D, value: 0
)	(5) TestThree([240], from: 0x2F6F18Fc9E7fAA514Fe6bfd4A43D6d040DeB510f, value: 0
)	(6) TestOne([204], from: 0x7eE8a67c7fA826307C035afFA4C87440E35067fa, value: 0
)	(7) TestTwo([0], from: 0x5d908Ff4C9A0db233ED593FD348f0Ab145302B09, value: 0
)	(8) TestTwo([156], from: 0x18922963c1A358058aC1Ec07e91BcA2A7a098053, value: 0
)	(9) TestOne([128], from: 0x857aeAC8C720A275d1f52919AFc3F0b69376E958, value: 0
)	(10) TestOne([2], from: 0x2aB209D5793dd40683683c50A2ceD2632DF8b9a3, value: 0
)
INFO:root:
INFO:root:	(1) constructor([], from: 0xFB6Ad167145cb02C49F406C5cDEB413f6c35172D, value: 0
)	(2) TestOne([109], from: 0x7aaACB20e6BCbDDd0836Ad6d112bd203820680af, value: 0
)	(3) TestTwo([217], from: 0x7eE8a67c7fA826307C035afFA4C87440E35067fa, value: 0
)
INFO:root:
INFO:root:	(1) constructor([], from: 0x7aaACB20e6BCbDDd0836Ad6d112bd203820680af, value: 0
)	(2) TestTwo([44], from: 0x857aeAC8C720A275d1f52919AFc3F0b69376E958, value: 0
)	(3) TestOne([59], from: 0x2aB209D5793dd40683683c50A2ceD2632DF8b9a3, value: 0
)	(4) TestTwo([99], from: 0xFB6Ad167145cb02C49F406C5cDEB413f6c35172D, value: 0
)	(5) TestThree([245], from: 0x857aeAC8C720A275d1f52919AFc3F0b69376E958, value: 0
)	(6) TestTwo([128], from: 0x5d908Ff4C9A0db233ED593FD348f0Ab145302B09, value: 0
)	(7) TestTwo([99], from: 0x857aeAC8C720A275d1f52919AFc3F0b69376E958, value: 0
)	(8) TestOne([162], from: 0x2F6F18Fc9E7fAA514Fe6bfd4A43D6d040DeB510f, value: 0
)	(9) TestOne([136], from: 0x5d908Ff4C9A0db233ED593FD348f0Ab145302B09, value: 0
)	(10) TestThree([59], from: 0x18922963c1A358058aC1Ec07e91BcA2A7a098053, value: 0
)	(11) TestOne([246], from: 0x7eE8a67c7fA826307C035afFA4C87440E35067fa, value: 0
)	(12) TestOne([2], from: 0x7aaACB20e6BCbDDd0836Ad6d112bd203820680af, value: 0
)	(13) TestTwo([130], from: 0x7aaACB20e6BCbDDd0836Ad6d112bd203820680af, value: 0
)	(14) TestThree([12], from: 0x2aB209D5793dd40683683c50A2ceD2632DF8b9a3, value: 0
)	(15) TestTwo([192], from: 0x2De5685fAA78E31603a51a6F3ee935a1D31d02eF, value: 0
)	(16) TestOne([25], from: 0x7aaACB20e6BCbDDd0836Ad6d112bd203820680af, value: 0
)
INFO:root:
INFO:root:	Generating Offspring...
INFO:root:	Deploying and testing...
INFO:root:	Updating test distances...
INFO:root:Entering main loop iteration 12/100 at 2019-11-19:16:32:44.845484
INFO:root:6 out of 9 branches have been covered
INFO:root:The following test cases are currently in the Archive:
INFO:root:	(1) constructor([], from: 0x2aB209D5793dd40683683c50A2ceD2632DF8b9a3, value: 0
)	(2) TestThree([37], from: 0x18922963c1A358058aC1Ec07e91BcA2A7a098053, value: 0
)	(3) TestOne([222], from: 0x2aB209D5793dd40683683c50A2ceD2632DF8b9a3, value: 0
)	(4) TestThree([157], from: 0x2De5685fAA78E31603a51a6F3ee935a1D31d02eF, value: 0
)
INFO:root:
INFO:root:	(1) constructor([], from: 0x2aB209D5793dd40683683c50A2ceD2632DF8b9a3, value: 0
)	(2) TestThree([42], from: 0x5d908Ff4C9A0db233ED593FD348f0Ab145302B09, value: 0
)	(3) TestOne([137], from: 0x5d908Ff4C9A0db233ED593FD348f0Ab145302B09, value: 0
)	(4) TestTwo([21], from: 0x2De5685fAA78E31603a51a6F3ee935a1D31d02eF, value: 0
)	(5) TestThree([88], from: 0x2F6F18Fc9E7fAA514Fe6bfd4A43D6d040DeB510f, value: 0
)	(6) TestTwo([25], from: 0x2aB209D5793dd40683683c50A2ceD2632DF8b9a3, value: 0
)	(7) TestThree([194], from: 0x2aB209D5793dd40683683c50A2ceD2632DF8b9a3, value: 0
)	(8) TestThree([158], from: 0x857aeAC8C720A275d1f52919AFc3F0b69376E958, value: 0
)	(9) TestTwo([248], from: 0x857aeAC8C720A275d1f52919AFc3F0b69376E958, value: 0
)	(10) TestTwo([208], from: 0x7aaACB20e6BCbDDd0836Ad6d112bd203820680af, value: 0
)	(11) TestThree([16], from: 0x2F6F18Fc9E7fAA514Fe6bfd4A43D6d040DeB510f, value: 0
)	(12) TestThree([128], from: 0x2aB209D5793dd40683683c50A2ceD2632DF8b9a3, value: 0
)	(13) TestThree([122], from: 0x2aB209D5793dd40683683c50A2ceD2632DF8b9a3, value: 0
)	(14) TestThree([32], from: 0x18922963c1A358058aC1Ec07e91BcA2A7a098053, value: 0
)	(15) TestThree([47], from: 0x7eE8a67c7fA826307C035afFA4C87440E35067fa, value: 0
)	(16) TestTwo([204], from: 0x295cBFeE5706490b1efA978Eb851D39358B9b9a5, value: 0
)	(17) TestTwo([152], from: 0x857aeAC8C720A275d1f52919AFc3F0b69376E958, value: 0
)	(18) TestThree([24], from: 0x5d908Ff4C9A0db233ED593FD348f0Ab145302B09, value: 0
)
INFO:root:
INFO:root:	(1) constructor([], from: 0x7eE8a67c7fA826307C035afFA4C87440E35067fa, value: 0
)	(2) TestOne([230], from: 0x2F6F18Fc9E7fAA514Fe6bfd4A43D6d040DeB510f, value: 0
)
INFO:root:
INFO:root:	(1) constructor([], from: 0x295cBFeE5706490b1efA978Eb851D39358B9b9a5, value: 0
)	(2) TestOne([170], from: 0x7eE8a67c7fA826307C035afFA4C87440E35067fa, value: 0
)	(3) TestOne([219], from: 0x7aaACB20e6BCbDDd0836Ad6d112bd203820680af, value: 0
)	(4) TestThree([181], from: 0xFB6Ad167145cb02C49F406C5cDEB413f6c35172D, value: 0
)	(5) TestThree([240], from: 0x2F6F18Fc9E7fAA514Fe6bfd4A43D6d040DeB510f, value: 0
)	(6) TestOne([204], from: 0x7eE8a67c7fA826307C035afFA4C87440E35067fa, value: 0
)	(7) TestTwo([0], from: 0x5d908Ff4C9A0db233ED593FD348f0Ab145302B09, value: 0
)	(8) TestTwo([156], from: 0x18922963c1A358058aC1Ec07e91BcA2A7a098053, value: 0
)	(9) TestOne([128], from: 0x857aeAC8C720A275d1f52919AFc3F0b69376E958, value: 0
)	(10) TestOne([2], from: 0x2aB209D5793dd40683683c50A2ceD2632DF8b9a3, value: 0
)
INFO:root:
INFO:root:	(1) constructor([], from: 0xFB6Ad167145cb02C49F406C5cDEB413f6c35172D, value: 0
)	(2) TestOne([109], from: 0x7aaACB20e6BCbDDd0836Ad6d112bd203820680af, value: 0
)	(3) TestTwo([217], from: 0x7eE8a67c7fA826307C035afFA4C87440E35067fa, value: 0
)
INFO:root:
INFO:root:	(1) constructor([], from: 0x7aaACB20e6BCbDDd0836Ad6d112bd203820680af, value: 0
)	(2) TestTwo([44], from: 0x857aeAC8C720A275d1f52919AFc3F0b69376E958, value: 0
)	(3) TestOne([59], from: 0x2aB209D5793dd40683683c50A2ceD2632DF8b9a3, value: 0
)	(4) TestTwo([99], from: 0xFB6Ad167145cb02C49F406C5cDEB413f6c35172D, value: 0
)	(5) TestThree([245], from: 0x857aeAC8C720A275d1f52919AFc3F0b69376E958, value: 0
)	(6) TestTwo([128], from: 0x5d908Ff4C9A0db233ED593FD348f0Ab145302B09, value: 0
)	(7) TestTwo([99], from: 0x857aeAC8C720A275d1f52919AFc3F0b69376E958, value: 0
)	(8) TestOne([162], from: 0x2F6F18Fc9E7fAA514Fe6bfd4A43D6d040DeB510f, value: 0
)	(9) TestOne([136], from: 0x5d908Ff4C9A0db233ED593FD348f0Ab145302B09, value: 0
)	(10) TestThree([59], from: 0x18922963c1A358058aC1Ec07e91BcA2A7a098053, value: 0
)	(11) TestOne([246], from: 0x7eE8a67c7fA826307C035afFA4C87440E35067fa, value: 0
)	(12) TestOne([2], from: 0x7aaACB20e6BCbDDd0836Ad6d112bd203820680af, value: 0
)	(13) TestTwo([130], from: 0x7aaACB20e6BCbDDd0836Ad6d112bd203820680af, value: 0
)	(14) TestThree([12], from: 0x2aB209D5793dd40683683c50A2ceD2632DF8b9a3, value: 0
)	(15) TestTwo([192], from: 0x2De5685fAA78E31603a51a6F3ee935a1D31d02eF, value: 0
)	(16) TestOne([25], from: 0x7aaACB20e6BCbDDd0836Ad6d112bd203820680af, value: 0
)
INFO:root:
INFO:root:	Generating Offspring...
INFO:root:	Deploying and testing...
INFO:root:	Updating test distances...
INFO:root:Entering main loop iteration 13/100 at 2019-11-19:16:36:09.632244
INFO:root:6 out of 9 branches have been covered
INFO:root:The following test cases are currently in the Archive:
INFO:root:	(1) constructor([], from: 0x2aB209D5793dd40683683c50A2ceD2632DF8b9a3, value: 0
)	(2) TestThree([37], from: 0x18922963c1A358058aC1Ec07e91BcA2A7a098053, value: 0
)	(3) TestOne([222], from: 0x2aB209D5793dd40683683c50A2ceD2632DF8b9a3, value: 0
)	(4) TestThree([157], from: 0x2De5685fAA78E31603a51a6F3ee935a1D31d02eF, value: 0
)
INFO:root:
INFO:root:	(1) constructor([], from: 0x2aB209D5793dd40683683c50A2ceD2632DF8b9a3, value: 0
)	(2) TestThree([42], from: 0x5d908Ff4C9A0db233ED593FD348f0Ab145302B09, value: 0
)	(3) TestOne([137], from: 0x5d908Ff4C9A0db233ED593FD348f0Ab145302B09, value: 0
)	(4) TestTwo([21], from: 0x2De5685fAA78E31603a51a6F3ee935a1D31d02eF, value: 0
)	(5) TestThree([88], from: 0x2F6F18Fc9E7fAA514Fe6bfd4A43D6d040DeB510f, value: 0
)	(6) TestTwo([25], from: 0x2aB209D5793dd40683683c50A2ceD2632DF8b9a3, value: 0
)	(7) TestThree([194], from: 0x2aB209D5793dd40683683c50A2ceD2632DF8b9a3, value: 0
)	(8) TestThree([158], from: 0x857aeAC8C720A275d1f52919AFc3F0b69376E958, value: 0
)	(9) TestTwo([248], from: 0x857aeAC8C720A275d1f52919AFc3F0b69376E958, value: 0
)	(10) TestTwo([208], from: 0x7aaACB20e6BCbDDd0836Ad6d112bd203820680af, value: 0
)	(11) TestThree([16], from: 0x2F6F18Fc9E7fAA514Fe6bfd4A43D6d040DeB510f, value: 0
)	(12) TestThree([128], from: 0x2aB209D5793dd40683683c50A2ceD2632DF8b9a3, value: 0
)	(13) TestThree([122], from: 0x2aB209D5793dd40683683c50A2ceD2632DF8b9a3, value: 0
)	(14) TestThree([32], from: 0x18922963c1A358058aC1Ec07e91BcA2A7a098053, value: 0
)	(15) TestThree([47], from: 0x7eE8a67c7fA826307C035afFA4C87440E35067fa, value: 0
)	(16) TestTwo([204], from: 0x295cBFeE5706490b1efA978Eb851D39358B9b9a5, value: 0
)	(17) TestTwo([152], from: 0x857aeAC8C720A275d1f52919AFc3F0b69376E958, value: 0
)	(18) TestThree([24], from: 0x5d908Ff4C9A0db233ED593FD348f0Ab145302B09, value: 0
)
INFO:root:
INFO:root:	(1) constructor([], from: 0x7eE8a67c7fA826307C035afFA4C87440E35067fa, value: 0
)	(2) TestOne([230], from: 0x2F6F18Fc9E7fAA514Fe6bfd4A43D6d040DeB510f, value: 0
)
INFO:root:
INFO:root:	(1) constructor([], from: 0x295cBFeE5706490b1efA978Eb851D39358B9b9a5, value: 0
)	(2) TestOne([170], from: 0x7eE8a67c7fA826307C035afFA4C87440E35067fa, value: 0
)	(3) TestOne([219], from: 0x7aaACB20e6BCbDDd0836Ad6d112bd203820680af, value: 0
)	(4) TestThree([181], from: 0xFB6Ad167145cb02C49F406C5cDEB413f6c35172D, value: 0
)	(5) TestThree([240], from: 0x2F6F18Fc9E7fAA514Fe6bfd4A43D6d040DeB510f, value: 0
)	(6) TestOne([204], from: 0x7eE8a67c7fA826307C035afFA4C87440E35067fa, value: 0
)	(7) TestTwo([0], from: 0x5d908Ff4C9A0db233ED593FD348f0Ab145302B09, value: 0
)	(8) TestTwo([156], from: 0x18922963c1A358058aC1Ec07e91BcA2A7a098053, value: 0
)	(9) TestOne([128], from: 0x857aeAC8C720A275d1f52919AFc3F0b69376E958, value: 0
)	(10) TestOne([2], from: 0x2aB209D5793dd40683683c50A2ceD2632DF8b9a3, value: 0
)
INFO:root:
INFO:root:	(1) constructor([], from: 0x2De5685fAA78E31603a51a6F3ee935a1D31d02eF, value: 0
)	(2) TestTwo([127], from: 0x18922963c1A358058aC1Ec07e91BcA2A7a098053, value: 0
)
INFO:root:
INFO:root:	(1) constructor([], from: 0x7aaACB20e6BCbDDd0836Ad6d112bd203820680af, value: 0
)	(2) TestTwo([44], from: 0x857aeAC8C720A275d1f52919AFc3F0b69376E958, value: 0
)	(3) TestOne([59], from: 0x2aB209D5793dd40683683c50A2ceD2632DF8b9a3, value: 0
)	(4) TestTwo([99], from: 0xFB6Ad167145cb02C49F406C5cDEB413f6c35172D, value: 0
)	(5) TestThree([245], from: 0x857aeAC8C720A275d1f52919AFc3F0b69376E958, value: 0
)	(6) TestTwo([128], from: 0x5d908Ff4C9A0db233ED593FD348f0Ab145302B09, value: 0
)	(7) TestTwo([99], from: 0x857aeAC8C720A275d1f52919AFc3F0b69376E958, value: 0
)	(8) TestOne([162], from: 0x2F6F18Fc9E7fAA514Fe6bfd4A43D6d040DeB510f, value: 0
)	(9) TestOne([136], from: 0x5d908Ff4C9A0db233ED593FD348f0Ab145302B09, value: 0
)	(10) TestThree([59], from: 0x18922963c1A358058aC1Ec07e91BcA2A7a098053, value: 0
)	(11) TestOne([246], from: 0x7eE8a67c7fA826307C035afFA4C87440E35067fa, value: 0
)	(12) TestOne([2], from: 0x7aaACB20e6BCbDDd0836Ad6d112bd203820680af, value: 0
)	(13) TestTwo([130], from: 0x7aaACB20e6BCbDDd0836Ad6d112bd203820680af, value: 0
)	(14) TestThree([12], from: 0x2aB209D5793dd40683683c50A2ceD2632DF8b9a3, value: 0
)	(15) TestTwo([192], from: 0x2De5685fAA78E31603a51a6F3ee935a1D31d02eF, value: 0
)	(16) TestOne([25], from: 0x7aaACB20e6BCbDDd0836Ad6d112bd203820680af, value: 0
)
INFO:root:
INFO:root:	Generating Offspring...
INFO:root:	Deploying and testing...
INFO:root:	Updating test distances...
INFO:root:Entering main loop iteration 14/100 at 2019-11-19:16:39:40.675877
INFO:root:6 out of 9 branches have been covered
INFO:root:The following test cases are currently in the Archive:
INFO:root:	(1) constructor([], from: 0x2aB209D5793dd40683683c50A2ceD2632DF8b9a3, value: 0
)	(2) TestThree([37], from: 0x18922963c1A358058aC1Ec07e91BcA2A7a098053, value: 0
)	(3) TestOne([222], from: 0x2aB209D5793dd40683683c50A2ceD2632DF8b9a3, value: 0
)	(4) TestThree([157], from: 0x2De5685fAA78E31603a51a6F3ee935a1D31d02eF, value: 0
)
INFO:root:
INFO:root:	(1) constructor([], from: 0x2aB209D5793dd40683683c50A2ceD2632DF8b9a3, value: 0
)	(2) TestThree([42], from: 0x5d908Ff4C9A0db233ED593FD348f0Ab145302B09, value: 0
)	(3) TestOne([137], from: 0x5d908Ff4C9A0db233ED593FD348f0Ab145302B09, value: 0
)	(4) TestTwo([21], from: 0x2De5685fAA78E31603a51a6F3ee935a1D31d02eF, value: 0
)	(5) TestThree([88], from: 0x2F6F18Fc9E7fAA514Fe6bfd4A43D6d040DeB510f, value: 0
)	(6) TestTwo([25], from: 0x2aB209D5793dd40683683c50A2ceD2632DF8b9a3, value: 0
)	(7) TestThree([194], from: 0x2aB209D5793dd40683683c50A2ceD2632DF8b9a3, value: 0
)	(8) TestThree([158], from: 0x857aeAC8C720A275d1f52919AFc3F0b69376E958, value: 0
)	(9) TestTwo([248], from: 0x857aeAC8C720A275d1f52919AFc3F0b69376E958, value: 0
)	(10) TestTwo([208], from: 0x7aaACB20e6BCbDDd0836Ad6d112bd203820680af, value: 0
)	(11) TestThree([16], from: 0x2F6F18Fc9E7fAA514Fe6bfd4A43D6d040DeB510f, value: 0
)	(12) TestThree([128], from: 0x2aB209D5793dd40683683c50A2ceD2632DF8b9a3, value: 0
)	(13) TestThree([122], from: 0x2aB209D5793dd40683683c50A2ceD2632DF8b9a3, value: 0
)	(14) TestThree([32], from: 0x18922963c1A358058aC1Ec07e91BcA2A7a098053, value: 0
)	(15) TestThree([47], from: 0x7eE8a67c7fA826307C035afFA4C87440E35067fa, value: 0
)	(16) TestTwo([204], from: 0x295cBFeE5706490b1efA978Eb851D39358B9b9a5, value: 0
)	(17) TestTwo([152], from: 0x857aeAC8C720A275d1f52919AFc3F0b69376E958, value: 0
)	(18) TestThree([24], from: 0x5d908Ff4C9A0db233ED593FD348f0Ab145302B09, value: 0
)
INFO:root:
INFO:root:	(1) constructor([], from: 0x7eE8a67c7fA826307C035afFA4C87440E35067fa, value: 0
)	(2) TestOne([230], from: 0x2F6F18Fc9E7fAA514Fe6bfd4A43D6d040DeB510f, value: 0
)
INFO:root:
INFO:root:	(1) constructor([], from: 0x295cBFeE5706490b1efA978Eb851D39358B9b9a5, value: 0
)	(2) TestOne([170], from: 0x7eE8a67c7fA826307C035afFA4C87440E35067fa, value: 0
)	(3) TestOne([219], from: 0x7aaACB20e6BCbDDd0836Ad6d112bd203820680af, value: 0
)	(4) TestThree([181], from: 0xFB6Ad167145cb02C49F406C5cDEB413f6c35172D, value: 0
)	(5) TestThree([240], from: 0x2F6F18Fc9E7fAA514Fe6bfd4A43D6d040DeB510f, value: 0
)	(6) TestOne([204], from: 0x7eE8a67c7fA826307C035afFA4C87440E35067fa, value: 0
)	(7) TestTwo([0], from: 0x5d908Ff4C9A0db233ED593FD348f0Ab145302B09, value: 0
)	(8) TestTwo([156], from: 0x18922963c1A358058aC1Ec07e91BcA2A7a098053, value: 0
)	(9) TestOne([128], from: 0x857aeAC8C720A275d1f52919AFc3F0b69376E958, value: 0
)	(10) TestOne([2], from: 0x2aB209D5793dd40683683c50A2ceD2632DF8b9a3, value: 0
)
INFO:root:
INFO:root:	(1) constructor([], from: 0x2De5685fAA78E31603a51a6F3ee935a1D31d02eF, value: 0
)	(2) TestTwo([127], from: 0x18922963c1A358058aC1Ec07e91BcA2A7a098053, value: 0
)
INFO:root:
INFO:root:	(1) constructor([], from: 0x7aaACB20e6BCbDDd0836Ad6d112bd203820680af, value: 0
)	(2) TestTwo([44], from: 0x857aeAC8C720A275d1f52919AFc3F0b69376E958, value: 0
)	(3) TestOne([59], from: 0x2aB209D5793dd40683683c50A2ceD2632DF8b9a3, value: 0
)	(4) TestTwo([99], from: 0xFB6Ad167145cb02C49F406C5cDEB413f6c35172D, value: 0
)	(5) TestThree([245], from: 0x857aeAC8C720A275d1f52919AFc3F0b69376E958, value: 0
)	(6) TestTwo([128], from: 0x5d908Ff4C9A0db233ED593FD348f0Ab145302B09, value: 0
)	(7) TestTwo([99], from: 0x857aeAC8C720A275d1f52919AFc3F0b69376E958, value: 0
)	(8) TestOne([162], from: 0x2F6F18Fc9E7fAA514Fe6bfd4A43D6d040DeB510f, value: 0
)	(9) TestOne([136], from: 0x5d908Ff4C9A0db233ED593FD348f0Ab145302B09, value: 0
)	(10) TestThree([59], from: 0x18922963c1A358058aC1Ec07e91BcA2A7a098053, value: 0
)	(11) TestOne([246], from: 0x7eE8a67c7fA826307C035afFA4C87440E35067fa, value: 0
)	(12) TestOne([2], from: 0x7aaACB20e6BCbDDd0836Ad6d112bd203820680af, value: 0
)	(13) TestTwo([130], from: 0x7aaACB20e6BCbDDd0836Ad6d112bd203820680af, value: 0
)	(14) TestThree([12], from: 0x2aB209D5793dd40683683c50A2ceD2632DF8b9a3, value: 0
)	(15) TestTwo([192], from: 0x2De5685fAA78E31603a51a6F3ee935a1D31d02eF, value: 0
)	(16) TestOne([25], from: 0x7aaACB20e6BCbDDd0836Ad6d112bd203820680af, value: 0
)
INFO:root:
INFO:root:	Generating Offspring...
INFO:root:	Deploying and testing...
INFO:root:	Updating test distances...
INFO:root:Entering main loop iteration 15/100 at 2019-11-19:16:42:25.709373
INFO:root:6 out of 9 branches have been covered
INFO:root:The following test cases are currently in the Archive:
INFO:root:	(1) constructor([], from: 0x2aB209D5793dd40683683c50A2ceD2632DF8b9a3, value: 0
)	(2) TestThree([37], from: 0x18922963c1A358058aC1Ec07e91BcA2A7a098053, value: 0
)	(3) TestOne([222], from: 0x2aB209D5793dd40683683c50A2ceD2632DF8b9a3, value: 0
)	(4) TestThree([157], from: 0x2De5685fAA78E31603a51a6F3ee935a1D31d02eF, value: 0
)
INFO:root:
INFO:root:	(1) constructor([], from: 0x2aB209D5793dd40683683c50A2ceD2632DF8b9a3, value: 0
)	(2) TestThree([42], from: 0x5d908Ff4C9A0db233ED593FD348f0Ab145302B09, value: 0
)	(3) TestOne([137], from: 0x5d908Ff4C9A0db233ED593FD348f0Ab145302B09, value: 0
)	(4) TestTwo([21], from: 0x2De5685fAA78E31603a51a6F3ee935a1D31d02eF, value: 0
)	(5) TestThree([88], from: 0x2F6F18Fc9E7fAA514Fe6bfd4A43D6d040DeB510f, value: 0
)	(6) TestTwo([25], from: 0x2aB209D5793dd40683683c50A2ceD2632DF8b9a3, value: 0
)	(7) TestThree([194], from: 0x2aB209D5793dd40683683c50A2ceD2632DF8b9a3, value: 0
)	(8) TestThree([158], from: 0x857aeAC8C720A275d1f52919AFc3F0b69376E958, value: 0
)	(9) TestTwo([248], from: 0x857aeAC8C720A275d1f52919AFc3F0b69376E958, value: 0
)	(10) TestTwo([208], from: 0x7aaACB20e6BCbDDd0836Ad6d112bd203820680af, value: 0
)	(11) TestThree([16], from: 0x2F6F18Fc9E7fAA514Fe6bfd4A43D6d040DeB510f, value: 0
)	(12) TestThree([128], from: 0x2aB209D5793dd40683683c50A2ceD2632DF8b9a3, value: 0
)	(13) TestThree([122], from: 0x2aB209D5793dd40683683c50A2ceD2632DF8b9a3, value: 0
)	(14) TestThree([32], from: 0x18922963c1A358058aC1Ec07e91BcA2A7a098053, value: 0
)	(15) TestThree([47], from: 0x7eE8a67c7fA826307C035afFA4C87440E35067fa, value: 0
)	(16) TestTwo([204], from: 0x295cBFeE5706490b1efA978Eb851D39358B9b9a5, value: 0
)	(17) TestTwo([152], from: 0x857aeAC8C720A275d1f52919AFc3F0b69376E958, value: 0
)	(18) TestThree([24], from: 0x5d908Ff4C9A0db233ED593FD348f0Ab145302B09, value: 0
)
INFO:root:
INFO:root:	(1) constructor([], from: 0x7eE8a67c7fA826307C035afFA4C87440E35067fa, value: 0
)	(2) TestOne([230], from: 0x2F6F18Fc9E7fAA514Fe6bfd4A43D6d040DeB510f, value: 0
)
INFO:root:
INFO:root:	(1) constructor([], from: 0x295cBFeE5706490b1efA978Eb851D39358B9b9a5, value: 0
)	(2) TestOne([170], from: 0x7eE8a67c7fA826307C035afFA4C87440E35067fa, value: 0
)	(3) TestOne([219], from: 0x7aaACB20e6BCbDDd0836Ad6d112bd203820680af, value: 0
)	(4) TestThree([181], from: 0xFB6Ad167145cb02C49F406C5cDEB413f6c35172D, value: 0
)	(5) TestThree([240], from: 0x2F6F18Fc9E7fAA514Fe6bfd4A43D6d040DeB510f, value: 0
)	(6) TestOne([204], from: 0x7eE8a67c7fA826307C035afFA4C87440E35067fa, value: 0
)	(7) TestTwo([0], from: 0x5d908Ff4C9A0db233ED593FD348f0Ab145302B09, value: 0
)	(8) TestTwo([156], from: 0x18922963c1A358058aC1Ec07e91BcA2A7a098053, value: 0
)	(9) TestOne([128], from: 0x857aeAC8C720A275d1f52919AFc3F0b69376E958, value: 0
)	(10) TestOne([2], from: 0x2aB209D5793dd40683683c50A2ceD2632DF8b9a3, value: 0
)
INFO:root:
INFO:root:	(1) constructor([], from: 0x2De5685fAA78E31603a51a6F3ee935a1D31d02eF, value: 0
)	(2) TestTwo([127], from: 0x18922963c1A358058aC1Ec07e91BcA2A7a098053, value: 0
)
INFO:root:
INFO:root:	(1) constructor([], from: 0x7aaACB20e6BCbDDd0836Ad6d112bd203820680af, value: 0
)	(2) TestTwo([44], from: 0x857aeAC8C720A275d1f52919AFc3F0b69376E958, value: 0
)	(3) TestOne([59], from: 0x2aB209D5793dd40683683c50A2ceD2632DF8b9a3, value: 0
)	(4) TestTwo([99], from: 0xFB6Ad167145cb02C49F406C5cDEB413f6c35172D, value: 0
)	(5) TestThree([245], from: 0x857aeAC8C720A275d1f52919AFc3F0b69376E958, value: 0
)	(6) TestTwo([128], from: 0x5d908Ff4C9A0db233ED593FD348f0Ab145302B09, value: 0
)	(7) TestTwo([99], from: 0x857aeAC8C720A275d1f52919AFc3F0b69376E958, value: 0
)	(8) TestOne([162], from: 0x2F6F18Fc9E7fAA514Fe6bfd4A43D6d040DeB510f, value: 0
)	(9) TestOne([136], from: 0x5d908Ff4C9A0db233ED593FD348f0Ab145302B09, value: 0
)	(10) TestThree([59], from: 0x18922963c1A358058aC1Ec07e91BcA2A7a098053, value: 0
)	(11) TestOne([246], from: 0x7eE8a67c7fA826307C035afFA4C87440E35067fa, value: 0
)	(12) TestOne([2], from: 0x7aaACB20e6BCbDDd0836Ad6d112bd203820680af, value: 0
)	(13) TestTwo([130], from: 0x7aaACB20e6BCbDDd0836Ad6d112bd203820680af, value: 0
)	(14) TestThree([12], from: 0x2aB209D5793dd40683683c50A2ceD2632DF8b9a3, value: 0
)	(15) TestTwo([192], from: 0x2De5685fAA78E31603a51a6F3ee935a1D31d02eF, value: 0
)	(16) TestOne([25], from: 0x7aaACB20e6BCbDDd0836Ad6d112bd203820680af, value: 0
)
INFO:root:
INFO:root:	Generating Offspring...
INFO:root:	Deploying and testing...
INFO:root:	Updating test distances...
INFO:root:Entering main loop iteration 16/100 at 2019-11-19:16:45:01.100975
INFO:root:6 out of 9 branches have been covered
INFO:root:The following test cases are currently in the Archive:
INFO:root:	(1) constructor([], from: 0x2De5685fAA78E31603a51a6F3ee935a1D31d02eF, value: 0
)	(2) TestThree([185], from: 0x857aeAC8C720A275d1f52919AFc3F0b69376E958, value: 0
)	(3) TestOne([230], from: 0x7aaACB20e6BCbDDd0836Ad6d112bd203820680af, value: 0
)
INFO:root:
INFO:root:	(1) constructor([], from: 0x2aB209D5793dd40683683c50A2ceD2632DF8b9a3, value: 0
)	(2) TestThree([42], from: 0x5d908Ff4C9A0db233ED593FD348f0Ab145302B09, value: 0
)	(3) TestOne([137], from: 0x5d908Ff4C9A0db233ED593FD348f0Ab145302B09, value: 0
)	(4) TestTwo([21], from: 0x2De5685fAA78E31603a51a6F3ee935a1D31d02eF, value: 0
)	(5) TestThree([88], from: 0x2F6F18Fc9E7fAA514Fe6bfd4A43D6d040DeB510f, value: 0
)	(6) TestTwo([25], from: 0x2aB209D5793dd40683683c50A2ceD2632DF8b9a3, value: 0
)	(7) TestThree([194], from: 0x2aB209D5793dd40683683c50A2ceD2632DF8b9a3, value: 0
)	(8) TestThree([158], from: 0x857aeAC8C720A275d1f52919AFc3F0b69376E958, value: 0
)	(9) TestTwo([248], from: 0x857aeAC8C720A275d1f52919AFc3F0b69376E958, value: 0
)	(10) TestTwo([208], from: 0x7aaACB20e6BCbDDd0836Ad6d112bd203820680af, value: 0
)	(11) TestThree([16], from: 0x2F6F18Fc9E7fAA514Fe6bfd4A43D6d040DeB510f, value: 0
)	(12) TestThree([128], from: 0x2aB209D5793dd40683683c50A2ceD2632DF8b9a3, value: 0
)	(13) TestThree([122], from: 0x2aB209D5793dd40683683c50A2ceD2632DF8b9a3, value: 0
)	(14) TestThree([32], from: 0x18922963c1A358058aC1Ec07e91BcA2A7a098053, value: 0
)	(15) TestThree([47], from: 0x7eE8a67c7fA826307C035afFA4C87440E35067fa, value: 0
)	(16) TestTwo([204], from: 0x295cBFeE5706490b1efA978Eb851D39358B9b9a5, value: 0
)	(17) TestTwo([152], from: 0x857aeAC8C720A275d1f52919AFc3F0b69376E958, value: 0
)	(18) TestThree([24], from: 0x5d908Ff4C9A0db233ED593FD348f0Ab145302B09, value: 0
)
INFO:root:
INFO:root:	(1) constructor([], from: 0x7eE8a67c7fA826307C035afFA4C87440E35067fa, value: 0
)	(2) TestOne([230], from: 0x2F6F18Fc9E7fAA514Fe6bfd4A43D6d040DeB510f, value: 0
)
INFO:root:
INFO:root:	(1) constructor([], from: 0x295cBFeE5706490b1efA978Eb851D39358B9b9a5, value: 0
)	(2) TestOne([170], from: 0x7eE8a67c7fA826307C035afFA4C87440E35067fa, value: 0
)	(3) TestOne([219], from: 0x7aaACB20e6BCbDDd0836Ad6d112bd203820680af, value: 0
)	(4) TestThree([181], from: 0xFB6Ad167145cb02C49F406C5cDEB413f6c35172D, value: 0
)	(5) TestThree([240], from: 0x2F6F18Fc9E7fAA514Fe6bfd4A43D6d040DeB510f, value: 0
)	(6) TestOne([204], from: 0x7eE8a67c7fA826307C035afFA4C87440E35067fa, value: 0
)	(7) TestTwo([0], from: 0x5d908Ff4C9A0db233ED593FD348f0Ab145302B09, value: 0
)	(8) TestTwo([156], from: 0x18922963c1A358058aC1Ec07e91BcA2A7a098053, value: 0
)	(9) TestOne([128], from: 0x857aeAC8C720A275d1f52919AFc3F0b69376E958, value: 0
)	(10) TestOne([2], from: 0x2aB209D5793dd40683683c50A2ceD2632DF8b9a3, value: 0
)
INFO:root:
INFO:root:	(1) constructor([], from: 0x2De5685fAA78E31603a51a6F3ee935a1D31d02eF, value: 0
)	(2) TestTwo([127], from: 0x18922963c1A358058aC1Ec07e91BcA2A7a098053, value: 0
)
INFO:root:
INFO:root:	(1) constructor([], from: 0x7aaACB20e6BCbDDd0836Ad6d112bd203820680af, value: 0
)	(2) TestTwo([44], from: 0x857aeAC8C720A275d1f52919AFc3F0b69376E958, value: 0
)	(3) TestOne([59], from: 0x2aB209D5793dd40683683c50A2ceD2632DF8b9a3, value: 0
)	(4) TestTwo([99], from: 0xFB6Ad167145cb02C49F406C5cDEB413f6c35172D, value: 0
)	(5) TestThree([245], from: 0x857aeAC8C720A275d1f52919AFc3F0b69376E958, value: 0
)	(6) TestTwo([128], from: 0x5d908Ff4C9A0db233ED593FD348f0Ab145302B09, value: 0
)	(7) TestTwo([99], from: 0x857aeAC8C720A275d1f52919AFc3F0b69376E958, value: 0
)	(8) TestOne([162], from: 0x2F6F18Fc9E7fAA514Fe6bfd4A43D6d040DeB510f, value: 0
)	(9) TestOne([136], from: 0x5d908Ff4C9A0db233ED593FD348f0Ab145302B09, value: 0
)	(10) TestThree([59], from: 0x18922963c1A358058aC1Ec07e91BcA2A7a098053, value: 0
)	(11) TestOne([246], from: 0x7eE8a67c7fA826307C035afFA4C87440E35067fa, value: 0
)	(12) TestOne([2], from: 0x7aaACB20e6BCbDDd0836Ad6d112bd203820680af, value: 0
)	(13) TestTwo([130], from: 0x7aaACB20e6BCbDDd0836Ad6d112bd203820680af, value: 0
)	(14) TestThree([12], from: 0x2aB209D5793dd40683683c50A2ceD2632DF8b9a3, value: 0
)	(15) TestTwo([192], from: 0x2De5685fAA78E31603a51a6F3ee935a1D31d02eF, value: 0
)	(16) TestOne([25], from: 0x7aaACB20e6BCbDDd0836Ad6d112bd203820680af, value: 0
)
INFO:root:
INFO:root:	Generating Offspring...
INFO:root:	Deploying and testing...
