INFO:root:Ignoring the following functions: 
INFO:root:addressesA()
INFO:root:Creating CDG...
INFO:root:Contract CDG has been created and looks as follows:

INFO:root:Nodes:
INFO:root:Node_id: ('_dispatcher', 1)
	start_pc: 0
	end_pc: 12
	incoming node ids: []
	outgoing node ids: [('_dispatcher', 2), ('_fallback', 1)]
INFO:root:Node_id: ('_dispatcher', 2)
	start_pc: 13
	end_pc: 63
	incoming node ids: [('_dispatcher', 1)]
	outgoing node ids: [('_dispatcher', 3), ('0x775c1a', 1)]
INFO:root:Node_id: ('_dispatcher', 3)
	start_pc: 64
	end_pc: 73
	incoming node ids: [('_dispatcher', 2)]
	outgoing node ids: [('_dispatcher', 4), ('0xf04761', 1)]
INFO:root:Node_id: ('_dispatcher', 4)
	start_pc: 74
	end_pc: 84
	incoming node ids: [('_dispatcher', 3)]
	outgoing node ids: [('0xa4502ad', 1), ('Shared', 1), ('Shared', 9), ('_dispatcher', 5)]
INFO:root:Node_id: ('0xa4502ad', 1)
	start_pc: 624
	end_pc: 3724
	incoming node ids: [('_dispatcher', 4)]
	outgoing node ids: []
INFO:root:Node_id: ('Shared', 1)
	start_pc: 4540
	end_pc: 4561
	incoming node ids: [('_dispatcher', 4)]
	outgoing node ids: [('Shared', 2), ('Shared', 3)]
all node ids: [('0x3294c3cd', 19), ('0xa4502ad', 4)]
INFO:root:Node_id: ('Shared', 2)
	start_pc: 4562
	end_pc: 4670
	incoming node ids: [('Shared', 1)]
	outgoing node ids: []
all node ids: [('0x3294c3cd', 20), ('0xa4502ad', 5)]
INFO:root:Node_id: ('Shared', 3)
	start_pc: 4671
	end_pc: 4683
	incoming node ids: [('Shared', 1)]
	outgoing node ids: [('Shared', 5)]
all node ids: [('0x3294c3cd', 21), ('0xa4502ad', 6)]
INFO:root:Node_id: ('Shared', 5)
	start_pc: 4685
	end_pc: 4742
	incoming node ids: [('Shared', 3)]
	outgoing node ids: [('Shared', 6), ('Shared', 8)]
all node ids: [('0xa4502ad', 8), ('0x3294c3cd', 23)]
INFO:root:Node_id: ('Shared', 6)
	start_pc: 4743
	end_pc: 4757
	incoming node ids: [('Shared', 5)]
	outgoing node ids: [('Shared', 14)]
all node ids: [('0xa4502ad', 9), ('0x3294c3cd', 24)]
INFO:root:Node_id: ('Shared', 14)
	start_pc: 4759
	end_pc: 4814
	incoming node ids: [('Shared', 6)]
	outgoing node ids: [('Shared', 17)]
all node ids: [('0xa4502ad', 17), ('0x3294c3cd', 26)]
INFO:root:Node_id: ('Shared', 17)
	start_pc: 4816
	end_pc: 4903
	incoming node ids: [('Shared', 14)]
	outgoing node ids: [('Shared', 20)]
all node ids: [('0x3294c3cd', 29), ('0xa4502ad', 20)]
INFO:root:Node_id: ('Shared', 20)
	start_pc: 4905
	end_pc: 4950
	incoming node ids: [('Shared', 17)]
	outgoing node ids: []
all node ids: [('0xa4502ad', 24), ('0x3294c3cd', 34)]
INFO:root:Node_id: ('Shared', 8)
	start_pc: 4951
	end_pc: 4970
	incoming node ids: [('Shared', 5)]
	outgoing node ids: []
all node ids: [('0x3294c3cd', 28), ('0xa4502ad', 11)]
INFO:root:Node_id: ('Shared', 9)
	start_pc: 8691
	end_pc: 8704
	incoming node ids: [('_dispatcher', 4)]
	outgoing node ids: [('Shared', 10), ('Shared', 13)]
all node ids: [('0x50bd2aba', 15), ('0xa4502ad', 12), ('0x3294c3cd', 31)]
INFO:root:Node_id: ('Shared', 10)
	start_pc: 8705
	end_pc: 8807
	incoming node ids: [('Shared', 9)]
	outgoing node ids: [('Shared', 11)]
all node ids: [('0x50bd2aba', 16), ('0x3294c3cd', 32), ('0xa4502ad', 13)]
INFO:root:Node_id: ('Shared', 11)
	start_pc: 8808
	end_pc: 8816
	incoming node ids: [('Shared', 10)]
	outgoing node ids: [('Shared', 12), ('Shared', 16)]
all node ids: [('0x3294c3cd', 35), ('0x50bd2aba', 18), ('0xa4502ad', 14)]
INFO:root:Node_id: ('Shared', 12)
	start_pc: 8817
	end_pc: 8831
	incoming node ids: [('Shared', 11)]
	outgoing node ids: []
all node ids: [('0x3294c3cd', 36), ('0xa4502ad', 15), ('0x50bd2aba', 19)]
INFO:root:Node_id: ('Shared', 16)
	start_pc: 8832
	end_pc: 8729
	incoming node ids: [('Shared', 11)]
	outgoing node ids: []
all node ids: [('0x3294c3cd', 38), ('0xa4502ad', 19), ('0x50bd2aba', 21)]
INFO:root:Node_id: ('Shared', 13)
	start_pc: 8730
	end_pc: 8734
	incoming node ids: [('Shared', 9)]
	outgoing node ids: [('0x50bd2aba', 20), ('Shared', 19)]
all node ids: [('0xa4502ad', 16), ('0x50bd2aba', 17), ('0x3294c3cd', 33)]
INFO:root:Node_id: ('0x50bd2aba', 20)
	start_pc: 7237
	end_pc: 2184
	incoming node ids: [('Shared', 13)]
	outgoing node ids: []
INFO:root:Node_id: ('Shared', 19)
	start_pc: 4971
	end_pc: 4982
	incoming node ids: [('Shared', 13)]
	outgoing node ids: [('0xa4502ad', 23), ('0x3294c3cd', 39)]
all node ids: [('0x3294c3cd', 37), ('0xa4502ad', 22)]
INFO:root:Node_id: ('0xa4502ad', 23)
	start_pc: 3725
	end_pc: 732
	incoming node ids: [('Shared', 19)]
	outgoing node ids: []
INFO:root:Node_id: ('0x3294c3cd', 39)
	start_pc: 6604
	end_pc: 1555
	incoming node ids: [('Shared', 19)]
	outgoing node ids: []
INFO:root:Node_id: ('_dispatcher', 5)
	start_pc: 85
	end_pc: 95
	incoming node ids: [('_dispatcher', 4)]
	outgoing node ids: [('0xf9da801', 1), ('0xf9da801', 11), ('Shared', 21), ('Shared', 22), ('Shared', 71), ('Shared', 89), ('Shared', 92), ('0x78537808', 76), ('0x78537808', 79), ('Shared', 32), ('Shared', 68), ('Shared', 49), ('_dispatcher', 6)]
INFO:root:Node_id: ('0xf9da801', 1)
	start_pc: 733
	end_pc: 5023
	incoming node ids: [('_dispatcher', 5)]
	outgoing node ids: [('0xf9da801', 5), ('0xf9da801', 4)]
INFO:root:Node_id: ('0xf9da801', 5)
	start_pc: 5044
	end_pc: 5059
	incoming node ids: [('0xf9da801', 1)]
	outgoing node ids: [('0xf9da801', 6)]
INFO:root:Node_id: ('0xf9da801', 6)
	start_pc: 5060
	end_pc: 5069
	incoming node ids: [('0xf9da801', 5)]
	outgoing node ids: [('0xf9da801', 7), ('0xf9da801', 10)]
INFO:root:Node_id: ('0xf9da801', 7)
	start_pc: 5070
	end_pc: 5083
	incoming node ids: [('0xf9da801', 6)]
	outgoing node ids: [('0xf9da801', 9)]
INFO:root:Node_id: ('0xf9da801', 9)
	start_pc: 5085
	end_pc: 5125
	incoming node ids: [('0xf9da801', 7)]
	outgoing node ids: []
INFO:root:Node_id: ('0xf9da801', 10)
	start_pc: 5126
	end_pc: 5130
	incoming node ids: [('0xf9da801', 6)]
	outgoing node ids: []
INFO:root:Node_id: ('0xf9da801', 11)
	start_pc: 5131
	end_pc: 5140
	incoming node ids: [('_dispatcher', 5)]
	outgoing node ids: [('0xf9da801', 15), ('0xf9da801', 12)]
INFO:root:Node_id: ('0xf9da801', 15)
	start_pc: 5240
	end_pc: 5266
	incoming node ids: [('0xf9da801', 11)]
	outgoing node ids: [('0xf9da801', 16), ('0xf9da801', 17)]
INFO:root:Node_id: ('0xf9da801', 16)
	start_pc: 5267
	end_pc: 5286
	incoming node ids: [('0xf9da801', 15)]
	outgoing node ids: []
INFO:root:Node_id: ('0xf9da801', 17)
	start_pc: 5287
	end_pc: 5298
	incoming node ids: [('0xf9da801', 15)]
	outgoing node ids: [('0xf9da801', 18)]
INFO:root:Node_id: ('0xf9da801', 18)
	start_pc: 5299
	end_pc: 5308
	incoming node ids: [('0xf9da801', 17)]
	outgoing node ids: [('0xf9da801', 21), ('0xf9da801', 19)]
INFO:root:Node_id: ('0xf9da801', 21)
	start_pc: 5457
	end_pc: 5461
	incoming node ids: [('0xf9da801', 18)]
	outgoing node ids: [('0xf9da801', 22)]
INFO:root:Node_id: ('0xf9da801', 22)
	start_pc: 5462
	end_pc: 5471
	incoming node ids: [('0xf9da801', 21)]
	outgoing node ids: [('0xf9da801', 23), ('0xf9da801', 30)]
INFO:root:Node_id: ('0xf9da801', 23)
	start_pc: 5472
	end_pc: 5486
	incoming node ids: [('0xf9da801', 22)]
	outgoing node ids: [('0xf9da801', 31)]
INFO:root:Node_id: ('0xf9da801', 31)
	start_pc: 5488
	end_pc: 5503
	incoming node ids: [('0xf9da801', 23)]
	outgoing node ids: [('0xf9da801', 32), ('0xf9da801', 36)]
INFO:root:Node_id: ('0xf9da801', 32)
	start_pc: 5504
	end_pc: 5515
	incoming node ids: [('0xf9da801', 31)]
	outgoing node ids: [('0xf9da801', 37)]
INFO:root:Node_id: ('0xf9da801', 37)
	start_pc: 5517
	end_pc: 5539
	incoming node ids: [('0xf9da801', 32)]
	outgoing node ids: [('0xf9da801', 41)]
INFO:root:Node_id: ('0xf9da801', 41)
	start_pc: 5541
	end_pc: 5609
	incoming node ids: [('0xf9da801', 37)]
	outgoing node ids: []
INFO:root:Node_id: ('0xf9da801', 36)
	start_pc: 5610
	end_pc: 5622
	incoming node ids: [('0xf9da801', 31)]
	outgoing node ids: []
INFO:root:Node_id: ('0xf9da801', 30)
	start_pc: 5623
	end_pc: 938
	incoming node ids: [('0xf9da801', 22)]
	outgoing node ids: [('0xf9da801', 39)]
INFO:root:Node_id: ('0xf9da801', 39)
	start_pc: 940
	end_pc: 948
	incoming node ids: [('0xf9da801', 30)]
	outgoing node ids: [('0xf9da801', 48), ('0xf9da801', 40)]
INFO:root:Node_id: ('0xf9da801', 48)
	start_pc: 967
	end_pc: 986
	incoming node ids: [('0xf9da801', 39)]
	outgoing node ids: []
INFO:root:Node_id: ('0xf9da801', 40)
	start_pc: 949
	end_pc: 966
	incoming node ids: [('0xf9da801', 39)]
	outgoing node ids: []
INFO:root:Node_id: ('0xf9da801', 19)
	start_pc: 5309
	end_pc: 5320
	incoming node ids: [('0xf9da801', 18)]
	outgoing node ids: [('0xf9da801', 26)]
INFO:root:Node_id: ('0xf9da801', 26)
	start_pc: 5322
	end_pc: 5337
	incoming node ids: [('0xf9da801', 19)]
	outgoing node ids: [('0xf9da801', 29), ('0xf9da801', 27)]
INFO:root:Node_id: ('0xf9da801', 29)
	start_pc: 5444
	end_pc: 5456
	incoming node ids: [('0xf9da801', 26)]
	outgoing node ids: []
INFO:root:Node_id: ('0xf9da801', 27)
	start_pc: 5338
	end_pc: 5349
	incoming node ids: [('0xf9da801', 26)]
	outgoing node ids: [('0xf9da801', 34)]
INFO:root:Node_id: ('0xf9da801', 34)
	start_pc: 5351
	end_pc: 5373
	incoming node ids: [('0xf9da801', 27)]
	outgoing node ids: [('0xf9da801', 50)]
INFO:root:Node_id: ('0xf9da801', 50)
	start_pc: 5375
	end_pc: 5443
	incoming node ids: [('0xf9da801', 34)]
	outgoing node ids: []
INFO:root:Node_id: ('0xf9da801', 12)
	start_pc: 5141
	end_pc: 5156
	incoming node ids: [('0xf9da801', 11)]
	outgoing node ids: [('0xf9da801', 14)]
INFO:root:Node_id: ('0xf9da801', 14)
	start_pc: 5158
	end_pc: 5172
	incoming node ids: [('0xf9da801', 12)]
	outgoing node ids: []
INFO:root:Node_id: ('Shared', 21)
	start_pc: 6826
	end_pc: 6838
	incoming node ids: [('_dispatcher', 5)]
	outgoing node ids: []
all node ids: [('0x78537808', 24), ('0xf9da801', 25), ('0xd124dd8e', 23), ('0x9ea98d55', 18), ('0x3da80d66', 4)]
INFO:root:Node_id: ('Shared', 22)
	start_pc: 7992
	end_pc: 8006
	incoming node ids: [('_dispatcher', 5)]
	outgoing node ids: [('Shared', 23)]
all node ids: [('0x9fce5c8e', 4), ('0x3294c3cd', 7), ('0xf9da801', 42), ('0xd124dd8e', 26), ('0x566a691b', 4), ('0x78537808', 25), ('0x9ea98d55', 23), ('0x3da80d66', 5)]
INFO:root:Node_id: ('Shared', 23)
	start_pc: 8007
	end_pc: 8015
	incoming node ids: [('Shared', 22)]
	outgoing node ids: [('Shared', 29), ('Shared', 30), ('Shared', 24)]
all node ids: [('0x9fce5c8e', 5), ('0x3294c3cd', 8), ('0x566a691b', 5), ('0x9ea98d55', 24), ('0x78537808', 26), ('0xd124dd8e', 27), ('0x3da80d66', 6), ('0xf9da801', 43)]
INFO:root:Node_id: ('Shared', 29)
	start_pc: 8115
	end_pc: 8125
	incoming node ids: [('Shared', 23)]
	outgoing node ids: []
all node ids: [('0x566a691b', 11), ('0x3294c3cd', 11), ('0x3da80d66', 12), ('0x78537808', 36), ('0x9fce5c8e', 11), ('0xd124dd8e', 36), ('0xf9da801', 51), ('0x9ea98d55', 34)]
INFO:root:Node_id: ('Shared', 30)
	start_pc: 8126
	end_pc: 8134
	incoming node ids: [('Shared', 23)]
	outgoing node ids: [('0x9fce5c8e', 13), ('Shared', 31), ('0x3294c3cd', 15), ('0x566a691b', 13)]
all node ids: [('0x78537808', 34), ('0x3da80d66', 13), ('0x3294c3cd', 12), ('0x566a691b', 12), ('0xd124dd8e', 37), ('0x9fce5c8e', 12), ('0x9ea98d55', 35), ('0xf9da801', 52)]
INFO:root:Node_id: ('0x9fce5c8e', 13)
	start_pc: 4104
	end_pc: 3202
	incoming node ids: [('Shared', 30)]
	outgoing node ids: []
INFO:root:Node_id: ('Shared', 31)
	start_pc: 6839
	end_pc: 6851
	incoming node ids: [('Shared', 30)]
	outgoing node ids: [('0x3da80d66', 15), ('Shared', 105), ('0xf9da801', 54), ('Shared', 113)]
all node ids: [('0x78537808', 37), ('0x9ea98d55', 39), ('0xd124dd8e', 39), ('0xf9da801', 53), ('0x3da80d66', 14)]
INFO:root:Node_id: ('0x3da80d66', 15)
	start_pc: 3985
	end_pc: 2075
	incoming node ids: [('Shared', 31)]
	outgoing node ids: []
INFO:root:Node_id: ('Shared', 105)
	start_pc: 8257
	end_pc: 8263
	incoming node ids: [('Shared', 31)]
	outgoing node ids: [('Shared', 110), ('Shared', 106)]
all node ids: [('0x78537808', 54), ('0xd124dd8e', 40)]
INFO:root:Node_id: ('Shared', 110)
	start_pc: 8308
	end_pc: 8320
	incoming node ids: [('Shared', 105)]
	outgoing node ids: []
all node ids: [('0xd124dd8e', 44), ('0x78537808', 59)]
INFO:root:Node_id: ('Shared', 71)
	start_pc: 8213
	end_pc: 8221
	incoming node ids: [('_dispatcher', 5)]
	outgoing node ids: [('Shared', 72), ('Shared', 75)]
all node ids: [('0x78537808', 7), ('0xd124dd8e', 7)]
INFO:root:Node_id: ('Shared', 72)
	start_pc: 8222
	end_pc: 8233
	incoming node ids: [('Shared', 71)]
	outgoing node ids: [('Shared', 74)]
all node ids: [('0xd124dd8e', 8), ('0x78537808', 8)]
INFO:root:Node_id: ('Shared', 74)
	start_pc: 8235
	end_pc: 8256
	incoming node ids: [('Shared', 72)]
	outgoing node ids: []
all node ids: [('0xd124dd8e', 10), ('0x78537808', 10)]
INFO:root:Node_id: ('Shared', 75)
	start_pc: 8321
	end_pc: 8347
	incoming node ids: [('Shared', 71)]
	outgoing node ids: [('Shared', 76), ('Shared', 77)]
all node ids: [('0xd124dd8e', 11), ('0x78537808', 11)]
INFO:root:Node_id: ('Shared', 76)
	start_pc: 8348
	end_pc: 8367
	incoming node ids: [('Shared', 75)]
	outgoing node ids: []
all node ids: [('0x78537808', 12), ('0xd124dd8e', 12)]
INFO:root:Node_id: ('Shared', 77)
	start_pc: 8368
	end_pc: 8379
	incoming node ids: [('Shared', 75)]
	outgoing node ids: [('Shared', 78)]
all node ids: [('0xd124dd8e', 13), ('0x78537808', 13)]
INFO:root:Node_id: ('Shared', 78)
	start_pc: 8380
	end_pc: 8388
	incoming node ids: [('Shared', 77)]
	outgoing node ids: [('Shared', 81), ('Shared', 79)]
all node ids: [('0x78537808', 14), ('0xd124dd8e', 14)]
INFO:root:Node_id: ('Shared', 81)
	start_pc: 8537
	end_pc: 8552
	incoming node ids: [('Shared', 78)]
	outgoing node ids: [('0x78537808', 33), ('0xd124dd8e', 24), ('0x78537808', 21)]
all node ids: [('0x78537808', 17), ('0xd124dd8e', 17)]
INFO:root:Node_id: ('0x78537808', 33)
	start_pc: 7537
	end_pc: 7548
	incoming node ids: [('Shared', 81)]
	outgoing node ids: []
INFO:root:Node_id: ('Shared', 89)
	start_pc: 7581
	end_pc: 7624
	incoming node ids: [('_dispatcher', 5)]
	outgoing node ids: [('Shared', 90), ('Shared', 91)]
all node ids: [('0x78537808', 38), ('0x9ea98d55', 4)]
INFO:root:Node_id: ('Shared', 90)
	start_pc: 7625
	end_pc: 7644
	incoming node ids: [('Shared', 89)]
	outgoing node ids: []
all node ids: [('0x78537808', 39), ('0x9ea98d55', 5)]
INFO:root:Node_id: ('Shared', 91)
	start_pc: 7645
	end_pc: 7656
	incoming node ids: [('Shared', 89)]
	outgoing node ids: []
all node ids: [('0x9ea98d55', 6), ('0x78537808', 40)]
INFO:root:Node_id: ('Shared', 92)
	start_pc: 7657
	end_pc: 7665
	incoming node ids: [('_dispatcher', 5)]
	outgoing node ids: [('Shared', 95), ('Shared', 93)]
all node ids: [('0x78537808', 41), ('0x9ea98d55', 7)]
INFO:root:Node_id: ('Shared', 95)
	start_pc: 7761
	end_pc: 7787
	incoming node ids: [('Shared', 92)]
	outgoing node ids: [('Shared', 97), ('Shared', 96)]
all node ids: [('0x78537808', 44), ('0x9ea98d55', 11)]
INFO:root:Node_id: ('Shared', 97)
	start_pc: 7808
	end_pc: 7819
	incoming node ids: [('Shared', 95)]
	outgoing node ids: [('Shared', 98)]
all node ids: [('0x78537808', 46), ('0x9ea98d55', 13)]
INFO:root:Node_id: ('Shared', 98)
	start_pc: 7820
	end_pc: 7828
	incoming node ids: [('Shared', 97)]
	outgoing node ids: [('Shared', 116), ('Shared', 99)]
all node ids: [('0x9ea98d55', 14), ('0x78537808', 47)]
INFO:root:Node_id: ('Shared', 116)
	start_pc: 7977
	end_pc: 7991
	incoming node ids: [('Shared', 98)]
	outgoing node ids: [('0x9ea98d55', 22), ('0x78537808', 66)]
all node ids: [('0x9ea98d55', 17), ('0x78537808', 65)]
INFO:root:Node_id: ('0x9ea98d55', 22)
	start_pc: 4083
	end_pc: 2989
	incoming node ids: [('Shared', 116)]
	outgoing node ids: [('0x9ea98d55', 29)]
INFO:root:Node_id: ('0x9ea98d55', 29)
	start_pc: 2991
	end_pc: 2999
	incoming node ids: [('0x9ea98d55', 22)]
	outgoing node ids: [('0x9ea98d55', 33), ('0x9ea98d55', 30)]
INFO:root:Node_id: ('0x9ea98d55', 33)
	start_pc: 3018
	end_pc: 3037
	incoming node ids: [('0x9ea98d55', 29)]
	outgoing node ids: []
INFO:root:Node_id: ('0x9ea98d55', 30)
	start_pc: 3000
	end_pc: 3017
	incoming node ids: [('0x9ea98d55', 29)]
	outgoing node ids: []
INFO:root:Node_id: ('0x78537808', 76)
	start_pc: 2697
	end_pc: 2735
	incoming node ids: [('_dispatcher', 5)]
	outgoing node ids: [('0x78537808', 77)]
INFO:root:Node_id: ('0x78537808', 77)
	start_pc: 2737
	end_pc: 2745
	incoming node ids: [('0x78537808', 76)]
	outgoing node ids: [('0x78537808', 78), ('0x78537808', 84)]
INFO:root:Node_id: ('0x78537808', 78)
	start_pc: 2746
	end_pc: 2763
	incoming node ids: [('0x78537808', 77)]
	outgoing node ids: []
INFO:root:Node_id: ('0x78537808', 84)
	start_pc: 2764
	end_pc: 2783
	incoming node ids: [('0x78537808', 77)]
	outgoing node ids: []
INFO:root:Node_id: ('0x78537808', 79)
	start_pc: 4063
	end_pc: 4070
	incoming node ids: [('_dispatcher', 5)]
	outgoing node ids: []
INFO:root:Node_id: ('0x78537808', 66)
	start_pc: 7549
	end_pc: 7564
	incoming node ids: [('Shared', 116)]
	outgoing node ids: []
INFO:root:Node_id: ('Shared', 32)
	start_pc: 5637
	end_pc: 5682
	incoming node ids: [('_dispatcher', 5)]
	outgoing node ids: [('Shared', 33), ('Shared', 34)]
all node ids: [('0x78537808', 70), ('0x20af660c', 4)]
INFO:root:Node_id: ('Shared', 33)
	start_pc: 5683
	end_pc: 5702
	incoming node ids: [('Shared', 32)]
	outgoing node ids: []
all node ids: [('0x78537808', 71), ('0x20af660c', 5)]
INFO:root:Node_id: ('Shared', 34)
	start_pc: 5703
	end_pc: 5710
	incoming node ids: [('Shared', 32)]
	outgoing node ids: [('Shared', 35)]
all node ids: [('0x78537808', 72), ('0x20af660c', 6)]
INFO:root:Node_id: ('Shared', 35)
	start_pc: 5711
	end_pc: 5719
	incoming node ids: [('Shared', 34)]
	outgoing node ids: [('Shared', 41), ('Shared', 36)]
all node ids: [('0x78537808', 73), ('0x20af660c', 7)]
INFO:root:Node_id: ('Shared', 41)
	start_pc: 5830
	end_pc: 5834
	incoming node ids: [('Shared', 35)]
	outgoing node ids: [('Shared', 42)]
all node ids: [('0x78537808', 80), ('0x20af660c', 13)]
INFO:root:Node_id: ('Shared', 42)
	start_pc: 5835
	end_pc: 5843
	incoming node ids: [('Shared', 41)]
	outgoing node ids: [('Shared', 47), ('Shared', 43)]
all node ids: [('0x78537808', 81), ('0x20af660c', 14)]
INFO:root:Node_id: ('Shared', 47)
	start_pc: 5956
	end_pc: 5968
	incoming node ids: [('Shared', 42)]
	outgoing node ids: [('0x78537808', 90), ('0x78537808', 93), ('0x20af660c', 21)]
all node ids: [('0x20af660c', 19), ('0x78537808', 89)]
INFO:root:Node_id: ('0x78537808', 90)
	start_pc: 7565
	end_pc: 7569
	incoming node ids: [('Shared', 47)]
	outgoing node ids: []
INFO:root:Node_id: ('0x78537808', 93)
	start_pc: 7570
	end_pc: 7580
	incoming node ids: [('Shared', 47)]
	outgoing node ids: []
INFO:root:Node_id: ('0x20af660c', 21)
	start_pc: 3764
	end_pc: 1192
	incoming node ids: [('Shared', 47)]
	outgoing node ids: [('0x20af660c', 22)]
INFO:root:Node_id: ('0x20af660c', 22)
	start_pc: 1194
	end_pc: 1202
	incoming node ids: [('0x20af660c', 21)]
	outgoing node ids: [('0x20af660c', 23), ('0x20af660c', 24)]
INFO:root:Node_id: ('0x20af660c', 23)
	start_pc: 1203
	end_pc: 1220
	incoming node ids: [('0x20af660c', 22)]
	outgoing node ids: []
INFO:root:Node_id: ('0x20af660c', 24)
	start_pc: 1221
	end_pc: 1240
	incoming node ids: [('0x20af660c', 22)]
	outgoing node ids: []
INFO:root:Node_id: ('Shared', 43)
	start_pc: 5844
	end_pc: 5855
	incoming node ids: [('Shared', 42)]
	outgoing node ids: [('Shared', 45)]
all node ids: [('0x20af660c', 15), ('0x78537808', 82)]
INFO:root:Node_id: ('Shared', 45)
	start_pc: 5857
	end_pc: 5881
	incoming node ids: [('Shared', 43)]
	outgoing node ids: [('Shared', 48)]
all node ids: [('0x20af660c', 17), ('0x78537808', 85)]
INFO:root:Node_id: ('Shared', 48)
	start_pc: 5883
	end_pc: 5955
	incoming node ids: [('Shared', 45)]
	outgoing node ids: []
all node ids: [('0x20af660c', 20), ('0x78537808', 92)]
INFO:root:Node_id: ('Shared', 36)
	start_pc: 5720
	end_pc: 5731
	incoming node ids: [('Shared', 35)]
	outgoing node ids: [('Shared', 38)]
all node ids: [('0x78537808', 74), ('0x20af660c', 8)]
INFO:root:Node_id: ('Shared', 38)
	start_pc: 5733
	end_pc: 5755
	incoming node ids: [('Shared', 36)]
	outgoing node ids: [('Shared', 40)]
all node ids: [('0x78537808', 87), ('0x20af660c', 10)]
INFO:root:Node_id: ('Shared', 40)
	start_pc: 5757
	end_pc: 5829
	incoming node ids: [('Shared', 38)]
	outgoing node ids: []
all node ids: [('0x20af660c', 12), ('0x78537808', 91)]
INFO:root:Node_id: ('Shared', 99)
	start_pc: 7829
	end_pc: 7840
	incoming node ids: [('Shared', 98)]
	outgoing node ids: [('Shared', 102)]
all node ids: [('0x9ea98d55', 15), ('0x78537808', 48)]
INFO:root:Node_id: ('Shared', 102)
	start_pc: 7842
	end_pc: 7857
	incoming node ids: [('Shared', 99)]
	outgoing node ids: [('Shared', 103), ('Shared', 112)]
all node ids: [('0x9ea98d55', 19), ('0x78537808', 51)]
INFO:root:Node_id: ('Shared', 103)
	start_pc: 7858
	end_pc: 7869
	incoming node ids: [('Shared', 102)]
	outgoing node ids: [('Shared', 108)]
all node ids: [('0x78537808', 52), ('0x9ea98d55', 20)]
INFO:root:Node_id: ('Shared', 108)
	start_pc: 7871
	end_pc: 7893
	incoming node ids: [('Shared', 103)]
	outgoing node ids: [('Shared', 117)]
all node ids: [('0x78537808', 57), ('0x9ea98d55', 27)]
INFO:root:Node_id: ('Shared', 117)
	start_pc: 7895
	end_pc: 7963
	incoming node ids: [('Shared', 108)]
	outgoing node ids: []
all node ids: [('0x9ea98d55', 31), ('0x78537808', 67)]
INFO:root:Node_id: ('Shared', 112)
	start_pc: 7964
	end_pc: 7976
	incoming node ids: [('Shared', 102)]
	outgoing node ids: []
all node ids: [('0x9ea98d55', 32), ('0x78537808', 61)]
INFO:root:Node_id: ('Shared', 96)
	start_pc: 7788
	end_pc: 7807
	incoming node ids: [('Shared', 95)]
	outgoing node ids: []
all node ids: [('0x78537808', 45), ('0x9ea98d55', 12)]
INFO:root:Node_id: ('Shared', 93)
	start_pc: 7666
	end_pc: 7681
	incoming node ids: [('Shared', 92)]
	outgoing node ids: [('Shared', 101)]
all node ids: [('0x9ea98d55', 8), ('0x78537808', 42)]
INFO:root:Node_id: ('Shared', 101)
	start_pc: 7683
	end_pc: 7697
	incoming node ids: [('Shared', 93)]
	outgoing node ids: []
all node ids: [('0x78537808', 50), ('0x9ea98d55', 10)]
INFO:root:Node_id: ('0xd124dd8e', 24)
	start_pc: 4189
	end_pc: 3517
	incoming node ids: [('Shared', 81)]
	outgoing node ids: [('0xd124dd8e', 30)]
INFO:root:Node_id: ('0xd124dd8e', 30)
	start_pc: 3519
	end_pc: 3527
	incoming node ids: [('0xd124dd8e', 24)]
	outgoing node ids: [('0xd124dd8e', 33), ('0xd124dd8e', 31)]
INFO:root:Node_id: ('0xd124dd8e', 33)
	start_pc: 3546
	end_pc: 3565
	incoming node ids: [('0xd124dd8e', 30)]
	outgoing node ids: []
INFO:root:Node_id: ('0xd124dd8e', 31)
	start_pc: 3528
	end_pc: 3545
	incoming node ids: [('0xd124dd8e', 30)]
	outgoing node ids: []
INFO:root:Node_id: ('0x78537808', 21)
	start_pc: 7525
	end_pc: 7536
	incoming node ids: [('Shared', 81)]
	outgoing node ids: []
INFO:root:Node_id: ('Shared', 68)
	start_pc: 8135
	end_pc: 8180
	incoming node ids: [('_dispatcher', 5)]
	outgoing node ids: [('Shared', 70), ('Shared', 69)]
all node ids: [('0x78537808', 4), ('0xd124dd8e', 4)]
INFO:root:Node_id: ('Shared', 70)
	start_pc: 8201
	end_pc: 8212
	incoming node ids: [('Shared', 68)]
	outgoing node ids: []
all node ids: [('0x78537808', 6), ('0xd124dd8e', 6)]
INFO:root:Node_id: ('Shared', 69)
	start_pc: 8181
	end_pc: 8200
	incoming node ids: [('Shared', 68)]
	outgoing node ids: []
all node ids: [('0xd124dd8e', 5), ('0x78537808', 5)]
INFO:root:Node_id: ('Shared', 79)
	start_pc: 8389
	end_pc: 8400
	incoming node ids: [('Shared', 78)]
	outgoing node ids: [('Shared', 82)]
all node ids: [('0x78537808', 15), ('0xd124dd8e', 15)]
INFO:root:Node_id: ('Shared', 82)
	start_pc: 8402
	end_pc: 8417
	incoming node ids: [('Shared', 79)]
	outgoing node ids: [('Shared', 87), ('Shared', 83)]
all node ids: [('0xd124dd8e', 18), ('0x78537808', 18)]
INFO:root:Node_id: ('Shared', 87)
	start_pc: 8524
	end_pc: 8536
	incoming node ids: [('Shared', 82)]
	outgoing node ids: []
all node ids: [('0xd124dd8e', 25), ('0x78537808', 27)]
INFO:root:Node_id: ('Shared', 83)
	start_pc: 8418
	end_pc: 8429
	incoming node ids: [('Shared', 82)]
	outgoing node ids: [('Shared', 85)]
all node ids: [('0xd124dd8e', 19), ('0x78537808', 19)]
INFO:root:Node_id: ('Shared', 85)
	start_pc: 8431
	end_pc: 8453
	incoming node ids: [('Shared', 83)]
	outgoing node ids: [('Shared', 88)]
all node ids: [('0x78537808', 22), ('0xd124dd8e', 21)]
INFO:root:Node_id: ('Shared', 88)
	start_pc: 8455
	end_pc: 8523
	incoming node ids: [('Shared', 85)]
	outgoing node ids: []
all node ids: [('0x78537808', 30), ('0xd124dd8e', 32)]
INFO:root:Node_id: ('Shared', 106)
	start_pc: 8264
	end_pc: 8277
	incoming node ids: [('Shared', 105)]
	outgoing node ids: [('Shared', 111)]
all node ids: [('0x78537808', 55), ('0xd124dd8e', 41)]
INFO:root:Node_id: ('Shared', 111)
	start_pc: 8279
	end_pc: 8307
	incoming node ids: [('Shared', 106)]
	outgoing node ids: []
all node ids: [('0x78537808', 60), ('0xd124dd8e', 43)]
INFO:root:Node_id: ('0xf9da801', 54)
	start_pc: 5173
	end_pc: 5179
	incoming node ids: [('Shared', 31)]
	outgoing node ids: [('0xf9da801', 55), ('0xf9da801', 58)]
INFO:root:Node_id: ('0xf9da801', 55)
	start_pc: 5180
	end_pc: 5196
	incoming node ids: [('0xf9da801', 54)]
	outgoing node ids: [('0xf9da801', 57)]
INFO:root:Node_id: ('0xf9da801', 57)
	start_pc: 5198
	end_pc: 5226
	incoming node ids: [('0xf9da801', 55)]
	outgoing node ids: []
INFO:root:Node_id: ('0xf9da801', 58)
	start_pc: 5227
	end_pc: 5239
	incoming node ids: [('0xf9da801', 54)]
	outgoing node ids: []
INFO:root:Node_id: ('Shared', 113)
	start_pc: 7698
	end_pc: 7703
	incoming node ids: [('Shared', 31)]
	outgoing node ids: [('Shared', 118), ('Shared', 114)]
all node ids: [('0x78537808', 62), ('0x9ea98d55', 40)]
INFO:root:Node_id: ('Shared', 118)
	start_pc: 7748
	end_pc: 7760
	incoming node ids: [('Shared', 113)]
	outgoing node ids: []
all node ids: [('0x9ea98d55', 43), ('0x78537808', 68)]
INFO:root:Node_id: ('Shared', 114)
	start_pc: 7704
	end_pc: 7717
	incoming node ids: [('Shared', 113)]
	outgoing node ids: [('Shared', 119)]
all node ids: [('0x9ea98d55', 41), ('0x78537808', 63)]
INFO:root:Node_id: ('Shared', 119)
	start_pc: 7719
	end_pc: 7747
	incoming node ids: [('Shared', 114)]
	outgoing node ids: []
all node ids: [('0x78537808', 69), ('0x9ea98d55', 44)]
INFO:root:Node_id: ('0x3294c3cd', 15)
	start_pc: 6473
	end_pc: 6484
	incoming node ids: [('Shared', 30)]
	outgoing node ids: [('0x3294c3cd', 16), ('0x3294c3cd', 18)]
INFO:root:Node_id: ('0x3294c3cd', 16)
	start_pc: 6485
	end_pc: 6593
	incoming node ids: [('0x3294c3cd', 15)]
	outgoing node ids: []
INFO:root:Node_id: ('0x3294c3cd', 18)
	start_pc: 6594
	end_pc: 6603
	incoming node ids: [('0x3294c3cd', 15)]
	outgoing node ids: []
INFO:root:Node_id: ('0x566a691b', 13)
	start_pc: 7267
	end_pc: 7278
	incoming node ids: [('Shared', 30)]
	outgoing node ids: [('0x566a691b', 15), ('0x566a691b', 14)]
INFO:root:Node_id: ('0x566a691b', 15)
	start_pc: 7283
	end_pc: 7292
	incoming node ids: [('0x566a691b', 13)]
	outgoing node ids: []
INFO:root:Node_id: ('Shared', 49)
	start_pc: 5969
	end_pc: 6011
	incoming node ids: [('_dispatcher', 5)]
	outgoing node ids: [('Shared', 50), ('Shared', 51)]
all node ids: [('0x2bff89b9', 4), ('0x566a691b', 16)]
INFO:root:Node_id: ('Shared', 50)
	start_pc: 6012
	end_pc: 6031
	incoming node ids: [('Shared', 49)]
	outgoing node ids: []
all node ids: [('0x566a691b', 17), ('0x2bff89b9', 5)]
INFO:root:Node_id: ('Shared', 51)
	start_pc: 6032
	end_pc: 6039
	incoming node ids: [('Shared', 49)]
	outgoing node ids: [('Shared', 52)]
all node ids: [('0x2bff89b9', 6), ('0x566a691b', 18)]
INFO:root:Node_id: ('Shared', 52)
	start_pc: 6040
	end_pc: 6048
	incoming node ids: [('Shared', 51)]
	outgoing node ids: [('Shared', 55), ('Shared', 53)]
all node ids: [('0x566a691b', 19), ('0x2bff89b9', 7)]
INFO:root:Node_id: ('Shared', 55)
	start_pc: 6159
	end_pc: 6165
	incoming node ids: [('Shared', 52)]
	outgoing node ids: [('Shared', 56)]
all node ids: [('0x2bff89b9', 10), ('0x566a691b', 22)]
INFO:root:Node_id: ('Shared', 56)
	start_pc: 6166
	end_pc: 6174
	incoming node ids: [('Shared', 55)]
	outgoing node ids: [('Shared', 57), ('Shared', 59)]
all node ids: [('0x2bff89b9', 11), ('0x566a691b', 23)]
INFO:root:Node_id: ('Shared', 57)
	start_pc: 6175
	end_pc: 6186
	incoming node ids: [('Shared', 56)]
	outgoing node ids: [('Shared', 63)]
all node ids: [('0x2bff89b9', 12), ('0x566a691b', 24)]
INFO:root:Node_id: ('Shared', 63)
	start_pc: 6188
	end_pc: 6213
	incoming node ids: [('Shared', 57)]
	outgoing node ids: [('Shared', 65)]
all node ids: [('0x2bff89b9', 18), ('0x566a691b', 30)]
INFO:root:Node_id: ('Shared', 65)
	start_pc: 6215
	end_pc: 6287
	incoming node ids: [('Shared', 63)]
	outgoing node ids: []
all node ids: [('0x2bff89b9', 20), ('0x566a691b', 32)]
INFO:root:Node_id: ('Shared', 59)
	start_pc: 6288
	end_pc: 6301
	incoming node ids: [('Shared', 56)]
	outgoing node ids: [('Shared', 67)]
all node ids: [('0x2bff89b9', 14), ('0x566a691b', 26)]
INFO:root:Node_id: ('Shared', 67)
	start_pc: 6303
	end_pc: 6326
	incoming node ids: [('Shared', 59)]
	outgoing node ids: [('0x566a691b', 35), ('0x2bff89b9', 23)]
all node ids: [('0x2bff89b9', 22), ('0x566a691b', 34)]
INFO:root:Node_id: ('0x566a691b', 35)
	start_pc: 7293
	end_pc: 2355
	incoming node ids: [('Shared', 67)]
	outgoing node ids: [('0x566a691b', 36)]
INFO:root:Node_id: ('0x566a691b', 36)
	start_pc: 2357
	end_pc: 2365
	incoming node ids: [('0x566a691b', 35)]
	outgoing node ids: [('0x566a691b', 37), ('0x566a691b', 38)]
INFO:root:Node_id: ('0x566a691b', 37)
	start_pc: 2366
	end_pc: 2383
	incoming node ids: [('0x566a691b', 36)]
	outgoing node ids: []
INFO:root:Node_id: ('0x566a691b', 38)
	start_pc: 2384
	end_pc: 2403
	incoming node ids: [('0x566a691b', 36)]
	outgoing node ids: []
INFO:root:Node_id: ('0x2bff89b9', 23)
	start_pc: 3786
	end_pc: 1439
	incoming node ids: [('Shared', 67)]
	outgoing node ids: [('0x2bff89b9', 24)]
INFO:root:Node_id: ('0x2bff89b9', 24)
	start_pc: 1441
	end_pc: 1449
	incoming node ids: [('0x2bff89b9', 23)]
	outgoing node ids: [('0x2bff89b9', 26), ('0x2bff89b9', 25)]
INFO:root:Node_id: ('0x2bff89b9', 26)
	start_pc: 1468
	end_pc: 1488
	incoming node ids: [('0x2bff89b9', 24)]
	outgoing node ids: []
INFO:root:Node_id: ('0x2bff89b9', 25)
	start_pc: 1450
	end_pc: 1467
	incoming node ids: [('0x2bff89b9', 24)]
	outgoing node ids: []
INFO:root:Node_id: ('Shared', 53)
	start_pc: 6049
	end_pc: 6060
	incoming node ids: [('Shared', 52)]
	outgoing node ids: [('Shared', 61)]
all node ids: [('0x566a691b', 20), ('0x2bff89b9', 8)]
INFO:root:Node_id: ('Shared', 61)
	start_pc: 6062
	end_pc: 6084
	incoming node ids: [('Shared', 53)]
	outgoing node ids: [('Shared', 66)]
all node ids: [('0x566a691b', 28), ('0x2bff89b9', 16)]
INFO:root:Node_id: ('Shared', 66)
	start_pc: 6086
	end_pc: 6158
	incoming node ids: [('Shared', 61)]
	outgoing node ids: []
all node ids: [('0x566a691b', 33), ('0x2bff89b9', 21)]
INFO:root:Node_id: ('0x566a691b', 14)
	start_pc: 7279
	end_pc: 7282
	incoming node ids: [('0x566a691b', 13)]
	outgoing node ids: []
INFO:root:Node_id: ('Shared', 24)
	start_pc: 8016
	end_pc: 8050
	incoming node ids: [('Shared', 23)]
	outgoing node ids: [('Shared', 26)]
all node ids: [('0x9fce5c8e', 6), ('0xf9da801', 44), ('0x3294c3cd', 9), ('0x9ea98d55', 25), ('0x566a691b', 6), ('0x78537808', 28), ('0xd124dd8e', 28), ('0x3da80d66', 7)]
INFO:root:Node_id: ('Shared', 26)
	start_pc: 8052
	end_pc: 8090
	incoming node ids: [('Shared', 24)]
	outgoing node ids: [('Shared', 28), ('Shared', 27)]
all node ids: [('0xd124dd8e', 34), ('0x9fce5c8e', 8), ('0xf9da801', 46), ('0x3da80d66', 9), ('0x3294c3cd', 13), ('0x9ea98d55', 36), ('0x78537808', 31), ('0x566a691b', 8)]
INFO:root:Node_id: ('Shared', 28)
	start_pc: 8102
	end_pc: 8114
	incoming node ids: [('Shared', 26)]
	outgoing node ids: []
all node ids: [('0x566a691b', 10), ('0x78537808', 35), ('0x9fce5c8e', 10), ('0x3da80d66', 11), ('0xf9da801', 49), ('0x3294c3cd', 17), ('0x9ea98d55', 38), ('0xd124dd8e', 38)]
INFO:root:Node_id: ('Shared', 27)
	start_pc: 8091
	end_pc: 8101
	incoming node ids: [('Shared', 26)]
	outgoing node ids: []
all node ids: [('0xd124dd8e', 35), ('0x9fce5c8e', 9), ('0xf9da801', 47), ('0x3294c3cd', 14), ('0x3da80d66', 10), ('0x9ea98d55', 37), ('0x566a691b', 9), ('0x78537808', 32)]
INFO:root:Node_id: ('0xf9da801', 4)
	start_pc: 5024
	end_pc: 5043
	incoming node ids: [('0xf9da801', 1)]
	outgoing node ids: []
INFO:root:Node_id: ('_dispatcher', 6)
	start_pc: 96
	end_pc: 106
	incoming node ids: [('_dispatcher', 5)]
	outgoing node ids: [('0x20af660c', 1), ('_dispatcher', 7)]
INFO:root:Node_id: ('0x20af660c', 1)
	start_pc: 987
	end_pc: 3763
	incoming node ids: [('_dispatcher', 6)]
	outgoing node ids: []
INFO:root:Node_id: ('_dispatcher', 7)
	start_pc: 107
	end_pc: 117
	incoming node ids: [('_dispatcher', 6)]
	outgoing node ids: [('_dispatcher', 8), ('0x2bff89b9', 1)]
INFO:root:Node_id: ('_dispatcher', 8)
	start_pc: 118
	end_pc: 128
	incoming node ids: [('_dispatcher', 7)]
	outgoing node ids: [('_dispatcher', 9), ('0x3294c3cd', 1)]
INFO:root:Node_id: ('_dispatcher', 9)
	start_pc: 129
	end_pc: 139
	incoming node ids: [('_dispatcher', 8)]
	outgoing node ids: [('_dispatcher', 10), ('0x380fa29a', 1)]
INFO:root:Node_id: ('_dispatcher', 10)
	start_pc: 140
	end_pc: 150
	incoming node ids: [('_dispatcher', 9)]
	outgoing node ids: [('_dispatcher', 11), ('0x3c3300c5', 1)]
INFO:root:Node_id: ('_dispatcher', 11)
	start_pc: 151
	end_pc: 161
	incoming node ids: [('_dispatcher', 10)]
	outgoing node ids: [('_dispatcher', 12), ('0x3da80d66', 1)]
INFO:root:Node_id: ('_dispatcher', 12)
	start_pc: 162
	end_pc: 172
	incoming node ids: [('_dispatcher', 11)]
	outgoing node ids: [('0x50bd2aba', 1), ('_dispatcher', 13)]
INFO:root:Node_id: ('0x50bd2aba', 1)
	start_pc: 2076
	end_pc: 6874
	incoming node ids: [('_dispatcher', 12)]
	outgoing node ids: [('0x50bd2aba', 4), ('0x50bd2aba', 5)]
INFO:root:Node_id: ('0x50bd2aba', 4)
	start_pc: 6875
	end_pc: 6983
	incoming node ids: [('0x50bd2aba', 1)]
	outgoing node ids: []
INFO:root:Node_id: ('0x50bd2aba', 5)
	start_pc: 6984
	end_pc: 6996
	incoming node ids: [('0x50bd2aba', 1)]
	outgoing node ids: [('0x50bd2aba', 7)]
INFO:root:Node_id: ('0x50bd2aba', 7)
	start_pc: 6998
	end_pc: 7046
	incoming node ids: [('0x50bd2aba', 5)]
	outgoing node ids: [('0x50bd2aba', 8)]
INFO:root:Node_id: ('0x50bd2aba', 8)
	start_pc: 7047
	end_pc: 7058
	incoming node ids: [('0x50bd2aba', 7)]
	outgoing node ids: [('0x50bd2aba', 9), ('0x50bd2aba', 13)]
INFO:root:Node_id: ('0x50bd2aba', 9)
	start_pc: 7059
	end_pc: 7073
	incoming node ids: [('0x50bd2aba', 8)]
	outgoing node ids: [('0x50bd2aba', 11)]
INFO:root:Node_id: ('0x50bd2aba', 11)
	start_pc: 7075
	end_pc: 7130
	incoming node ids: [('0x50bd2aba', 9)]
	outgoing node ids: [('0x50bd2aba', 14)]
INFO:root:Node_id: ('0x50bd2aba', 14)
	start_pc: 7132
	end_pc: 7216
	incoming node ids: [('0x50bd2aba', 11)]
	outgoing node ids: []
INFO:root:Node_id: ('0x50bd2aba', 13)
	start_pc: 7217
	end_pc: 7236
	incoming node ids: [('0x50bd2aba', 8)]
	outgoing node ids: []
INFO:root:Node_id: ('_dispatcher', 13)
	start_pc: 173
	end_pc: 183
	incoming node ids: [('_dispatcher', 12)]
	outgoing node ids: [('0x566a691b', 1), ('_dispatcher', 14)]
INFO:root:Node_id: ('0x566a691b', 1)
	start_pc: 2185
	end_pc: 7266
	incoming node ids: [('_dispatcher', 13)]
	outgoing node ids: []
INFO:root:Node_id: ('_dispatcher', 14)
	start_pc: 184
	end_pc: 194
	incoming node ids: [('_dispatcher', 13)]
	outgoing node ids: [('0x64c20abc', 1), ('_dispatcher', 15)]
INFO:root:Node_id: ('0x64c20abc', 1)
	start_pc: 2404
	end_pc: 7322
	incoming node ids: [('_dispatcher', 14)]
	outgoing node ids: [('0x64c20abc', 6), ('0x64c20abc', 5), ('0x64c20abc', 4)]
INFO:root:Node_id: ('0x64c20abc', 6)
	start_pc: 7331
	end_pc: 7335
	incoming node ids: [('0x64c20abc', 1)]
	outgoing node ids: [('0x64c20abc', 7)]
INFO:root:Node_id: ('0x64c20abc', 7)
	start_pc: 7336
	end_pc: 7348
	incoming node ids: [('0x64c20abc', 6)]
	outgoing node ids: [('0x64c20abc', 15), ('0x64c20abc', 8)]
INFO:root:Node_id: ('0x64c20abc', 15)
	start_pc: 7497
	end_pc: 7501
	incoming node ids: [('0x64c20abc', 7)]
	outgoing node ids: []
INFO:root:Node_id: ('0x64c20abc', 5)
	start_pc: 7502
	end_pc: 2529
	incoming node ids: [('0x64c20abc', 1)]
	outgoing node ids: []
INFO:root:Node_id: ('0x64c20abc', 8)
	start_pc: 7349
	end_pc: 7354
	incoming node ids: [('0x64c20abc', 7)]
	outgoing node ids: [('0x64c20abc', 9)]
INFO:root:Node_id: ('0x64c20abc', 9)
	start_pc: 7355
	end_pc: 7364
	incoming node ids: [('0x64c20abc', 8)]
	outgoing node ids: [('0x64c20abc', 14), ('0x64c20abc', 10)]
INFO:root:Node_id: ('0x64c20abc', 14)
	start_pc: 7484
	end_pc: 7496
	incoming node ids: [('0x64c20abc', 9)]
	outgoing node ids: []
INFO:root:Node_id: ('0x64c20abc', 10)
	start_pc: 7365
	end_pc: 7376
	incoming node ids: [('0x64c20abc', 9)]
	outgoing node ids: [('0x64c20abc', 12)]
INFO:root:Node_id: ('0x64c20abc', 12)
	start_pc: 7378
	end_pc: 7422
	incoming node ids: [('0x64c20abc', 10)]
	outgoing node ids: [('0x64c20abc', 16)]
INFO:root:Node_id: ('0x64c20abc', 16)
	start_pc: 7424
	end_pc: 7462
	incoming node ids: [('0x64c20abc', 12)]
	outgoing node ids: [('0x64c20abc', 17), ('0x64c20abc', 18)]
INFO:root:Node_id: ('0x64c20abc', 17)
	start_pc: 7463
	end_pc: 7470
	incoming node ids: [('0x64c20abc', 16)]
	outgoing node ids: []
INFO:root:Node_id: ('0x64c20abc', 18)
	start_pc: 7471
	end_pc: 7483
	incoming node ids: [('0x64c20abc', 16)]
	outgoing node ids: []
INFO:root:Node_id: ('0x64c20abc', 4)
	start_pc: 7323
	end_pc: 7330
	incoming node ids: [('0x64c20abc', 1)]
	outgoing node ids: []
INFO:root:Node_id: ('_dispatcher', 15)
	start_pc: 195
	end_pc: 205
	incoming node ids: [('_dispatcher', 14)]
	outgoing node ids: [('0x78537808', 1), ('_dispatcher', 16)]
INFO:root:Node_id: ('0x78537808', 1)
	start_pc: 2530
	end_pc: 7524
	incoming node ids: [('_dispatcher', 15)]
	outgoing node ids: []
INFO:root:Node_id: ('_dispatcher', 16)
	start_pc: 206
	end_pc: 216
	incoming node ids: [('_dispatcher', 15)]
	outgoing node ids: [('0x9ea98d55', 1), ('_dispatcher', 17)]
INFO:root:Node_id: ('0x9ea98d55', 1)
	start_pc: 2784
	end_pc: 4082
	incoming node ids: [('_dispatcher', 16)]
	outgoing node ids: []
INFO:root:Node_id: ('_dispatcher', 17)
	start_pc: 217
	end_pc: 227
	incoming node ids: [('_dispatcher', 16)]
	outgoing node ids: [('_dispatcher', 18), ('0x9fce5c8e', 1)]
INFO:root:Node_id: ('_dispatcher', 18)
	start_pc: 228
	end_pc: 238
	incoming node ids: [('_dispatcher', 17)]
	outgoing node ids: [('_dispatcher', 19), ('0xa839649c', 1)]
INFO:root:Node_id: ('_dispatcher', 19)
	start_pc: 239
	end_pc: 249
	incoming node ids: [('_dispatcher', 18)]
	outgoing node ids: [('_dispatcher', 20), ('0xd124dd8e', 1)]
INFO:root:Node_id: ('_dispatcher', 20)
	start_pc: 250
	end_pc: 260
	incoming node ids: [('_dispatcher', 19)]
	outgoing node ids: [('0xd761eb72', 1)]
INFO:root:Node_id: ('0xd761eb72', 1)
	start_pc: 3566
	end_pc: 8578
	incoming node ids: [('_dispatcher', 20)]
	outgoing node ids: [('0xd761eb72', 4), ('0xd761eb72', 8)]
INFO:root:Node_id: ('0xd761eb72', 4)
	start_pc: 8579
	end_pc: 8584
	incoming node ids: [('0xd761eb72', 1)]
	outgoing node ids: [('0xd761eb72', 5)]
INFO:root:Node_id: ('0xd761eb72', 5)
	start_pc: 8585
	end_pc: 8593
	incoming node ids: [('0xd761eb72', 4)]
	outgoing node ids: [('0xd761eb72', 6), ('0xd761eb72', 7)]
INFO:root:Node_id: ('0xd761eb72', 6)
	start_pc: 8594
	end_pc: 8672
	incoming node ids: [('0xd761eb72', 5)]
	outgoing node ids: []
INFO:root:Node_id: ('0xd761eb72', 7)
	start_pc: 8673
	end_pc: 8673
	incoming node ids: [('0xd761eb72', 5)]
	outgoing node ids: []
INFO:root:Node_id: ('0xd761eb72', 8)
	start_pc: 8674
	end_pc: 8740
	incoming node ids: [('0xd761eb72', 1)]
	outgoing node ids: [('0xd761eb72', 9)]
INFO:root:Node_id: ('0xd761eb72', 9)
	start_pc: 8741
	end_pc: 8749
	incoming node ids: [('0xd761eb72', 8)]
	outgoing node ids: [('0xd761eb72', 10), ('0xd761eb72', 11)]
INFO:root:Node_id: ('0xd761eb72', 10)
	start_pc: 8750
	end_pc: 8794
	incoming node ids: [('0xd761eb72', 9)]
	outgoing node ids: []
INFO:root:Node_id: ('0xd761eb72', 11)
	start_pc: 8795
	end_pc: 3667
	incoming node ids: [('0xd761eb72', 9)]
	outgoing node ids: []
INFO:root:Node_id: ('_fallback', 1)
	start_pc: 261
	end_pc: 265
	incoming node ids: [('_dispatcher', 1)]
	outgoing node ids: []
INFO:root:Node_id: ('0xd124dd8e', 1)
	start_pc: 3312
	end_pc: 4188
	incoming node ids: [('_dispatcher', 19)]
	outgoing node ids: []
INFO:root:Node_id: ('0xa839649c', 1)
	start_pc: 3203
	end_pc: 4128
	incoming node ids: [('_dispatcher', 18)]
	outgoing node ids: [('0xa839649c', 5)]
INFO:root:Node_id: ('0xa839649c', 5)
	start_pc: 4130
	end_pc: 3311
	incoming node ids: [('0xa839649c', 1)]
	outgoing node ids: []
INFO:root:Node_id: ('0x9fce5c8e', 1)
	start_pc: 3038
	end_pc: 4103
	incoming node ids: [('_dispatcher', 17)]
	outgoing node ids: []
INFO:root:Node_id: ('0x3da80d66', 1)
	start_pc: 1918
	end_pc: 3984
	incoming node ids: [('_dispatcher', 11)]
	outgoing node ids: []
INFO:root:Node_id: ('0x3c3300c5', 1)
	start_pc: 1810
	end_pc: 3872
	incoming node ids: [('_dispatcher', 10)]
	outgoing node ids: [('0x3c3300c5', 6), ('0x3c3300c5', 4)]
INFO:root:Node_id: ('0x3c3300c5', 6)
	start_pc: 3963
	end_pc: 1869
	incoming node ids: [('0x3c3300c5', 1)]
	outgoing node ids: [('0x3c3300c5', 7)]
INFO:root:Node_id: ('0x3c3300c5', 7)
	start_pc: 1871
	end_pc: 1879
	incoming node ids: [('0x3c3300c5', 6)]
	outgoing node ids: [('0x3c3300c5', 8), ('0x3c3300c5', 9)]
INFO:root:Node_id: ('0x3c3300c5', 8)
	start_pc: 1880
	end_pc: 1897
	incoming node ids: [('0x3c3300c5', 7)]
	outgoing node ids: []
INFO:root:Node_id: ('0x3c3300c5', 9)
	start_pc: 1898
	end_pc: 1917
	incoming node ids: [('0x3c3300c5', 7)]
	outgoing node ids: []
INFO:root:Node_id: ('0x3c3300c5', 4)
	start_pc: 3873
	end_pc: 3888
	incoming node ids: [('0x3c3300c5', 1)]
	outgoing node ids: [('0x3c3300c5', 5)]
INFO:root:Node_id: ('0x3c3300c5', 5)
	start_pc: 3889
	end_pc: 3962
	incoming node ids: [('0x3c3300c5', 4)]
	outgoing node ids: []
INFO:root:Node_id: ('0x380fa29a', 1)
	start_pc: 1556
	end_pc: 6643
	incoming node ids: [('_dispatcher', 9)]
	outgoing node ids: [('0x380fa29a', 5), ('0x380fa29a', 4)]
INFO:root:Node_id: ('0x380fa29a', 5)
	start_pc: 6664
	end_pc: 6671
	incoming node ids: [('0x380fa29a', 1)]
	outgoing node ids: [('0x380fa29a', 6)]
INFO:root:Node_id: ('0x380fa29a', 6)
	start_pc: 6672
	end_pc: 6681
	incoming node ids: [('0x380fa29a', 5)]
	outgoing node ids: [('0x380fa29a', 7), ('0x380fa29a', 9)]
INFO:root:Node_id: ('0x380fa29a', 7)
	start_pc: 6682
	end_pc: 6694
	incoming node ids: [('0x380fa29a', 6)]
	outgoing node ids: [('0x380fa29a', 12)]
INFO:root:Node_id: ('0x380fa29a', 12)
	start_pc: 6696
	end_pc: 6716
	incoming node ids: [('0x380fa29a', 7)]
	outgoing node ids: [('0x380fa29a', 15)]
INFO:root:Node_id: ('0x380fa29a', 15)
	start_pc: 6718
	end_pc: 6740
	incoming node ids: [('0x380fa29a', 12)]
	outgoing node ids: [('0x380fa29a', 17)]
INFO:root:Node_id: ('0x380fa29a', 17)
	start_pc: 6742
	end_pc: 6814
	incoming node ids: [('0x380fa29a', 15)]
	outgoing node ids: []
INFO:root:Node_id: ('0x380fa29a', 9)
	start_pc: 6815
	end_pc: 1761
	incoming node ids: [('0x380fa29a', 6)]
	outgoing node ids: [('0x380fa29a', 10)]
INFO:root:Node_id: ('0x380fa29a', 10)
	start_pc: 1763
	end_pc: 1771
	incoming node ids: [('0x380fa29a', 9)]
	outgoing node ids: [('0x380fa29a', 14), ('0x380fa29a', 11)]
INFO:root:Node_id: ('0x380fa29a', 14)
	start_pc: 1790
	end_pc: 1809
	incoming node ids: [('0x380fa29a', 10)]
	outgoing node ids: []
INFO:root:Node_id: ('0x380fa29a', 11)
	start_pc: 1772
	end_pc: 1789
	incoming node ids: [('0x380fa29a', 10)]
	outgoing node ids: []
INFO:root:Node_id: ('0x380fa29a', 4)
	start_pc: 6644
	end_pc: 6663
	incoming node ids: [('0x380fa29a', 1)]
	outgoing node ids: []
INFO:root:Node_id: ('0x3294c3cd', 1)
	start_pc: 1489
	end_pc: 6371
	incoming node ids: [('_dispatcher', 8)]
	outgoing node ids: [('0x3294c3cd', 4), ('0x3294c3cd', 6)]
INFO:root:Node_id: ('0x3294c3cd', 4)
	start_pc: 6372
	end_pc: 6387
	incoming node ids: [('0x3294c3cd', 1)]
	outgoing node ids: [('0x3294c3cd', 5)]
INFO:root:Node_id: ('0x3294c3cd', 5)
	start_pc: 6388
	end_pc: 6461
	incoming node ids: [('0x3294c3cd', 4)]
	outgoing node ids: []
INFO:root:Node_id: ('0x3294c3cd', 6)
	start_pc: 6462
	end_pc: 6472
	incoming node ids: [('0x3294c3cd', 1)]
	outgoing node ids: []
INFO:root:Node_id: ('0x2bff89b9', 1)
	start_pc: 1241
	end_pc: 3785
	incoming node ids: [('_dispatcher', 7)]
	outgoing node ids: []
INFO:root:Node_id: ('0xf04761', 1)
	start_pc: 459
	end_pc: 4406
	incoming node ids: [('_dispatcher', 3)]
	outgoing node ids: [('0xf04761', 4)]
INFO:root:Node_id: ('0xf04761', 4)
	start_pc: 4407
	end_pc: 4416
	incoming node ids: [('0xf04761', 1)]
	outgoing node ids: [('0xf04761', 7), ('0xf04761', 8), ('0xf04761', 5)]
INFO:root:Node_id: ('0xf04761', 7)
	start_pc: 4520
	end_pc: 4530
	incoming node ids: [('0xf04761', 4)]
	outgoing node ids: []
INFO:root:Node_id: ('0xf04761', 8)
	start_pc: 4531
	end_pc: 623
	incoming node ids: [('0xf04761', 4)]
	outgoing node ids: []
INFO:root:Node_id: ('0xf04761', 5)
	start_pc: 4417
	end_pc: 4454
	incoming node ids: [('0xf04761', 4)]
	outgoing node ids: [('0xf04761', 9)]
INFO:root:Node_id: ('0xf04761', 9)
	start_pc: 4456
	end_pc: 4494
	incoming node ids: [('0xf04761', 5)]
	outgoing node ids: [('0xf04761', 10), ('0xf04761', 11)]
INFO:root:Node_id: ('0xf04761', 10)
	start_pc: 4495
	end_pc: 4505
	incoming node ids: [('0xf04761', 9)]
	outgoing node ids: []
INFO:root:Node_id: ('0xf04761', 11)
	start_pc: 4506
	end_pc: 4519
	incoming node ids: [('0xf04761', 9)]
	outgoing node ids: []
INFO:root:Node_id: ('0x775c1a', 1)
	start_pc: 266
	end_pc: 4237
	incoming node ids: [('_dispatcher', 2)]
	outgoing node ids: [('0x775c1a', 6), ('0x775c1a', 5), ('0x775c1a', 4)]
INFO:root:Node_id: ('0x775c1a', 6)
	start_pc: 4246
	end_pc: 4250
	incoming node ids: [('0x775c1a', 1)]
	outgoing node ids: [('0x775c1a', 7)]
INFO:root:Node_id: ('0x775c1a', 7)
	start_pc: 4251
	end_pc: 4260
	incoming node ids: [('0x775c1a', 6)]
	outgoing node ids: [('0x775c1a', 10), ('0x775c1a', 8)]
INFO:root:Node_id: ('0x775c1a', 10)
	start_pc: 4381
	end_pc: 4385
	incoming node ids: [('0x775c1a', 7)]
	outgoing node ids: []
INFO:root:Node_id: ('0x775c1a', 5)
	start_pc: 4386
	end_pc: 458
	incoming node ids: [('0x775c1a', 1)]
	outgoing node ids: []
INFO:root:Node_id: ('0x775c1a', 8)
	start_pc: 4261
	end_pc: 4272
	incoming node ids: [('0x775c1a', 7)]
	outgoing node ids: [('0x775c1a', 11)]
INFO:root:Node_id: ('0x775c1a', 11)
	start_pc: 4274
	end_pc: 4318
	incoming node ids: [('0x775c1a', 8)]
	outgoing node ids: [('0x775c1a', 13)]
INFO:root:Node_id: ('0x775c1a', 13)
	start_pc: 4320
	end_pc: 4359
	incoming node ids: [('0x775c1a', 11)]
	outgoing node ids: [('0x775c1a', 14), ('0x775c1a', 15)]
INFO:root:Node_id: ('0x775c1a', 14)
	start_pc: 4360
	end_pc: 4367
	incoming node ids: [('0x775c1a', 13)]
	outgoing node ids: []
INFO:root:Node_id: ('0x775c1a', 15)
	start_pc: 4368
	end_pc: 4380
	incoming node ids: [('0x775c1a', 13)]
	outgoing node ids: []
INFO:root:Node_id: ('0x775c1a', 4)
	start_pc: 4238
	end_pc: 4245
	incoming node ids: [('0x775c1a', 1)]
	outgoing node ids: []
INFO:root:Edges:
INFO:root:Edge from ('0x775c1a', 1), to ('0x775c1a', 4) with predicate EQ
INFO:root:Edge from ('0x775c1a', 13), to ('0x775c1a', 15) with predicate EQ
INFO:root:Edge from ('0x775c1a', 13), to ('0x775c1a', 14) with predicate EQ
INFO:root:Edge from ('0x775c1a', 11), to ('0x775c1a', 13) with predicate LT
INFO:root:Edge from ('0x775c1a', 8), to ('0x775c1a', 11) with predicate LT
INFO:root:Edge from ('0x775c1a', 7), to ('0x775c1a', 8) with predicate LT
INFO:root:Edge from ('0x775c1a', 1), to ('0x775c1a', 5) with predicate EQ
INFO:root:Edge from ('0x775c1a', 7), to ('0x775c1a', 10) with predicate LT
INFO:root:Edge from ('0x775c1a', 6), to ('0x775c1a', 7) with predicate NONE
INFO:root:Edge from ('0x775c1a', 1), to ('0x775c1a', 6) with predicate EQ
INFO:root:Edge from ('_dispatcher', 2), to ('0x775c1a', 1) with predicate EQ
INFO:root:Edge from ('0xf04761', 9), to ('0xf04761', 11) with predicate EQ
INFO:root:Edge from ('0xf04761', 9), to ('0xf04761', 10) with predicate EQ
INFO:root:Edge from ('0xf04761', 5), to ('0xf04761', 9) with predicate LT
INFO:root:Edge from ('0xf04761', 4), to ('0xf04761', 5) with predicate GT
INFO:root:Edge from ('0xf04761', 4), to ('0xf04761', 8) with predicate GT
INFO:root:Edge from ('0xf04761', 4), to ('0xf04761', 7) with predicate GT
INFO:root:Edge from ('0xf04761', 1), to ('0xf04761', 4) with predicate NONE
INFO:root:Edge from ('_dispatcher', 3), to ('0xf04761', 1) with predicate EQ
INFO:root:Edge from ('_dispatcher', 7), to ('0x2bff89b9', 1) with predicate EQ
INFO:root:Edge from ('0x3294c3cd', 1), to ('0x3294c3cd', 6) with predicate ISZERO
INFO:root:Edge from ('0x3294c3cd', 4), to ('0x3294c3cd', 5) with predicate NONE
INFO:root:Edge from ('0x3294c3cd', 1), to ('0x3294c3cd', 4) with predicate ISZERO
INFO:root:Edge from ('_dispatcher', 8), to ('0x3294c3cd', 1) with predicate EQ
INFO:root:Edge from ('0x380fa29a', 1), to ('0x380fa29a', 4) with predicate ISZERO
INFO:root:Edge from ('0x380fa29a', 10), to ('0x380fa29a', 11) with predicate LT
INFO:root:Edge from ('0x380fa29a', 10), to ('0x380fa29a', 14) with predicate LT
INFO:root:Edge from ('0x380fa29a', 9), to ('0x380fa29a', 10) with predicate NONE
INFO:root:Edge from ('0x380fa29a', 6), to ('0x380fa29a', 9) with predicate LT
INFO:root:Edge from ('0x380fa29a', 15), to ('0x380fa29a', 17) with predicate LT
INFO:root:Edge from ('0x380fa29a', 12), to ('0x380fa29a', 15) with predicate LT
INFO:root:Edge from ('0x380fa29a', 7), to ('0x380fa29a', 12) with predicate LT
INFO:root:Edge from ('0x380fa29a', 6), to ('0x380fa29a', 7) with predicate LT
INFO:root:Edge from ('0x380fa29a', 5), to ('0x380fa29a', 6) with predicate NONE
INFO:root:Edge from ('0x380fa29a', 1), to ('0x380fa29a', 5) with predicate ISZERO
INFO:root:Edge from ('_dispatcher', 9), to ('0x380fa29a', 1) with predicate EQ
INFO:root:Edge from ('0x3c3300c5', 4), to ('0x3c3300c5', 5) with predicate NONE
INFO:root:Edge from ('0x3c3300c5', 1), to ('0x3c3300c5', 4) with predicate ISZERO
INFO:root:Edge from ('0x3c3300c5', 7), to ('0x3c3300c5', 9) with predicate LT
INFO:root:Edge from ('0x3c3300c5', 7), to ('0x3c3300c5', 8) with predicate LT
INFO:root:Edge from ('0x3c3300c5', 6), to ('0x3c3300c5', 7) with predicate GT
INFO:root:Edge from ('0x3c3300c5', 1), to ('0x3c3300c5', 6) with predicate ISZERO
INFO:root:Edge from ('_dispatcher', 10), to ('0x3c3300c5', 1) with predicate EQ
INFO:root:Edge from ('_dispatcher', 11), to ('0x3da80d66', 1) with predicate EQ
INFO:root:Edge from ('_dispatcher', 17), to ('0x9fce5c8e', 1) with predicate EQ
INFO:root:Edge from ('0xa839649c', 1), to ('0xa839649c', 5) with predicate LT
INFO:root:Edge from ('_dispatcher', 18), to ('0xa839649c', 1) with predicate EQ
INFO:root:Edge from ('_dispatcher', 19), to ('0xd124dd8e', 1) with predicate EQ
INFO:root:Edge from ('_dispatcher', 1), to ('_fallback', 1) with predicate LT
INFO:root:Edge from ('0xd761eb72', 9), to ('0xd761eb72', 11) with predicate GT
INFO:root:Edge from ('0xd761eb72', 9), to ('0xd761eb72', 10) with predicate GT
INFO:root:Edge from ('0xd761eb72', 8), to ('0xd761eb72', 9) with predicate NONE
INFO:root:Edge from ('0xd761eb72', 1), to ('0xd761eb72', 8) with predicate ISZERO
INFO:root:Edge from ('0xd761eb72', 5), to ('0xd761eb72', 7) with predicate GT
INFO:root:Edge from ('0xd761eb72', 5), to ('0xd761eb72', 6) with predicate GT
INFO:root:Edge from ('0xd761eb72', 4), to ('0xd761eb72', 5) with predicate NONE
INFO:root:Edge from ('0xd761eb72', 1), to ('0xd761eb72', 4) with predicate ISZERO
INFO:root:Edge from ('_dispatcher', 20), to ('0xd761eb72', 1) with predicate EQ
INFO:root:Edge from ('_dispatcher', 19), to ('_dispatcher', 20) with predicate EQ
INFO:root:Edge from ('_dispatcher', 18), to ('_dispatcher', 19) with predicate EQ
INFO:root:Edge from ('_dispatcher', 17), to ('_dispatcher', 18) with predicate EQ
INFO:root:Edge from ('_dispatcher', 16), to ('_dispatcher', 17) with predicate EQ
INFO:root:Edge from ('_dispatcher', 16), to ('0x9ea98d55', 1) with predicate EQ
INFO:root:Edge from ('_dispatcher', 15), to ('_dispatcher', 16) with predicate EQ
INFO:root:Edge from ('_dispatcher', 15), to ('0x78537808', 1) with predicate EQ
INFO:root:Edge from ('_dispatcher', 14), to ('_dispatcher', 15) with predicate EQ
INFO:root:Edge from ('0x64c20abc', 1), to ('0x64c20abc', 4) with predicate EQ
INFO:root:Edge from ('0x64c20abc', 16), to ('0x64c20abc', 18) with predicate EQ
INFO:root:Edge from ('0x64c20abc', 16), to ('0x64c20abc', 17) with predicate EQ
INFO:root:Edge from ('0x64c20abc', 12), to ('0x64c20abc', 16) with predicate LT
INFO:root:Edge from ('0x64c20abc', 10), to ('0x64c20abc', 12) with predicate LT
INFO:root:Edge from ('0x64c20abc', 9), to ('0x64c20abc', 10) with predicate LT
INFO:root:Edge from ('0x64c20abc', 9), to ('0x64c20abc', 14) with predicate LT
INFO:root:Edge from ('0x64c20abc', 8), to ('0x64c20abc', 9) with predicate NONE
INFO:root:Edge from ('0x64c20abc', 7), to ('0x64c20abc', 8) with predicate LT
INFO:root:Edge from ('0x64c20abc', 1), to ('0x64c20abc', 5) with predicate EQ
INFO:root:Edge from ('0x64c20abc', 7), to ('0x64c20abc', 15) with predicate LT
INFO:root:Edge from ('0x64c20abc', 6), to ('0x64c20abc', 7) with predicate NONE
INFO:root:Edge from ('0x64c20abc', 1), to ('0x64c20abc', 6) with predicate EQ
INFO:root:Edge from ('_dispatcher', 14), to ('0x64c20abc', 1) with predicate EQ
INFO:root:Edge from ('_dispatcher', 13), to ('_dispatcher', 14) with predicate EQ
INFO:root:Edge from ('_dispatcher', 13), to ('0x566a691b', 1) with predicate EQ
INFO:root:Edge from ('_dispatcher', 12), to ('_dispatcher', 13) with predicate EQ
INFO:root:Edge from ('0x50bd2aba', 8), to ('0x50bd2aba', 13) with predicate LT
INFO:root:Edge from ('0x50bd2aba', 11), to ('0x50bd2aba', 14) with predicate LT
INFO:root:Edge from ('0x50bd2aba', 9), to ('0x50bd2aba', 11) with predicate LT
INFO:root:Edge from ('0x50bd2aba', 8), to ('0x50bd2aba', 9) with predicate LT
INFO:root:Edge from ('0x50bd2aba', 7), to ('0x50bd2aba', 8) with predicate NONE
INFO:root:Edge from ('0x50bd2aba', 5), to ('0x50bd2aba', 7) with predicate LT
INFO:root:Edge from ('0x50bd2aba', 1), to ('0x50bd2aba', 5) with predicate LT
INFO:root:Edge from ('0x50bd2aba', 1), to ('0x50bd2aba', 4) with predicate LT
INFO:root:Edge from ('_dispatcher', 12), to ('0x50bd2aba', 1) with predicate EQ
INFO:root:Edge from ('_dispatcher', 11), to ('_dispatcher', 12) with predicate EQ
INFO:root:Edge from ('_dispatcher', 10), to ('_dispatcher', 11) with predicate EQ
INFO:root:Edge from ('_dispatcher', 9), to ('_dispatcher', 10) with predicate EQ
INFO:root:Edge from ('_dispatcher', 8), to ('_dispatcher', 9) with predicate EQ
INFO:root:Edge from ('_dispatcher', 7), to ('_dispatcher', 8) with predicate EQ
INFO:root:Edge from ('_dispatcher', 6), to ('_dispatcher', 7) with predicate EQ
INFO:root:Edge from ('_dispatcher', 6), to ('0x20af660c', 1) with predicate EQ
INFO:root:Edge from ('_dispatcher', 5), to ('_dispatcher', 6) with predicate EQ
INFO:root:Edge from ('0xf9da801', 1), to ('0xf9da801', 4) with predicate ISZERO
INFO:root:Edge from ('Shared', 26), to ('Shared', 27) with predicate EQ
INFO:root:Edge from ('Shared', 26), to ('Shared', 28) with predicate EQ
INFO:root:Edge from ('Shared', 24), to ('Shared', 26) with predicate LT
INFO:root:Edge from ('Shared', 23), to ('Shared', 24) with predicate LT
INFO:root:Edge from ('0x566a691b', 13), to ('0x566a691b', 14) with predicate ISZERO
INFO:root:Edge from ('Shared', 61), to ('Shared', 66) with predicate LT
INFO:root:Edge from ('Shared', 53), to ('Shared', 61) with predicate LT
INFO:root:Edge from ('Shared', 52), to ('Shared', 53) with predicate LT
INFO:root:Edge from ('0x2bff89b9', 24), to ('0x2bff89b9', 25) with predicate LT
INFO:root:Edge from ('0x2bff89b9', 24), to ('0x2bff89b9', 26) with predicate LT
INFO:root:Edge from ('0x2bff89b9', 23), to ('0x2bff89b9', 24) with predicate NONE
INFO:root:Edge from ('Shared', 67), to ('0x2bff89b9', 23) with predicate NONE
INFO:root:Edge from ('0x566a691b', 36), to ('0x566a691b', 38) with predicate LT
INFO:root:Edge from ('0x566a691b', 36), to ('0x566a691b', 37) with predicate LT
INFO:root:Edge from ('0x566a691b', 35), to ('0x566a691b', 36) with predicate NONE
INFO:root:Edge from ('Shared', 67), to ('0x566a691b', 35) with predicate NONE
INFO:root:Edge from ('Shared', 59), to ('Shared', 67) with predicate LT
INFO:root:Edge from ('Shared', 56), to ('Shared', 59) with predicate LT
INFO:root:Edge from ('Shared', 63), to ('Shared', 65) with predicate LT
INFO:root:Edge from ('Shared', 57), to ('Shared', 63) with predicate LT
INFO:root:Edge from ('Shared', 56), to ('Shared', 57) with predicate LT
INFO:root:Edge from ('Shared', 55), to ('Shared', 56) with predicate NONE
INFO:root:Edge from ('Shared', 52), to ('Shared', 55) with predicate LT
INFO:root:Edge from ('Shared', 51), to ('Shared', 52) with predicate NONE
INFO:root:Edge from ('Shared', 49), to ('Shared', 51) with predicate ISZERO
INFO:root:Edge from ('Shared', 49), to ('Shared', 50) with predicate ISZERO
INFO:root:Edge from ('_dispatcher', 5), to ('Shared', 49) with predicate EQ
INFO:root:Edge from ('0x566a691b', 13), to ('0x566a691b', 15) with predicate ISZERO
INFO:root:Edge from ('Shared', 30), to ('0x566a691b', 13) with predicate NONE
INFO:root:Edge from ('0x3294c3cd', 15), to ('0x3294c3cd', 18) with predicate ISZERO
INFO:root:Edge from ('0x3294c3cd', 15), to ('0x3294c3cd', 16) with predicate ISZERO
INFO:root:Edge from ('Shared', 30), to ('0x3294c3cd', 15) with predicate NONE
INFO:root:Edge from ('Shared', 114), to ('Shared', 119) with predicate LT
INFO:root:Edge from ('Shared', 113), to ('Shared', 114) with predicate ISZERO
INFO:root:Edge from ('Shared', 113), to ('Shared', 118) with predicate ISZERO
INFO:root:Edge from ('Shared', 31), to ('Shared', 113) with predicate NONE
INFO:root:Edge from ('0xf9da801', 54), to ('0xf9da801', 58) with predicate ISZERO
INFO:root:Edge from ('0xf9da801', 55), to ('0xf9da801', 57) with predicate LT
INFO:root:Edge from ('0xf9da801', 54), to ('0xf9da801', 55) with predicate ISZERO
INFO:root:Edge from ('Shared', 31), to ('0xf9da801', 54) with predicate NONE
INFO:root:Edge from ('Shared', 106), to ('Shared', 111) with predicate LT
INFO:root:Edge from ('Shared', 105), to ('Shared', 106) with predicate ISZERO
INFO:root:Edge from ('Shared', 85), to ('Shared', 88) with predicate LT
INFO:root:Edge from ('Shared', 83), to ('Shared', 85) with predicate LT
INFO:root:Edge from ('Shared', 82), to ('Shared', 83) with predicate ISZERO
INFO:root:Edge from ('Shared', 82), to ('Shared', 87) with predicate ISZERO
INFO:root:Edge from ('Shared', 79), to ('Shared', 82) with predicate LT
INFO:root:Edge from ('Shared', 78), to ('Shared', 79) with predicate LT
INFO:root:Edge from ('Shared', 68), to ('Shared', 69) with predicate ISZERO
INFO:root:Edge from ('Shared', 68), to ('Shared', 70) with predicate ISZERO
INFO:root:Edge from ('_dispatcher', 5), to ('Shared', 68) with predicate EQ
INFO:root:Edge from ('Shared', 81), to ('0x78537808', 21) with predicate NONE
INFO:root:Edge from ('0xd124dd8e', 30), to ('0xd124dd8e', 31) with predicate LT
INFO:root:Edge from ('0xd124dd8e', 30), to ('0xd124dd8e', 33) with predicate LT
INFO:root:Edge from ('0xd124dd8e', 24), to ('0xd124dd8e', 30) with predicate NONE
INFO:root:Edge from ('Shared', 81), to ('0xd124dd8e', 24) with predicate NONE
INFO:root:Edge from ('Shared', 93), to ('Shared', 101) with predicate LT
INFO:root:Edge from ('Shared', 92), to ('Shared', 93) with predicate LT
INFO:root:Edge from ('Shared', 95), to ('Shared', 96) with predicate ISZERO
INFO:root:Edge from ('Shared', 102), to ('Shared', 112) with predicate ISZERO
INFO:root:Edge from ('Shared', 108), to ('Shared', 117) with predicate LT
INFO:root:Edge from ('Shared', 103), to ('Shared', 108) with predicate LT
INFO:root:Edge from ('Shared', 102), to ('Shared', 103) with predicate ISZERO
INFO:root:Edge from ('Shared', 99), to ('Shared', 102) with predicate LT
INFO:root:Edge from ('Shared', 98), to ('Shared', 99) with predicate LT
INFO:root:Edge from ('Shared', 38), to ('Shared', 40) with predicate LT
INFO:root:Edge from ('Shared', 36), to ('Shared', 38) with predicate LT
INFO:root:Edge from ('Shared', 35), to ('Shared', 36) with predicate LT
INFO:root:Edge from ('Shared', 45), to ('Shared', 48) with predicate LT
INFO:root:Edge from ('Shared', 43), to ('Shared', 45) with predicate LT
INFO:root:Edge from ('Shared', 42), to ('Shared', 43) with predicate LT
INFO:root:Edge from ('0x20af660c', 22), to ('0x20af660c', 24) with predicate LT
INFO:root:Edge from ('0x20af660c', 22), to ('0x20af660c', 23) with predicate LT
INFO:root:Edge from ('0x20af660c', 21), to ('0x20af660c', 22) with predicate NONE
INFO:root:Edge from ('Shared', 47), to ('0x20af660c', 21) with predicate NONE
INFO:root:Edge from ('Shared', 47), to ('0x78537808', 93) with predicate NONE
INFO:root:Edge from ('Shared', 47), to ('0x78537808', 90) with predicate NONE
INFO:root:Edge from ('Shared', 42), to ('Shared', 47) with predicate LT
INFO:root:Edge from ('Shared', 41), to ('Shared', 42) with predicate NONE
INFO:root:Edge from ('Shared', 35), to ('Shared', 41) with predicate LT
INFO:root:Edge from ('Shared', 34), to ('Shared', 35) with predicate NONE
INFO:root:Edge from ('Shared', 32), to ('Shared', 34) with predicate ISZERO
INFO:root:Edge from ('Shared', 32), to ('Shared', 33) with predicate ISZERO
INFO:root:Edge from ('_dispatcher', 5), to ('Shared', 32) with predicate EQ
INFO:root:Edge from ('Shared', 116), to ('0x78537808', 66) with predicate NONE
INFO:root:Edge from ('_dispatcher', 5), to ('0x78537808', 79) with predicate EQ
INFO:root:Edge from ('0x78537808', 77), to ('0x78537808', 84) with predicate LT
INFO:root:Edge from ('0x78537808', 77), to ('0x78537808', 78) with predicate LT
INFO:root:Edge from ('0x78537808', 76), to ('0x78537808', 77) with predicate NONE
INFO:root:Edge from ('_dispatcher', 5), to ('0x78537808', 76) with predicate EQ
INFO:root:Edge from ('0x9ea98d55', 29), to ('0x9ea98d55', 30) with predicate LT
INFO:root:Edge from ('0x9ea98d55', 29), to ('0x9ea98d55', 33) with predicate LT
INFO:root:Edge from ('0x9ea98d55', 22), to ('0x9ea98d55', 29) with predicate NONE
INFO:root:Edge from ('Shared', 116), to ('0x9ea98d55', 22) with predicate NONE
INFO:root:Edge from ('Shared', 98), to ('Shared', 116) with predicate LT
INFO:root:Edge from ('Shared', 97), to ('Shared', 98) with predicate NONE
INFO:root:Edge from ('Shared', 95), to ('Shared', 97) with predicate ISZERO
INFO:root:Edge from ('Shared', 92), to ('Shared', 95) with predicate LT
INFO:root:Edge from ('_dispatcher', 5), to ('Shared', 92) with predicate EQ
INFO:root:Edge from ('Shared', 89), to ('Shared', 91) with predicate ISZERO
INFO:root:Edge from ('Shared', 89), to ('Shared', 90) with predicate ISZERO
INFO:root:Edge from ('_dispatcher', 5), to ('Shared', 89) with predicate EQ
INFO:root:Edge from ('Shared', 81), to ('0x78537808', 33) with predicate NONE
INFO:root:Edge from ('Shared', 78), to ('Shared', 81) with predicate LT
INFO:root:Edge from ('Shared', 77), to ('Shared', 78) with predicate NONE
INFO:root:Edge from ('Shared', 75), to ('Shared', 77) with predicate ISZERO
INFO:root:Edge from ('Shared', 75), to ('Shared', 76) with predicate ISZERO
INFO:root:Edge from ('Shared', 71), to ('Shared', 75) with predicate LT
INFO:root:Edge from ('Shared', 72), to ('Shared', 74) with predicate LT
INFO:root:Edge from ('Shared', 71), to ('Shared', 72) with predicate LT
INFO:root:Edge from ('_dispatcher', 5), to ('Shared', 71) with predicate EQ
INFO:root:Edge from ('Shared', 105), to ('Shared', 110) with predicate ISZERO
INFO:root:Edge from ('Shared', 31), to ('Shared', 105) with predicate NONE
INFO:root:Edge from ('Shared', 31), to ('0x3da80d66', 15) with predicate NONE
INFO:root:Edge from ('Shared', 30), to ('Shared', 31) with predicate NONE
INFO:root:Edge from ('Shared', 30), to ('0x9fce5c8e', 13) with predicate NONE
INFO:root:Edge from ('Shared', 23), to ('Shared', 30) with predicate LT
INFO:root:Edge from ('Shared', 23), to ('Shared', 29) with predicate LT
INFO:root:Edge from ('Shared', 22), to ('Shared', 23) with predicate NONE
INFO:root:Edge from ('_dispatcher', 5), to ('Shared', 22) with predicate EQ
INFO:root:Edge from ('_dispatcher', 5), to ('Shared', 21) with predicate EQ
INFO:root:Edge from ('0xf9da801', 12), to ('0xf9da801', 14) with predicate LT
INFO:root:Edge from ('0xf9da801', 11), to ('0xf9da801', 12) with predicate LT
INFO:root:Edge from ('0xf9da801', 34), to ('0xf9da801', 50) with predicate LT
INFO:root:Edge from ('0xf9da801', 27), to ('0xf9da801', 34) with predicate LT
INFO:root:Edge from ('0xf9da801', 26), to ('0xf9da801', 27) with predicate ISZERO
INFO:root:Edge from ('0xf9da801', 26), to ('0xf9da801', 29) with predicate ISZERO
INFO:root:Edge from ('0xf9da801', 19), to ('0xf9da801', 26) with predicate LT
INFO:root:Edge from ('0xf9da801', 18), to ('0xf9da801', 19) with predicate LT
INFO:root:Edge from ('0xf9da801', 39), to ('0xf9da801', 40) with predicate LT
INFO:root:Edge from ('0xf9da801', 39), to ('0xf9da801', 48) with predicate LT
INFO:root:Edge from ('0xf9da801', 30), to ('0xf9da801', 39) with predicate NONE
INFO:root:Edge from ('0xf9da801', 22), to ('0xf9da801', 30) with predicate LT
INFO:root:Edge from ('0xf9da801', 31), to ('0xf9da801', 36) with predicate ISZERO
INFO:root:Edge from ('0xf9da801', 37), to ('0xf9da801', 41) with predicate LT
INFO:root:Edge from ('0xf9da801', 32), to ('0xf9da801', 37) with predicate LT
INFO:root:Edge from ('0xf9da801', 31), to ('0xf9da801', 32) with predicate ISZERO
INFO:root:Edge from ('0xf9da801', 23), to ('0xf9da801', 31) with predicate LT
INFO:root:Edge from ('0xf9da801', 22), to ('0xf9da801', 23) with predicate LT
INFO:root:Edge from ('0xf9da801', 21), to ('0xf9da801', 22) with predicate NONE
INFO:root:Edge from ('0xf9da801', 18), to ('0xf9da801', 21) with predicate LT
INFO:root:Edge from ('0xf9da801', 17), to ('0xf9da801', 18) with predicate NONE
INFO:root:Edge from ('0xf9da801', 15), to ('0xf9da801', 17) with predicate ISZERO
INFO:root:Edge from ('0xf9da801', 15), to ('0xf9da801', 16) with predicate ISZERO
INFO:root:Edge from ('0xf9da801', 11), to ('0xf9da801', 15) with predicate LT
INFO:root:Edge from ('_dispatcher', 5), to ('0xf9da801', 11) with predicate EQ
INFO:root:Edge from ('0xf9da801', 6), to ('0xf9da801', 10) with predicate LT
INFO:root:Edge from ('0xf9da801', 7), to ('0xf9da801', 9) with predicate LT
INFO:root:Edge from ('0xf9da801', 6), to ('0xf9da801', 7) with predicate LT
INFO:root:Edge from ('0xf9da801', 5), to ('0xf9da801', 6) with predicate NONE
INFO:root:Edge from ('0xf9da801', 1), to ('0xf9da801', 5) with predicate ISZERO
INFO:root:Edge from ('_dispatcher', 5), to ('0xf9da801', 1) with predicate EQ
INFO:root:Edge from ('_dispatcher', 4), to ('_dispatcher', 5) with predicate EQ
INFO:root:Edge from ('Shared', 19), to ('0x3294c3cd', 39) with predicate NONE
INFO:root:Edge from ('Shared', 19), to ('0xa4502ad', 23) with predicate NONE
INFO:root:Edge from ('Shared', 13), to ('Shared', 19) with predicate NONE
INFO:root:Edge from ('Shared', 13), to ('0x50bd2aba', 20) with predicate NONE
INFO:root:Edge from ('Shared', 9), to ('Shared', 13) with predicate GT
INFO:root:Edge from ('Shared', 11), to ('Shared', 16) with predicate GT
INFO:root:Edge from ('Shared', 11), to ('Shared', 12) with predicate GT
INFO:root:Edge from ('Shared', 10), to ('Shared', 11) with predicate NONE
INFO:root:Edge from ('Shared', 9), to ('Shared', 10) with predicate GT
INFO:root:Edge from ('_dispatcher', 4), to ('Shared', 9) with predicate EQ
INFO:root:Edge from ('Shared', 5), to ('Shared', 8) with predicate EQ
INFO:root:Edge from ('Shared', 17), to ('Shared', 20) with predicate LT
INFO:root:Edge from ('Shared', 14), to ('Shared', 17) with predicate LT
INFO:root:Edge from ('Shared', 6), to ('Shared', 14) with predicate LT
INFO:root:Edge from ('Shared', 5), to ('Shared', 6) with predicate EQ
INFO:root:Edge from ('Shared', 3), to ('Shared', 5) with predicate LT
INFO:root:Edge from ('Shared', 1), to ('Shared', 3) with predicate LT
INFO:root:Edge from ('Shared', 1), to ('Shared', 2) with predicate LT
INFO:root:Edge from ('_dispatcher', 4), to ('Shared', 1) with predicate EQ
INFO:root:Edge from ('_dispatcher', 4), to ('0xa4502ad', 1) with predicate EQ
INFO:root:Edge from ('_dispatcher', 3), to ('_dispatcher', 4) with predicate EQ
INFO:root:Edge from ('_dispatcher', 2), to ('_dispatcher', 3) with predicate EQ
INFO:root:Edge from ('_dispatcher', 1), to ('_dispatcher', 2) with predicate LT
INFO:root:Creating Smart Contract Instance...
INFO:root:Initialising Random Test Suite...
INFO:root:Smart Contract Under investigation: /Users/stefan/Documents/PhD/SolMOSA/Smart Contracts/SmallContracts/array-utils/build/contracts/AddressArrayUtilsContract.json
INFO:root:Relevant targets have been identified as follows: 

INFO:root:Target 0
INFO:root:Edge from ('0x775c1a', 1), to ('0x775c1a', 4) with predicate EQ
INFO:root:Target 1
INFO:root:Edge from ('0x775c1a', 13), to ('0x775c1a', 15) with predicate EQ
INFO:root:Target 2
INFO:root:Edge from ('0x775c1a', 13), to ('0x775c1a', 14) with predicate EQ
INFO:root:Target 3
INFO:root:Edge from ('0x775c1a', 11), to ('0x775c1a', 13) with predicate LT
INFO:root:Target 4
INFO:root:Edge from ('0x775c1a', 8), to ('0x775c1a', 11) with predicate LT
INFO:root:Target 5
INFO:root:Edge from ('0x775c1a', 7), to ('0x775c1a', 8) with predicate LT
INFO:root:Target 6
INFO:root:Edge from ('0x775c1a', 1), to ('0x775c1a', 5) with predicate EQ
INFO:root:Target 7
INFO:root:Edge from ('0x775c1a', 7), to ('0x775c1a', 10) with predicate LT
INFO:root:Target 8
INFO:root:Edge from ('0x775c1a', 6), to ('0x775c1a', 7) with predicate NONE
INFO:root:Target 9
INFO:root:Edge from ('0x775c1a', 1), to ('0x775c1a', 6) with predicate EQ
INFO:root:Target 10
INFO:root:Edge from ('_dispatcher', 2), to ('0x775c1a', 1) with predicate EQ
INFO:root:Target 11
INFO:root:Edge from ('0xf04761', 9), to ('0xf04761', 11) with predicate EQ
INFO:root:Target 12
INFO:root:Edge from ('0xf04761', 9), to ('0xf04761', 10) with predicate EQ
INFO:root:Target 13
INFO:root:Edge from ('0xf04761', 5), to ('0xf04761', 9) with predicate LT
INFO:root:Target 14
INFO:root:Edge from ('0xf04761', 4), to ('0xf04761', 5) with predicate GT
INFO:root:Target 15
INFO:root:Edge from ('0xf04761', 4), to ('0xf04761', 8) with predicate GT
INFO:root:Target 16
INFO:root:Edge from ('0xf04761', 4), to ('0xf04761', 7) with predicate GT
INFO:root:Target 17
INFO:root:Edge from ('0xf04761', 1), to ('0xf04761', 4) with predicate NONE
INFO:root:Target 18
INFO:root:Edge from ('_dispatcher', 3), to ('0xf04761', 1) with predicate EQ
INFO:root:Target 19
INFO:root:Edge from ('_dispatcher', 7), to ('0x2bff89b9', 1) with predicate EQ
INFO:root:Target 20
INFO:root:Edge from ('0x3294c3cd', 1), to ('0x3294c3cd', 6) with predicate ISZERO
INFO:root:Target 21
INFO:root:Edge from ('0x3294c3cd', 4), to ('0x3294c3cd', 5) with predicate NONE
INFO:root:Target 22
INFO:root:Edge from ('0x3294c3cd', 1), to ('0x3294c3cd', 4) with predicate ISZERO
INFO:root:Target 23
INFO:root:Edge from ('_dispatcher', 8), to ('0x3294c3cd', 1) with predicate EQ
INFO:root:Target 24
INFO:root:Edge from ('0x380fa29a', 1), to ('0x380fa29a', 4) with predicate ISZERO
INFO:root:Target 25
INFO:root:Edge from ('0x380fa29a', 10), to ('0x380fa29a', 11) with predicate LT
INFO:root:Target 26
INFO:root:Edge from ('0x380fa29a', 10), to ('0x380fa29a', 14) with predicate LT
INFO:root:Target 27
INFO:root:Edge from ('0x380fa29a', 9), to ('0x380fa29a', 10) with predicate NONE
INFO:root:Target 28
INFO:root:Edge from ('0x380fa29a', 6), to ('0x380fa29a', 9) with predicate LT
INFO:root:Target 29
INFO:root:Edge from ('0x380fa29a', 15), to ('0x380fa29a', 17) with predicate LT
INFO:root:Target 30
INFO:root:Edge from ('0x380fa29a', 12), to ('0x380fa29a', 15) with predicate LT
INFO:root:Target 31
INFO:root:Edge from ('0x380fa29a', 7), to ('0x380fa29a', 12) with predicate LT
INFO:root:Target 32
INFO:root:Edge from ('0x380fa29a', 6), to ('0x380fa29a', 7) with predicate LT
INFO:root:Target 33
INFO:root:Edge from ('0x380fa29a', 5), to ('0x380fa29a', 6) with predicate NONE
INFO:root:Target 34
INFO:root:Edge from ('0x380fa29a', 1), to ('0x380fa29a', 5) with predicate ISZERO
INFO:root:Target 35
INFO:root:Edge from ('_dispatcher', 9), to ('0x380fa29a', 1) with predicate EQ
INFO:root:Target 36
INFO:root:Edge from ('0x3c3300c5', 4), to ('0x3c3300c5', 5) with predicate NONE
INFO:root:Target 37
INFO:root:Edge from ('0x3c3300c5', 1), to ('0x3c3300c5', 4) with predicate ISZERO
INFO:root:Target 38
INFO:root:Edge from ('0x3c3300c5', 7), to ('0x3c3300c5', 9) with predicate LT
INFO:root:Target 39
INFO:root:Edge from ('0x3c3300c5', 7), to ('0x3c3300c5', 8) with predicate LT
INFO:root:Target 40
INFO:root:Edge from ('0x3c3300c5', 6), to ('0x3c3300c5', 7) with predicate GT
INFO:root:Target 41
INFO:root:Edge from ('0x3c3300c5', 1), to ('0x3c3300c5', 6) with predicate ISZERO
INFO:root:Target 42
INFO:root:Edge from ('_dispatcher', 10), to ('0x3c3300c5', 1) with predicate EQ
INFO:root:Target 43
INFO:root:Edge from ('_dispatcher', 11), to ('0x3da80d66', 1) with predicate EQ
INFO:root:Target 44
INFO:root:Edge from ('_dispatcher', 17), to ('0x9fce5c8e', 1) with predicate EQ
INFO:root:Target 45
INFO:root:Edge from ('0xa839649c', 1), to ('0xa839649c', 5) with predicate LT
INFO:root:Target 46
INFO:root:Edge from ('_dispatcher', 18), to ('0xa839649c', 1) with predicate EQ
INFO:root:Target 47
INFO:root:Edge from ('_dispatcher', 19), to ('0xd124dd8e', 1) with predicate EQ
INFO:root:Target 48
INFO:root:Edge from ('0xd761eb72', 9), to ('0xd761eb72', 11) with predicate GT
INFO:root:Target 49
INFO:root:Edge from ('0xd761eb72', 9), to ('0xd761eb72', 10) with predicate GT
INFO:root:Target 50
INFO:root:Edge from ('0xd761eb72', 8), to ('0xd761eb72', 9) with predicate NONE
INFO:root:Target 51
INFO:root:Edge from ('0xd761eb72', 1), to ('0xd761eb72', 8) with predicate ISZERO
INFO:root:Target 52
INFO:root:Edge from ('0xd761eb72', 5), to ('0xd761eb72', 7) with predicate GT
INFO:root:Target 53
INFO:root:Edge from ('0xd761eb72', 5), to ('0xd761eb72', 6) with predicate GT
INFO:root:Target 54
INFO:root:Edge from ('0xd761eb72', 4), to ('0xd761eb72', 5) with predicate NONE
INFO:root:Target 55
INFO:root:Edge from ('0xd761eb72', 1), to ('0xd761eb72', 4) with predicate ISZERO
INFO:root:Target 56
INFO:root:Edge from ('_dispatcher', 20), to ('0xd761eb72', 1) with predicate EQ
INFO:root:Target 57
INFO:root:Edge from ('_dispatcher', 16), to ('0x9ea98d55', 1) with predicate EQ
INFO:root:Target 58
INFO:root:Edge from ('_dispatcher', 15), to ('0x78537808', 1) with predicate EQ
INFO:root:Target 59
INFO:root:Edge from ('0x64c20abc', 1), to ('0x64c20abc', 4) with predicate EQ
INFO:root:Target 60
INFO:root:Edge from ('0x64c20abc', 16), to ('0x64c20abc', 18) with predicate EQ
INFO:root:Target 61
INFO:root:Edge from ('0x64c20abc', 16), to ('0x64c20abc', 17) with predicate EQ
INFO:root:Target 62
INFO:root:Edge from ('0x64c20abc', 12), to ('0x64c20abc', 16) with predicate LT
INFO:root:Target 63
INFO:root:Edge from ('0x64c20abc', 10), to ('0x64c20abc', 12) with predicate LT
INFO:root:Target 64
INFO:root:Edge from ('0x64c20abc', 9), to ('0x64c20abc', 10) with predicate LT
INFO:root:Target 65
INFO:root:Edge from ('0x64c20abc', 9), to ('0x64c20abc', 14) with predicate LT
INFO:root:Target 66
INFO:root:Edge from ('0x64c20abc', 8), to ('0x64c20abc', 9) with predicate NONE
INFO:root:Target 67
INFO:root:Edge from ('0x64c20abc', 7), to ('0x64c20abc', 8) with predicate LT
INFO:root:Target 68
INFO:root:Edge from ('0x64c20abc', 1), to ('0x64c20abc', 5) with predicate EQ
INFO:root:Target 69
INFO:root:Edge from ('0x64c20abc', 7), to ('0x64c20abc', 15) with predicate LT
INFO:root:Target 70
INFO:root:Edge from ('0x64c20abc', 6), to ('0x64c20abc', 7) with predicate NONE
INFO:root:Target 71
INFO:root:Edge from ('0x64c20abc', 1), to ('0x64c20abc', 6) with predicate EQ
INFO:root:Target 72
INFO:root:Edge from ('_dispatcher', 14), to ('0x64c20abc', 1) with predicate EQ
INFO:root:Target 73
INFO:root:Edge from ('_dispatcher', 13), to ('0x566a691b', 1) with predicate EQ
INFO:root:Target 74
INFO:root:Edge from ('0x50bd2aba', 8), to ('0x50bd2aba', 13) with predicate LT
INFO:root:Target 75
INFO:root:Edge from ('0x50bd2aba', 11), to ('0x50bd2aba', 14) with predicate LT
INFO:root:Target 76
INFO:root:Edge from ('0x50bd2aba', 9), to ('0x50bd2aba', 11) with predicate LT
INFO:root:Target 77
INFO:root:Edge from ('0x50bd2aba', 8), to ('0x50bd2aba', 9) with predicate LT
INFO:root:Target 78
INFO:root:Edge from ('0x50bd2aba', 7), to ('0x50bd2aba', 8) with predicate NONE
INFO:root:Target 79
INFO:root:Edge from ('0x50bd2aba', 5), to ('0x50bd2aba', 7) with predicate LT
INFO:root:Target 80
INFO:root:Edge from ('0x50bd2aba', 1), to ('0x50bd2aba', 5) with predicate LT
INFO:root:Target 81
INFO:root:Edge from ('0x50bd2aba', 1), to ('0x50bd2aba', 4) with predicate LT
INFO:root:Target 82
INFO:root:Edge from ('_dispatcher', 12), to ('0x50bd2aba', 1) with predicate EQ
INFO:root:Target 83
INFO:root:Edge from ('_dispatcher', 6), to ('0x20af660c', 1) with predicate EQ
INFO:root:Target 84
INFO:root:Edge from ('0xf9da801', 1), to ('0xf9da801', 4) with predicate ISZERO
INFO:root:Target 85
INFO:root:Edge from ('Shared', 26), to ('Shared', 27) with predicate EQ
INFO:root:Target 86
INFO:root:Edge from ('Shared', 26), to ('Shared', 28) with predicate EQ
INFO:root:Target 87
INFO:root:Edge from ('Shared', 24), to ('Shared', 26) with predicate LT
INFO:root:Target 88
INFO:root:Edge from ('Shared', 23), to ('Shared', 24) with predicate LT
INFO:root:Target 89
INFO:root:Edge from ('0x566a691b', 13), to ('0x566a691b', 14) with predicate ISZERO
INFO:root:Target 90
INFO:root:Edge from ('Shared', 61), to ('Shared', 66) with predicate LT
INFO:root:Target 91
INFO:root:Edge from ('Shared', 53), to ('Shared', 61) with predicate LT
INFO:root:Target 92
INFO:root:Edge from ('Shared', 52), to ('Shared', 53) with predicate LT
INFO:root:Target 93
INFO:root:Edge from ('0x2bff89b9', 24), to ('0x2bff89b9', 25) with predicate LT
INFO:root:Target 94
INFO:root:Edge from ('0x2bff89b9', 24), to ('0x2bff89b9', 26) with predicate LT
INFO:root:Target 95
INFO:root:Edge from ('0x2bff89b9', 23), to ('0x2bff89b9', 24) with predicate NONE
INFO:root:Target 96
INFO:root:Edge from ('Shared', 67), to ('0x2bff89b9', 23) with predicate NONE
INFO:root:Target 97
INFO:root:Edge from ('0x566a691b', 36), to ('0x566a691b', 38) with predicate LT
INFO:root:Target 98
INFO:root:Edge from ('0x566a691b', 36), to ('0x566a691b', 37) with predicate LT
INFO:root:Target 99
INFO:root:Edge from ('0x566a691b', 35), to ('0x566a691b', 36) with predicate NONE
INFO:root:Target 100
INFO:root:Edge from ('Shared', 67), to ('0x566a691b', 35) with predicate NONE
INFO:root:Target 101
INFO:root:Edge from ('Shared', 59), to ('Shared', 67) with predicate LT
INFO:root:Target 102
INFO:root:Edge from ('Shared', 56), to ('Shared', 59) with predicate LT
INFO:root:Target 103
INFO:root:Edge from ('Shared', 63), to ('Shared', 65) with predicate LT
INFO:root:Target 104
INFO:root:Edge from ('Shared', 57), to ('Shared', 63) with predicate LT
INFO:root:Target 105
INFO:root:Edge from ('Shared', 56), to ('Shared', 57) with predicate LT
INFO:root:Target 106
INFO:root:Edge from ('Shared', 55), to ('Shared', 56) with predicate NONE
INFO:root:Target 107
INFO:root:Edge from ('Shared', 52), to ('Shared', 55) with predicate LT
INFO:root:Target 108
INFO:root:Edge from ('Shared', 51), to ('Shared', 52) with predicate NONE
INFO:root:Target 109
INFO:root:Edge from ('Shared', 49), to ('Shared', 51) with predicate ISZERO
INFO:root:Target 110
INFO:root:Edge from ('Shared', 49), to ('Shared', 50) with predicate ISZERO
INFO:root:Target 111
INFO:root:Edge from ('_dispatcher', 5), to ('Shared', 49) with predicate EQ
INFO:root:Target 112
INFO:root:Edge from ('0x566a691b', 13), to ('0x566a691b', 15) with predicate ISZERO
INFO:root:Target 113
INFO:root:Edge from ('Shared', 30), to ('0x566a691b', 13) with predicate NONE
INFO:root:Target 114
INFO:root:Edge from ('0x3294c3cd', 15), to ('0x3294c3cd', 18) with predicate ISZERO
INFO:root:Target 115
INFO:root:Edge from ('0x3294c3cd', 15), to ('0x3294c3cd', 16) with predicate ISZERO
INFO:root:Target 116
INFO:root:Edge from ('Shared', 30), to ('0x3294c3cd', 15) with predicate NONE
INFO:root:Target 117
INFO:root:Edge from ('Shared', 114), to ('Shared', 119) with predicate LT
INFO:root:Target 118
INFO:root:Edge from ('Shared', 113), to ('Shared', 114) with predicate ISZERO
INFO:root:Target 119
INFO:root:Edge from ('Shared', 113), to ('Shared', 118) with predicate ISZERO
INFO:root:Target 120
INFO:root:Edge from ('Shared', 31), to ('Shared', 113) with predicate NONE
INFO:root:Target 121
INFO:root:Edge from ('0xf9da801', 54), to ('0xf9da801', 58) with predicate ISZERO
INFO:root:Target 122
INFO:root:Edge from ('0xf9da801', 55), to ('0xf9da801', 57) with predicate LT
INFO:root:Target 123
INFO:root:Edge from ('0xf9da801', 54), to ('0xf9da801', 55) with predicate ISZERO
INFO:root:Target 124
INFO:root:Edge from ('Shared', 31), to ('0xf9da801', 54) with predicate NONE
INFO:root:Target 125
INFO:root:Edge from ('Shared', 106), to ('Shared', 111) with predicate LT
INFO:root:Target 126
INFO:root:Edge from ('Shared', 105), to ('Shared', 106) with predicate ISZERO
INFO:root:Target 127
INFO:root:Edge from ('Shared', 85), to ('Shared', 88) with predicate LT
INFO:root:Target 128
INFO:root:Edge from ('Shared', 83), to ('Shared', 85) with predicate LT
INFO:root:Target 129
INFO:root:Edge from ('Shared', 82), to ('Shared', 83) with predicate ISZERO
INFO:root:Target 130
INFO:root:Edge from ('Shared', 82), to ('Shared', 87) with predicate ISZERO
INFO:root:Target 131
INFO:root:Edge from ('Shared', 79), to ('Shared', 82) with predicate LT
INFO:root:Target 132
INFO:root:Edge from ('Shared', 78), to ('Shared', 79) with predicate LT
INFO:root:Target 133
INFO:root:Edge from ('Shared', 68), to ('Shared', 69) with predicate ISZERO
INFO:root:Target 134
INFO:root:Edge from ('Shared', 68), to ('Shared', 70) with predicate ISZERO
INFO:root:Target 135
INFO:root:Edge from ('_dispatcher', 5), to ('Shared', 68) with predicate EQ
INFO:root:Target 136
INFO:root:Edge from ('Shared', 81), to ('0x78537808', 21) with predicate NONE
INFO:root:Target 137
INFO:root:Edge from ('0xd124dd8e', 30), to ('0xd124dd8e', 31) with predicate LT
INFO:root:Target 138
INFO:root:Edge from ('0xd124dd8e', 30), to ('0xd124dd8e', 33) with predicate LT
INFO:root:Target 139
INFO:root:Edge from ('0xd124dd8e', 24), to ('0xd124dd8e', 30) with predicate NONE
INFO:root:Target 140
INFO:root:Edge from ('Shared', 81), to ('0xd124dd8e', 24) with predicate NONE
INFO:root:Target 141
INFO:root:Edge from ('Shared', 93), to ('Shared', 101) with predicate LT
INFO:root:Target 142
INFO:root:Edge from ('Shared', 92), to ('Shared', 93) with predicate LT
INFO:root:Target 143
INFO:root:Edge from ('Shared', 95), to ('Shared', 96) with predicate ISZERO
INFO:root:Target 144
INFO:root:Edge from ('Shared', 102), to ('Shared', 112) with predicate ISZERO
INFO:root:Target 145
INFO:root:Edge from ('Shared', 108), to ('Shared', 117) with predicate LT
INFO:root:Target 146
INFO:root:Edge from ('Shared', 103), to ('Shared', 108) with predicate LT
INFO:root:Target 147
INFO:root:Edge from ('Shared', 102), to ('Shared', 103) with predicate ISZERO
INFO:root:Target 148
INFO:root:Edge from ('Shared', 99), to ('Shared', 102) with predicate LT
INFO:root:Target 149
INFO:root:Edge from ('Shared', 98), to ('Shared', 99) with predicate LT
INFO:root:Target 150
INFO:root:Edge from ('Shared', 38), to ('Shared', 40) with predicate LT
INFO:root:Target 151
INFO:root:Edge from ('Shared', 36), to ('Shared', 38) with predicate LT
INFO:root:Target 152
INFO:root:Edge from ('Shared', 35), to ('Shared', 36) with predicate LT
INFO:root:Target 153
INFO:root:Edge from ('Shared', 45), to ('Shared', 48) with predicate LT
INFO:root:Target 154
INFO:root:Edge from ('Shared', 43), to ('Shared', 45) with predicate LT
INFO:root:Target 155
INFO:root:Edge from ('Shared', 42), to ('Shared', 43) with predicate LT
INFO:root:Target 156
INFO:root:Edge from ('0x20af660c', 22), to ('0x20af660c', 24) with predicate LT
INFO:root:Target 157
INFO:root:Edge from ('0x20af660c', 22), to ('0x20af660c', 23) with predicate LT
INFO:root:Target 158
INFO:root:Edge from ('0x20af660c', 21), to ('0x20af660c', 22) with predicate NONE
INFO:root:Target 159
INFO:root:Edge from ('Shared', 47), to ('0x20af660c', 21) with predicate NONE
INFO:root:Target 160
INFO:root:Edge from ('Shared', 47), to ('0x78537808', 93) with predicate NONE
INFO:root:Target 161
INFO:root:Edge from ('Shared', 47), to ('0x78537808', 90) with predicate NONE
INFO:root:Target 162
INFO:root:Edge from ('Shared', 42), to ('Shared', 47) with predicate LT
INFO:root:Target 163
INFO:root:Edge from ('Shared', 41), to ('Shared', 42) with predicate NONE
INFO:root:Target 164
INFO:root:Edge from ('Shared', 35), to ('Shared', 41) with predicate LT
INFO:root:Target 165
INFO:root:Edge from ('Shared', 34), to ('Shared', 35) with predicate NONE
INFO:root:Target 166
INFO:root:Edge from ('Shared', 32), to ('Shared', 34) with predicate ISZERO
INFO:root:Target 167
INFO:root:Edge from ('Shared', 32), to ('Shared', 33) with predicate ISZERO
INFO:root:Target 168
INFO:root:Edge from ('_dispatcher', 5), to ('Shared', 32) with predicate EQ
INFO:root:Target 169
INFO:root:Edge from ('Shared', 116), to ('0x78537808', 66) with predicate NONE
INFO:root:Target 170
INFO:root:Edge from ('_dispatcher', 5), to ('0x78537808', 79) with predicate EQ
INFO:root:Target 171
INFO:root:Edge from ('0x78537808', 77), to ('0x78537808', 84) with predicate LT
INFO:root:Target 172
INFO:root:Edge from ('0x78537808', 77), to ('0x78537808', 78) with predicate LT
INFO:root:Target 173
INFO:root:Edge from ('0x78537808', 76), to ('0x78537808', 77) with predicate NONE
INFO:root:Target 174
INFO:root:Edge from ('_dispatcher', 5), to ('0x78537808', 76) with predicate EQ
INFO:root:Target 175
INFO:root:Edge from ('0x9ea98d55', 29), to ('0x9ea98d55', 30) with predicate LT
INFO:root:Target 176
INFO:root:Edge from ('0x9ea98d55', 29), to ('0x9ea98d55', 33) with predicate LT
INFO:root:Target 177
INFO:root:Edge from ('0x9ea98d55', 22), to ('0x9ea98d55', 29) with predicate NONE
INFO:root:Target 178
INFO:root:Edge from ('Shared', 116), to ('0x9ea98d55', 22) with predicate NONE
INFO:root:Target 179
INFO:root:Edge from ('Shared', 98), to ('Shared', 116) with predicate LT
INFO:root:Target 180
INFO:root:Edge from ('Shared', 97), to ('Shared', 98) with predicate NONE
INFO:root:Target 181
INFO:root:Edge from ('Shared', 95), to ('Shared', 97) with predicate ISZERO
INFO:root:Target 182
INFO:root:Edge from ('Shared', 92), to ('Shared', 95) with predicate LT
INFO:root:Target 183
INFO:root:Edge from ('_dispatcher', 5), to ('Shared', 92) with predicate EQ
INFO:root:Target 184
INFO:root:Edge from ('Shared', 89), to ('Shared', 91) with predicate ISZERO
INFO:root:Target 185
INFO:root:Edge from ('Shared', 89), to ('Shared', 90) with predicate ISZERO
INFO:root:Target 186
INFO:root:Edge from ('_dispatcher', 5), to ('Shared', 89) with predicate EQ
INFO:root:Target 187
INFO:root:Edge from ('Shared', 81), to ('0x78537808', 33) with predicate NONE
INFO:root:Target 188
INFO:root:Edge from ('Shared', 78), to ('Shared', 81) with predicate LT
INFO:root:Target 189
INFO:root:Edge from ('Shared', 77), to ('Shared', 78) with predicate NONE
INFO:root:Target 190
INFO:root:Edge from ('Shared', 75), to ('Shared', 77) with predicate ISZERO
INFO:root:Target 191
INFO:root:Edge from ('Shared', 75), to ('Shared', 76) with predicate ISZERO
INFO:root:Target 192
INFO:root:Edge from ('Shared', 71), to ('Shared', 75) with predicate LT
INFO:root:Target 193
INFO:root:Edge from ('Shared', 72), to ('Shared', 74) with predicate LT
INFO:root:Target 194
INFO:root:Edge from ('Shared', 71), to ('Shared', 72) with predicate LT
INFO:root:Target 195
INFO:root:Edge from ('_dispatcher', 5), to ('Shared', 71) with predicate EQ
INFO:root:Target 196
INFO:root:Edge from ('Shared', 105), to ('Shared', 110) with predicate ISZERO
INFO:root:Target 197
INFO:root:Edge from ('Shared', 31), to ('Shared', 105) with predicate NONE
INFO:root:Target 198
INFO:root:Edge from ('Shared', 31), to ('0x3da80d66', 15) with predicate NONE
INFO:root:Target 199
INFO:root:Edge from ('Shared', 30), to ('Shared', 31) with predicate NONE
INFO:root:Target 200
INFO:root:Edge from ('Shared', 30), to ('0x9fce5c8e', 13) with predicate NONE
INFO:root:Target 201
INFO:root:Edge from ('Shared', 23), to ('Shared', 30) with predicate LT
INFO:root:Target 202
INFO:root:Edge from ('Shared', 23), to ('Shared', 29) with predicate LT
INFO:root:Target 203
INFO:root:Edge from ('Shared', 22), to ('Shared', 23) with predicate NONE
INFO:root:Target 204
INFO:root:Edge from ('_dispatcher', 5), to ('Shared', 22) with predicate EQ
INFO:root:Target 205
INFO:root:Edge from ('_dispatcher', 5), to ('Shared', 21) with predicate EQ
INFO:root:Target 206
INFO:root:Edge from ('0xf9da801', 12), to ('0xf9da801', 14) with predicate LT
INFO:root:Target 207
INFO:root:Edge from ('0xf9da801', 11), to ('0xf9da801', 12) with predicate LT
INFO:root:Target 208
INFO:root:Edge from ('0xf9da801', 34), to ('0xf9da801', 50) with predicate LT
INFO:root:Target 209
INFO:root:Edge from ('0xf9da801', 27), to ('0xf9da801', 34) with predicate LT
INFO:root:Target 210
INFO:root:Edge from ('0xf9da801', 26), to ('0xf9da801', 27) with predicate ISZERO
INFO:root:Target 211
INFO:root:Edge from ('0xf9da801', 26), to ('0xf9da801', 29) with predicate ISZERO
INFO:root:Target 212
INFO:root:Edge from ('0xf9da801', 19), to ('0xf9da801', 26) with predicate LT
INFO:root:Target 213
INFO:root:Edge from ('0xf9da801', 18), to ('0xf9da801', 19) with predicate LT
INFO:root:Target 214
INFO:root:Edge from ('0xf9da801', 39), to ('0xf9da801', 40) with predicate LT
INFO:root:Target 215
INFO:root:Edge from ('0xf9da801', 39), to ('0xf9da801', 48) with predicate LT
INFO:root:Target 216
INFO:root:Edge from ('0xf9da801', 30), to ('0xf9da801', 39) with predicate NONE
INFO:root:Target 217
INFO:root:Edge from ('0xf9da801', 22), to ('0xf9da801', 30) with predicate LT
INFO:root:Target 218
INFO:root:Edge from ('0xf9da801', 31), to ('0xf9da801', 36) with predicate ISZERO
INFO:root:Target 219
INFO:root:Edge from ('0xf9da801', 37), to ('0xf9da801', 41) with predicate LT
INFO:root:Target 220
INFO:root:Edge from ('0xf9da801', 32), to ('0xf9da801', 37) with predicate LT
INFO:root:Target 221
INFO:root:Edge from ('0xf9da801', 31), to ('0xf9da801', 32) with predicate ISZERO
INFO:root:Target 222
INFO:root:Edge from ('0xf9da801', 23), to ('0xf9da801', 31) with predicate LT
INFO:root:Target 223
INFO:root:Edge from ('0xf9da801', 22), to ('0xf9da801', 23) with predicate LT
INFO:root:Target 224
INFO:root:Edge from ('0xf9da801', 21), to ('0xf9da801', 22) with predicate NONE
INFO:root:Target 225
INFO:root:Edge from ('0xf9da801', 18), to ('0xf9da801', 21) with predicate LT
INFO:root:Target 226
INFO:root:Edge from ('0xf9da801', 17), to ('0xf9da801', 18) with predicate NONE
INFO:root:Target 227
INFO:root:Edge from ('0xf9da801', 15), to ('0xf9da801', 17) with predicate ISZERO
INFO:root:Target 228
INFO:root:Edge from ('0xf9da801', 15), to ('0xf9da801', 16) with predicate ISZERO
INFO:root:Target 229
INFO:root:Edge from ('0xf9da801', 11), to ('0xf9da801', 15) with predicate LT
INFO:root:Target 230
INFO:root:Edge from ('_dispatcher', 5), to ('0xf9da801', 11) with predicate EQ
INFO:root:Target 231
INFO:root:Edge from ('0xf9da801', 6), to ('0xf9da801', 10) with predicate LT
INFO:root:Target 232
INFO:root:Edge from ('0xf9da801', 7), to ('0xf9da801', 9) with predicate LT
INFO:root:Target 233
INFO:root:Edge from ('0xf9da801', 6), to ('0xf9da801', 7) with predicate LT
INFO:root:Target 234
INFO:root:Edge from ('0xf9da801', 5), to ('0xf9da801', 6) with predicate NONE
INFO:root:Target 235
INFO:root:Edge from ('0xf9da801', 1), to ('0xf9da801', 5) with predicate ISZERO
INFO:root:Target 236
INFO:root:Edge from ('_dispatcher', 5), to ('0xf9da801', 1) with predicate EQ
INFO:root:Target 237
INFO:root:Edge from ('Shared', 19), to ('0x3294c3cd', 39) with predicate NONE
INFO:root:Target 238
INFO:root:Edge from ('Shared', 19), to ('0xa4502ad', 23) with predicate NONE
INFO:root:Target 239
INFO:root:Edge from ('Shared', 13), to ('Shared', 19) with predicate NONE
INFO:root:Target 240
INFO:root:Edge from ('Shared', 13), to ('0x50bd2aba', 20) with predicate NONE
INFO:root:Target 241
INFO:root:Edge from ('Shared', 9), to ('Shared', 13) with predicate GT
INFO:root:Target 242
INFO:root:Edge from ('Shared', 11), to ('Shared', 16) with predicate GT
INFO:root:Target 243
INFO:root:Edge from ('Shared', 11), to ('Shared', 12) with predicate GT
INFO:root:Target 244
INFO:root:Edge from ('Shared', 10), to ('Shared', 11) with predicate NONE
INFO:root:Target 245
INFO:root:Edge from ('Shared', 9), to ('Shared', 10) with predicate GT
INFO:root:Target 246
INFO:root:Edge from ('_dispatcher', 4), to ('Shared', 9) with predicate EQ
INFO:root:Target 247
INFO:root:Edge from ('Shared', 5), to ('Shared', 8) with predicate EQ
INFO:root:Target 248
INFO:root:Edge from ('Shared', 17), to ('Shared', 20) with predicate LT
INFO:root:Target 249
INFO:root:Edge from ('Shared', 14), to ('Shared', 17) with predicate LT
INFO:root:Target 250
INFO:root:Edge from ('Shared', 6), to ('Shared', 14) with predicate LT
INFO:root:Target 251
INFO:root:Edge from ('Shared', 5), to ('Shared', 6) with predicate EQ
INFO:root:Target 252
INFO:root:Edge from ('Shared', 3), to ('Shared', 5) with predicate LT
INFO:root:Target 253
INFO:root:Edge from ('Shared', 1), to ('Shared', 3) with predicate LT
INFO:root:Target 254
INFO:root:Edge from ('Shared', 1), to ('Shared', 2) with predicate LT
INFO:root:Target 255
INFO:root:Edge from ('_dispatcher', 4), to ('Shared', 1) with predicate EQ
INFO:root:Target 256
INFO:root:Edge from ('_dispatcher', 4), to ('0xa4502ad', 1) with predicate EQ
INFO:root:Deploying and calling smart contracts for the first time...
INFO:root:Reading results...
INFO:root:Updating test distances...
